2026-02-06 09:36:26,517 | INFO | Log file: outputs/primitive_20260206_093626/run.log
2026-02-06 09:36:32,029 | INFO | Dataset[0] adv_beta0.4 params=[0.4000000059604645, 0.0, 0.0] train_pairs=320000 val_pairs=40000 test_pairs=40000 weight=1.0
2026-02-06 09:36:32,030 | INFO | Dataset[1] burgers_nu0.001 params=[0.0, 0.0010000000474974513, 0.0] train_pairs=320000 val_pairs=40000 test_pairs=40000 weight=1.0
2026-02-06 09:36:32,030 | INFO | Dataset[2] diff_sorp params=[0.0, 0.0, 0.0] train_pairs=160000 val_pairs=20000 test_pairs=20000 weight=1.0
2026-02-06 09:36:36,059 | INFO | Stage base: epochs=20 lr=0.001000
2026-02-06 09:40:22,468 | INFO | Val NRMSE (adv_beta0.4): 0.151629
2026-02-06 09:40:38,282 | INFO | Val NRMSE (burgers_nu0.001): 0.122361
2026-02-06 09:40:49,610 | INFO | Val NRMSE (diff_sorp): 0.033269
2026-02-06 09:40:49,611 | INFO | [Stage base | Epoch 1] Train NRMSE: 0.140346, Val NRMSE: 0.116250, Rel Val: 11.618766, time: 248.2s
2026-02-06 09:43:52,710 | INFO | Val NRMSE (adv_beta0.4): 0.056665
2026-02-06 09:44:06,613 | INFO | Val NRMSE (burgers_nu0.001): 0.077935
2026-02-06 09:44:13,570 | INFO | Val NRMSE (diff_sorp): 0.055165
2026-02-06 09:44:13,570 | INFO | [Stage base | Epoch 2] Train NRMSE: 0.072478, Val NRMSE: 0.064873, Rel Val: 11.732415, time: 204.0s
2026-02-06 09:46:39,678 | INFO | Val NRMSE (adv_beta0.4): 0.047261
2026-02-06 09:46:53,382 | INFO | Val NRMSE (burgers_nu0.001): 0.093251
2026-02-06 09:47:00,335 | INFO | Val NRMSE (diff_sorp): 0.031607
2026-02-06 09:47:00,335 | INFO | [Stage base | Epoch 3] Train NRMSE: 0.055481, Val NRMSE: 0.062526, Rel Val: 7.620320, time: 166.8s
2026-02-06 09:49:11,288 | INFO | Val NRMSE (adv_beta0.4): 0.048954
2026-02-06 09:49:24,862 | INFO | Val NRMSE (burgers_nu0.001): 0.064877
2026-02-06 09:49:31,839 | INFO | Val NRMSE (diff_sorp): 0.020047
2026-02-06 09:49:31,840 | INFO | [Stage base | Epoch 4] Train NRMSE: 0.055269, Val NRMSE: 0.049542, Rel Val: 5.513542, time: 151.5s
2026-02-06 09:51:33,162 | INFO | Val NRMSE (adv_beta0.4): 0.065113
2026-02-06 09:51:46,356 | INFO | Val NRMSE (burgers_nu0.001): 0.070713
2026-02-06 09:51:53,301 | INFO | Val NRMSE (diff_sorp): 0.016239
2026-02-06 09:51:53,301 | INFO | [Stage base | Epoch 5] Train NRMSE: 0.047742, Val NRMSE: 0.057578, Rel Val: 5.466162, time: 141.5s
2026-02-06 09:53:43,995 | INFO | Val NRMSE (adv_beta0.4): 0.037776
2026-02-06 09:53:57,872 | INFO | Val NRMSE (burgers_nu0.001): 0.058257
2026-02-06 09:54:04,840 | INFO | Val NRMSE (diff_sorp): 0.020513
2026-02-06 09:54:04,841 | INFO | [Stage base | Epoch 6] Train NRMSE: 0.052843, Val NRMSE: 0.042516, Rel Val: 5.163526, time: 131.5s
2026-02-06 09:55:51,715 | INFO | Val NRMSE (adv_beta0.4): 0.044043
2026-02-06 09:56:05,401 | INFO | Val NRMSE (burgers_nu0.001): 0.061161
2026-02-06 09:56:12,283 | INFO | Val NRMSE (diff_sorp): 0.010324
2026-02-06 09:56:12,283 | INFO | [Stage base | Epoch 7] Train NRMSE: 0.044413, Val NRMSE: 0.044146, Rel Val: 3.698513, time: 127.4s
2026-02-06 09:57:57,963 | INFO | Val NRMSE (adv_beta0.4): 0.047729
2026-02-06 09:58:11,799 | INFO | Val NRMSE (burgers_nu0.001): 0.064252
2026-02-06 09:58:18,631 | INFO | Val NRMSE (diff_sorp): 0.025557
2026-02-06 09:58:18,631 | INFO | [Stage base | Epoch 8] Train NRMSE: 0.040567, Val NRMSE: 0.049904, Rel Val: 6.385914, time: 126.3s
2026-02-06 10:00:02,908 | INFO | Val NRMSE (adv_beta0.4): 0.037715
2026-02-06 10:00:16,395 | INFO | Val NRMSE (burgers_nu0.001): 0.061024
2026-02-06 10:00:23,156 | INFO | Val NRMSE (diff_sorp): 0.009955
2026-02-06 10:00:23,157 | INFO | [Stage base | Epoch 9] Train NRMSE: 0.042165, Val NRMSE: 0.041487, Rel Val: 3.424886, time: 124.5s
2026-02-06 10:02:00,073 | INFO | Val NRMSE (adv_beta0.4): 0.029788
2026-02-06 10:02:13,398 | INFO | Val NRMSE (burgers_nu0.001): 0.069043
2026-02-06 10:02:20,100 | INFO | Val NRMSE (diff_sorp): 0.024333
2026-02-06 10:02:20,101 | INFO | [Stage base | Epoch 10] Train NRMSE: 0.038314, Val NRMSE: 0.044399, Rel Val: 5.623794, time: 116.9s
2026-02-06 10:03:59,550 | INFO | Val NRMSE (adv_beta0.4): 0.027286
2026-02-06 10:04:13,063 | INFO | Val NRMSE (burgers_nu0.001): 0.052688
2026-02-06 10:04:19,819 | INFO | Val NRMSE (diff_sorp): 0.028346
2026-02-06 10:04:19,820 | INFO | [Stage base | Epoch 11] Train NRMSE: 0.037182, Val NRMSE: 0.037659, Rel Val: 6.073002, time: 119.7s
2026-02-06 10:05:54,583 | INFO | Val NRMSE (adv_beta0.4): 0.022714
2026-02-06 10:06:08,291 | INFO | Val NRMSE (burgers_nu0.001): 0.052565
2026-02-06 10:06:15,367 | INFO | Val NRMSE (diff_sorp): 0.015433
2026-02-06 10:06:15,368 | INFO | [Stage base | Epoch 12] Train NRMSE: 0.036094, Val NRMSE: 0.033198, Rel Val: 3.767388, time: 115.5s
2026-02-06 10:07:48,940 | INFO | Val NRMSE (adv_beta0.4): 0.020410
2026-02-06 10:08:02,661 | INFO | Val NRMSE (burgers_nu0.001): 0.047010
2026-02-06 10:08:09,498 | INFO | Val NRMSE (diff_sorp): 0.017417
2026-02-06 10:08:09,499 | INFO | [Stage base | Epoch 13] Train NRMSE: 0.033879, Val NRMSE: 0.030452, Rel Val: 3.975001, time: 114.1s
2026-02-06 10:09:39,566 | INFO | Val NRMSE (adv_beta0.4): 0.026114
2026-02-06 10:09:53,762 | INFO | Val NRMSE (burgers_nu0.001): 0.048417
2026-02-06 10:10:00,701 | INFO | Val NRMSE (diff_sorp): 0.016201
2026-02-06 10:10:00,703 | INFO | [Stage base | Epoch 14] Train NRMSE: 0.035192, Val NRMSE: 0.033053, Rel Val: 3.974172, time: 111.2s
2026-02-06 10:11:38,651 | INFO | Val NRMSE (adv_beta0.4): 0.029159
2026-02-06 10:11:52,498 | INFO | Val NRMSE (burgers_nu0.001): 0.052768
2026-02-06 10:11:59,420 | INFO | Val NRMSE (diff_sorp): 0.014046
2026-02-06 10:11:59,422 | INFO | [Stage base | Epoch 15] Train NRMSE: 0.034120, Val NRMSE: 0.035580, Rel Val: 3.752657, time: 118.7s
2026-02-06 10:13:30,638 | INFO | Val NRMSE (adv_beta0.4): 0.030799
2026-02-06 10:13:44,364 | INFO | Val NRMSE (burgers_nu0.001): 0.054884
2026-02-06 10:13:51,361 | INFO | Val NRMSE (diff_sorp): 0.013048
2026-02-06 10:13:51,362 | INFO | [Stage base | Epoch 16] Train NRMSE: 0.032832, Val NRMSE: 0.036883, Rel Val: 3.658724, time: 111.9s
2026-02-06 10:15:17,545 | INFO | Val NRMSE (adv_beta0.4): 0.026101
2026-02-06 10:15:31,543 | INFO | Val NRMSE (burgers_nu0.001): 0.048765
2026-02-06 10:15:38,639 | INFO | Val NRMSE (diff_sorp): 0.023669
2026-02-06 10:15:38,639 | INFO | [Stage base | Epoch 17] Train NRMSE: 0.029916, Val NRMSE: 0.034680, Rel Val: 5.221302, time: 107.3s
2026-02-06 10:16:58,765 | INFO | Val NRMSE (adv_beta0.4): 0.023017
2026-02-06 10:17:12,521 | INFO | Val NRMSE (burgers_nu0.001): 0.044424
2026-02-06 10:17:19,396 | INFO | Val NRMSE (diff_sorp): 0.016275
2026-02-06 10:17:19,397 | INFO | [Stage base | Epoch 18] Train NRMSE: 0.027968, Val NRMSE: 0.030232, Rel Val: 3.849971, time: 100.8s
2026-02-06 10:18:36,237 | INFO | Val NRMSE (adv_beta0.4): 0.029169
2026-02-06 10:18:49,868 | INFO | Val NRMSE (burgers_nu0.001): 0.050937
2026-02-06 10:18:56,904 | INFO | Val NRMSE (diff_sorp): 0.021109
2026-02-06 10:18:56,904 | INFO | [Stage base | Epoch 19] Train NRMSE: 0.035599, Val NRMSE: 0.036264, Rel Val: 4.914882, time: 97.5s
2026-02-06 10:20:09,780 | INFO | Val NRMSE (adv_beta0.4): 0.023652
2026-02-06 10:20:23,621 | INFO | Val NRMSE (burgers_nu0.001): 0.044827
2026-02-06 10:20:30,762 | INFO | Val NRMSE (diff_sorp): 0.007653
2026-02-06 10:20:30,763 | INFO | [Stage base | Epoch 20] Train NRMSE: 0.029959, Val NRMSE: 0.028922, Rel Val: 2.437494, time: 93.9s
2026-02-06 10:20:30,763 | INFO | Stage residual: epochs=20 lr=0.001000
2026-02-06 10:22:50,137 | INFO | Val NRMSE (adv_beta0.4): 0.057100
2026-02-06 10:23:25,432 | INFO | Val NRMSE (burgers_nu0.001): 0.082161
2026-02-06 10:23:43,220 | INFO | Val NRMSE (diff_sorp): 0.044298
2026-02-06 10:23:43,221 | INFO | [Stage residual | Epoch 21] Train NRMSE: 0.383336, Val NRMSE: 0.064564, Rel Val: 9.970992, time: 192.5s
2026-02-06 10:25:57,838 | INFO | Val NRMSE (adv_beta0.4): 0.040002
2026-02-06 10:26:32,678 | INFO | Val NRMSE (burgers_nu0.001): 0.051417
2026-02-06 10:26:49,739 | INFO | Val NRMSE (diff_sorp): 0.024666
2026-02-06 10:26:49,739 | INFO | [Stage residual | Epoch 22] Train NRMSE: 0.114798, Val NRMSE: 0.041501, Rel Val: 5.872830, time: 185.6s
2026-02-06 10:29:02,829 | INFO | Val NRMSE (adv_beta0.4): 0.058007
2026-02-06 10:29:37,338 | INFO | Val NRMSE (burgers_nu0.001): 0.069898
2026-02-06 10:29:54,541 | INFO | Val NRMSE (diff_sorp): 0.107905
2026-02-06 10:29:54,541 | INFO | [Stage residual | Epoch 23] Train NRMSE: 0.218210, Val NRMSE: 0.072743, Rel Val: 20.500182, time: 184.8s
2026-02-06 10:32:06,648 | INFO | Val NRMSE (adv_beta0.4): 0.030027
2026-02-06 10:32:41,672 | INFO | Val NRMSE (burgers_nu0.001): 0.050412
2026-02-06 10:32:59,014 | INFO | Val NRMSE (diff_sorp): 0.043041
2026-02-06 10:32:59,015 | INFO | [Stage residual | Epoch 24] Train NRMSE: 0.428592, Val NRMSE: 0.040784, Rel Val: 8.594529, time: 184.5s
2026-02-06 10:35:11,929 | INFO | Val NRMSE (adv_beta0.4): 0.022036
2026-02-06 10:35:47,203 | INFO | Val NRMSE (burgers_nu0.001): 0.043474
2026-02-06 10:36:04,651 | INFO | Val NRMSE (diff_sorp): 0.028094
2026-02-06 10:36:04,652 | INFO | [Stage residual | Epoch 25] Train NRMSE: 0.068377, Val NRMSE: 0.031823, Rel Val: 5.779156, time: 185.6s
2026-02-06 10:38:17,233 | INFO | Val NRMSE (adv_beta0.4): 0.027206
2026-02-06 10:38:52,605 | INFO | Val NRMSE (burgers_nu0.001): 0.048530
2026-02-06 10:39:10,172 | INFO | Val NRMSE (diff_sorp): 0.034273
2026-02-06 10:39:10,173 | INFO | [Stage residual | Epoch 26] Train NRMSE: 0.062700, Val NRMSE: 0.037149, Rel Val: 7.023397, time: 185.5s
2026-02-06 10:41:24,414 | INFO | Val NRMSE (adv_beta0.4): 0.040132
2026-02-06 10:41:59,262 | INFO | Val NRMSE (burgers_nu0.001): 0.055810
2026-02-06 10:42:16,588 | INFO | Val NRMSE (diff_sorp): 0.018617
2026-02-06 10:42:16,589 | INFO | [Stage residual | Epoch 27] Train NRMSE: 0.061949, Val NRMSE: 0.042101, Rel Val: 4.905654, time: 186.4s
2026-02-06 10:44:30,668 | INFO | Val NRMSE (adv_beta0.4): 0.027135
2026-02-06 10:45:06,072 | INFO | Val NRMSE (burgers_nu0.001): 0.049586
2026-02-06 10:45:23,739 | INFO | Val NRMSE (diff_sorp): 0.022160
2026-02-06 10:45:23,739 | INFO | [Stage residual | Epoch 28] Train NRMSE: 0.157778, Val NRMSE: 0.035120, Rel Val: 5.011064, time: 187.1s
2026-02-06 10:47:37,717 | INFO | Val NRMSE (adv_beta0.4): 0.020227
2026-02-06 10:48:12,176 | INFO | Val NRMSE (burgers_nu0.001): 0.042124
2026-02-06 10:48:29,818 | INFO | Val NRMSE (diff_sorp): 0.015748
2026-02-06 10:48:29,819 | INFO | [Stage residual | Epoch 29] Train NRMSE: 0.060386, Val NRMSE: 0.028090, Rel Val: 3.649949, time: 186.1s
2026-02-06 10:50:42,816 | INFO | Val NRMSE (adv_beta0.4): 0.068526
2026-02-06 10:51:19,237 | INFO | Val NRMSE (burgers_nu0.001): 0.067437
2026-02-06 10:51:36,205 | INFO | Val NRMSE (diff_sorp): 0.041633
2026-02-06 10:51:36,206 | INFO | [Stage residual | Epoch 30] Train NRMSE: 0.065422, Val NRMSE: 0.062712, Rel Val: 9.785030, time: 186.3s
2026-02-06 10:53:49,945 | INFO | Val NRMSE (adv_beta0.4): 0.016403
2026-02-06 10:54:25,000 | INFO | Val NRMSE (burgers_nu0.001): 0.041022
2026-02-06 10:54:42,627 | INFO | Val NRMSE (diff_sorp): 0.016209
2026-02-06 10:54:42,627 | INFO | [Stage residual | Epoch 31] Train NRMSE: 0.088017, Val NRMSE: 0.026212, Rel Val: 3.590186, time: 186.4s
2026-02-06 10:56:53,033 | INFO | Val NRMSE (adv_beta0.4): 0.024399
2026-02-06 10:57:29,186 | INFO | Val NRMSE (burgers_nu0.001): 0.043647
2026-02-06 10:57:46,733 | INFO | Val NRMSE (diff_sorp): 0.015982
2026-02-06 10:57:46,734 | INFO | [Stage residual | Epoch 32] Train NRMSE: 0.057324, Val NRMSE: 0.030415, Rel Val: 3.840618, time: 184.1s
2026-02-06 10:59:57,708 | INFO | Val NRMSE (adv_beta0.4): 0.023010
2026-02-06 11:00:32,907 | INFO | Val NRMSE (burgers_nu0.001): 0.045562
2026-02-06 11:00:50,494 | INFO | Val NRMSE (diff_sorp): 0.023528
2026-02-06 11:00:50,495 | INFO | [Stage residual | Epoch 33] Train NRMSE: 0.061029, Val NRMSE: 0.032134, Rel Val: 5.068057, time: 183.8s
2026-02-06 11:03:01,163 | INFO | Val NRMSE (adv_beta0.4): 0.016631
2026-02-06 11:03:36,279 | INFO | Val NRMSE (burgers_nu0.001): 0.040794
2026-02-06 11:03:53,760 | INFO | Val NRMSE (diff_sorp): 0.012733
2026-02-06 11:03:53,761 | INFO | [Stage residual | Epoch 34] Train NRMSE: 0.055554, Val NRMSE: 0.025517, Rel Val: 3.016436, time: 183.3s
2026-02-06 11:06:03,434 | INFO | Val NRMSE (adv_beta0.4): 0.022304
2026-02-06 11:06:38,536 | INFO | Val NRMSE (burgers_nu0.001): 0.041335
2026-02-06 11:06:55,773 | INFO | Val NRMSE (diff_sorp): 0.008621
2026-02-06 11:06:55,773 | INFO | [Stage residual | Epoch 35] Train NRMSE: 0.061377, Val NRMSE: 0.027180, Rel Val: 2.524728, time: 182.0s
2026-02-06 11:09:05,532 | INFO | Val NRMSE (adv_beta0.4): 0.043517
2026-02-06 11:09:40,127 | INFO | Val NRMSE (burgers_nu0.001): 0.051226
2026-02-06 11:09:57,287 | INFO | Val NRMSE (diff_sorp): 0.027105
2026-02-06 11:09:57,287 | INFO | [Stage residual | Epoch 36] Train NRMSE: 0.059696, Val NRMSE: 0.043318, Rel Val: 6.394913, time: 181.5s
2026-02-06 11:12:08,533 | INFO | Val NRMSE (adv_beta0.4): 0.021555
2026-02-06 11:12:43,503 | INFO | Val NRMSE (burgers_nu0.001): 0.050998
2026-02-06 11:13:00,885 | INFO | Val NRMSE (diff_sorp): 0.037683
2026-02-06 11:13:00,885 | INFO | [Stage residual | Epoch 37] Train NRMSE: 0.057683, Val NRMSE: 0.036558, Rel Val: 7.423919, time: 183.6s
2026-02-06 11:15:10,249 | INFO | Val NRMSE (adv_beta0.4): 0.019015
2026-02-06 11:15:45,060 | INFO | Val NRMSE (burgers_nu0.001): 0.041763
2026-02-06 11:16:02,453 | INFO | Val NRMSE (diff_sorp): 0.036964
2026-02-06 11:16:02,454 | INFO | [Stage residual | Epoch 38] Train NRMSE: 0.055823, Val NRMSE: 0.031704, Rel Val: 7.142509, time: 181.6s
2026-02-06 11:18:12,764 | INFO | Val NRMSE (adv_beta0.4): 0.016631
2026-02-06 11:18:47,304 | INFO | Val NRMSE (burgers_nu0.001): 0.044509
2026-02-06 11:19:04,595 | INFO | Val NRMSE (diff_sorp): 0.015875
2026-02-06 11:19:04,596 | INFO | [Stage residual | Epoch 39] Train NRMSE: 0.058499, Val NRMSE: 0.027631, Rel Val: 3.571051, time: 182.1s
2026-02-06 11:21:15,997 | INFO | Val NRMSE (adv_beta0.4): 0.022550
2026-02-06 11:21:51,173 | INFO | Val NRMSE (burgers_nu0.001): 0.042995
2026-02-06 11:22:08,609 | INFO | Val NRMSE (diff_sorp): 0.038943
2026-02-06 11:22:08,610 | INFO | [Stage residual | Epoch 40] Train NRMSE: 0.057817, Val NRMSE: 0.034007, Rel Val: 7.600428, time: 184.0s
2026-02-06 11:22:08,610 | INFO | Stage joint: epochs=10 lr=0.000300
2026-02-06 11:24:25,126 | INFO | Val NRMSE (adv_beta0.4): 0.016592
2026-02-06 11:24:59,791 | INFO | Val NRMSE (burgers_nu0.001): 0.036150
2026-02-06 11:25:17,045 | INFO | Val NRMSE (diff_sorp): 0.004448
2026-02-06 11:25:17,046 | INFO | [Stage joint | Epoch 41] Train NRMSE: 0.050128, Val NRMSE: 0.021986, Rel Val: 1.595653, time: 188.4s
2026-02-06 11:27:32,359 | INFO | Val NRMSE (adv_beta0.4): 0.019692
2026-02-06 11:28:07,213 | INFO | Val NRMSE (burgers_nu0.001): 0.038512
2026-02-06 11:28:24,616 | INFO | Val NRMSE (diff_sorp): 0.006599
2026-02-06 11:28:24,616 | INFO | [Stage joint | Epoch 42] Train NRMSE: 0.050768, Val NRMSE: 0.024602, Rel Val: 2.077173, time: 187.5s
2026-02-06 11:30:41,609 | INFO | Val NRMSE (adv_beta0.4): 0.012743
2026-02-06 11:31:16,248 | INFO | Val NRMSE (burgers_nu0.001): 0.036177
2026-02-06 11:31:33,553 | INFO | Val NRMSE (diff_sorp): 0.008029
2026-02-06 11:31:33,553 | INFO | [Stage joint | Epoch 43] Train NRMSE: 0.050020, Val NRMSE: 0.021174, Rel Val: 2.064468, time: 188.9s
2026-02-06 11:33:51,883 | INFO | Val NRMSE (adv_beta0.4): 0.012529
2026-02-06 11:34:27,204 | INFO | Val NRMSE (burgers_nu0.001): 0.033712
2026-02-06 11:34:44,549 | INFO | Val NRMSE (diff_sorp): 0.006933
2026-02-06 11:34:44,549 | INFO | [Stage joint | Epoch 44] Train NRMSE: 0.047633, Val NRMSE: 0.019883, Rel Val: 1.854065, time: 191.0s
2026-02-06 11:37:03,157 | INFO | Val NRMSE (adv_beta0.4): 0.028695
2026-02-06 11:37:38,135 | INFO | Val NRMSE (burgers_nu0.001): 0.041621
2026-02-06 11:37:55,500 | INFO | Val NRMSE (diff_sorp): 0.007393
2026-02-06 11:37:55,501 | INFO | [Stage joint | Epoch 45] Train NRMSE: 0.049009, Val NRMSE: 0.029605, Rel Val: 2.535524, time: 191.0s
2026-02-06 11:40:13,102 | INFO | Val NRMSE (adv_beta0.4): 0.014758
2026-02-06 11:40:48,347 | INFO | Val NRMSE (burgers_nu0.001): 0.034114
2026-02-06 11:41:05,973 | INFO | Val NRMSE (diff_sorp): 0.007111
2026-02-06 11:41:05,974 | INFO | [Stage joint | Epoch 46] Train NRMSE: 0.048628, Val NRMSE: 0.020971, Rel Val: 1.961310, time: 190.5s
2026-02-06 11:43:25,330 | INFO | Val NRMSE (adv_beta0.4): 0.016420
2026-02-06 11:44:00,906 | INFO | Val NRMSE (burgers_nu0.001): 0.034161
2026-02-06 11:44:18,233 | INFO | Val NRMSE (diff_sorp): 0.006589
2026-02-06 11:44:18,233 | INFO | [Stage joint | Epoch 47] Train NRMSE: 0.048112, Val NRMSE: 0.021550, Rel Val: 1.930088, time: 192.3s
2026-02-06 11:46:35,621 | INFO | Val NRMSE (adv_beta0.4): 0.019667
2026-02-06 11:47:10,860 | INFO | Val NRMSE (burgers_nu0.001): 0.038807
2026-02-06 11:47:28,434 | INFO | Val NRMSE (diff_sorp): 0.006809
2026-02-06 11:47:28,435 | INFO | [Stage joint | Epoch 48] Train NRMSE: 0.049171, Val NRMSE: 0.024752, Rel Val: 2.113765, time: 190.2s
2026-02-06 11:49:44,832 | INFO | Val NRMSE (adv_beta0.4): 0.011838
2026-02-06 11:50:20,004 | INFO | Val NRMSE (burgers_nu0.001): 0.033985
2026-02-06 11:50:37,767 | INFO | Val NRMSE (diff_sorp): 0.009189
2026-02-06 11:50:37,768 | INFO | [Stage joint | Epoch 49] Train NRMSE: 0.048884, Val NRMSE: 0.020167, Rel Val: 2.209315, time: 189.3s
2026-02-06 11:52:52,594 | INFO | Val NRMSE (adv_beta0.4): 0.025287
2026-02-06 11:53:26,893 | INFO | Val NRMSE (burgers_nu0.001): 0.041593
2026-02-06 11:53:44,043 | INFO | Val NRMSE (diff_sorp): 0.016901
2026-02-06 11:53:44,043 | INFO | [Stage joint | Epoch 50] Train NRMSE: 0.048523, Val NRMSE: 0.030132, Rel Val: 4.006360, time: 186.3s
2026-02-06 11:53:45,401 | INFO | Composite training complete. Model saved to: outputs/primitive_20260206_093626/primitive_model.pt
2026-02-06 11:54:02,656 | INFO | Log file: /home/lgz/workspace/MVP/outputs/primitive_20260206_093626/run.log
2026-02-06 11:56:06,747 | INFO | [ID] One-step NRMSE avg: 0.328688
2026-02-06 11:56:06,748 | INFO | [ID] One-step NRMSE adv_beta0.4: 0.284200
2026-02-06 11:56:06,748 | INFO | [ID] One-step NRMSE burgers_nu0.001: 0.292404
2026-02-06 11:56:06,748 | INFO | [ID] One-step NRMSE diff_sorp: 0.490233
2026-02-06 11:57:28,130 | INFO | [OOD_PARAM] One-step NRMSE avg: 0.553030
2026-02-06 11:57:28,130 | INFO | [OOD_PARAM] One-step NRMSE adv_beta1.0: 0.428825
2026-02-06 11:57:28,131 | INFO | [OOD_PARAM] One-step NRMSE burgers_nu1: 0.677234
2026-02-06 11:59:08,544 | INFO | [OOD_EQUATION] One-step NRMSE avg: 0.256566
2026-02-06 11:59:08,544 | INFO | [OOD_EQUATION] One-step NRMSE reacdiff_rho1: 0.258603
2026-02-06 11:59:08,544 | INFO | [OOD_EQUATION] One-step NRMSE reacdiff_rho5: 0.265664
2026-02-06 11:59:08,545 | INFO | [OOD_EQUATION] One-step NRMSE reacdiff_rho10: 0.245432
2026-02-06 11:59:08,545 | INFO | Evaluation complete. Plots in /home/lgz/workspace/MVP/outputs/primitive_20260206_093626/plots/eval
