2026-01-18 20:26:29,956 | INFO | Log file: outputs/primitive_20260118_202629/run.log
2026-01-18 21:08:16,771 | INFO | Dataset[0] adv_beta0.4 params=[0.4000000059604645, 0.0, 0.0] train_pairs=320000 val_pairs=40000 test_pairs=40000 weight=1.0
2026-01-18 21:08:16,791 | INFO | Dataset[1] burgers_nu0.001 params=[0.0, 0.0010000000474974513, 0.0] train_pairs=320000 val_pairs=40000 test_pairs=40000 weight=1.0
2026-01-18 21:08:16,791 | INFO | Dataset[2] diff_sorp params=[0.0, 0.0, 0.0] train_pairs=160000 val_pairs=20000 test_pairs=20000 weight=1.0
2026-01-18 21:12:28,693 | INFO | Val NRMSE (adv_beta0.4): 0.072503
2026-01-18 21:12:55,367 | INFO | Val NRMSE (burgers_nu0.001): 0.119811
2026-01-18 21:13:20,308 | INFO | Val NRMSE (diff_sorp): 0.020855
2026-01-18 21:13:20,309 | INFO | [Epoch 1] Train NRMSE: 0.116723, Val NRMSE: 0.081097
2026-01-18 21:15:24,623 | INFO | Val NRMSE (adv_beta0.4): 0.038845
2026-01-18 21:15:49,195 | INFO | Val NRMSE (burgers_nu0.001): 0.084605
2026-01-18 21:16:01,399 | INFO | Val NRMSE (diff_sorp): 0.014381
2026-01-18 21:16:01,399 | INFO | [Epoch 2] Train NRMSE: 0.056546, Val NRMSE: 0.052256
2026-01-18 21:18:04,199 | INFO | Val NRMSE (adv_beta0.4): 0.029719
2026-01-18 21:18:28,834 | INFO | Val NRMSE (burgers_nu0.001): 0.084198
2026-01-18 21:18:41,254 | INFO | Val NRMSE (diff_sorp): 0.006684
2026-01-18 21:18:41,255 | INFO | [Epoch 3] Train NRMSE: 0.043233, Val NRMSE: 0.046904
2026-01-18 21:20:42,108 | INFO | Val NRMSE (adv_beta0.4): 0.025784
2026-01-18 21:21:07,070 | INFO | Val NRMSE (burgers_nu0.001): 0.077724
2026-01-18 21:21:19,454 | INFO | Val NRMSE (diff_sorp): 0.006210
2026-01-18 21:21:19,455 | INFO | [Epoch 4] Train NRMSE: 0.042502, Val NRMSE: 0.042645
2026-01-18 21:23:10,672 | INFO | Val NRMSE (adv_beta0.4): 0.023270
2026-01-18 21:23:35,263 | INFO | Val NRMSE (burgers_nu0.001): 0.066312
2026-01-18 21:23:47,522 | INFO | Val NRMSE (diff_sorp): 0.003339
2026-01-18 21:23:47,523 | INFO | [Epoch 5] Train NRMSE: 0.036947, Val NRMSE: 0.036501
2026-01-18 21:25:28,505 | INFO | Val NRMSE (adv_beta0.4): 0.025356
2026-01-18 21:25:49,260 | INFO | Val NRMSE (burgers_nu0.001): 0.062349
2026-01-18 21:26:00,762 | INFO | Val NRMSE (diff_sorp): 0.005415
2026-01-18 21:26:00,762 | INFO | [Epoch 6] Train NRMSE: 0.031183, Val NRMSE: 0.036165
2026-01-18 21:27:39,401 | INFO | Val NRMSE (adv_beta0.4): 0.017586
2026-01-18 21:28:00,366 | INFO | Val NRMSE (burgers_nu0.001): 0.060938
2026-01-18 21:28:11,954 | INFO | Val NRMSE (diff_sorp): 0.003526
2026-01-18 21:28:11,954 | INFO | [Epoch 7] Train NRMSE: 0.029615, Val NRMSE: 0.032115
2026-01-18 21:29:45,041 | INFO | Val NRMSE (adv_beta0.4): 0.023416
2026-01-18 21:30:05,756 | INFO | Val NRMSE (burgers_nu0.001): 0.058633
2026-01-18 21:30:16,872 | INFO | Val NRMSE (diff_sorp): 0.005876
2026-01-18 21:30:16,872 | INFO | [Epoch 8] Train NRMSE: 0.028271, Val NRMSE: 0.033995
2026-01-18 21:31:45,110 | INFO | Val NRMSE (adv_beta0.4): 0.016886
2026-01-18 21:32:05,947 | INFO | Val NRMSE (burgers_nu0.001): 0.063321
2026-01-18 21:32:18,386 | INFO | Val NRMSE (diff_sorp): 0.003009
2026-01-18 21:32:18,386 | INFO | [Epoch 9] Train NRMSE: 0.028370, Val NRMSE: 0.032685
2026-01-18 21:33:44,288 | INFO | Val NRMSE (adv_beta0.4): 0.016807
2026-01-18 21:34:04,993 | INFO | Val NRMSE (burgers_nu0.001): 0.058148
2026-01-18 21:34:16,396 | INFO | Val NRMSE (diff_sorp): 0.004507
2026-01-18 21:34:16,396 | INFO | [Epoch 10] Train NRMSE: 0.025818, Val NRMSE: 0.030884
2026-01-18 21:35:39,567 | INFO | Val NRMSE (adv_beta0.4): 0.016743
2026-01-18 21:36:00,604 | INFO | Val NRMSE (burgers_nu0.001): 0.060410
2026-01-18 21:36:13,531 | INFO | Val NRMSE (diff_sorp): 0.005038
2026-01-18 21:36:13,531 | INFO | [Epoch 11] Train NRMSE: 0.027061, Val NRMSE: 0.031869
2026-01-18 21:37:37,122 | INFO | Val NRMSE (adv_beta0.4): 0.015838
2026-01-18 21:37:57,607 | INFO | Val NRMSE (burgers_nu0.001): 0.057528
2026-01-18 21:38:10,921 | INFO | Val NRMSE (diff_sorp): 0.005372
2026-01-18 21:38:10,921 | INFO | [Epoch 12] Train NRMSE: 0.025937, Val NRMSE: 0.030421
2026-01-18 21:39:33,143 | INFO | Val NRMSE (adv_beta0.4): 0.015927
2026-01-18 21:39:54,680 | INFO | Val NRMSE (burgers_nu0.001): 0.064781
2026-01-18 21:40:08,219 | INFO | Val NRMSE (diff_sorp): 0.003326
2026-01-18 21:40:08,220 | INFO | [Epoch 13] Train NRMSE: 0.025130, Val NRMSE: 0.032948
2026-01-18 21:41:29,024 | INFO | Val NRMSE (adv_beta0.4): 0.022581
2026-01-18 21:41:49,772 | INFO | Val NRMSE (burgers_nu0.001): 0.059292
2026-01-18 21:42:02,587 | INFO | Val NRMSE (diff_sorp): 0.005456
2026-01-18 21:42:02,587 | INFO | [Epoch 14] Train NRMSE: 0.027377, Val NRMSE: 0.033841
2026-01-18 21:43:22,000 | INFO | Val NRMSE (adv_beta0.4): 0.013626
2026-01-18 21:43:42,695 | INFO | Val NRMSE (burgers_nu0.001): 0.058468
2026-01-18 21:43:55,149 | INFO | Val NRMSE (diff_sorp): 0.002779
2026-01-18 21:43:55,150 | INFO | [Epoch 15] Train NRMSE: 0.026395, Val NRMSE: 0.029393
2026-01-18 21:45:14,505 | INFO | Val NRMSE (adv_beta0.4): 0.015527
2026-01-18 21:45:35,626 | INFO | Val NRMSE (burgers_nu0.001): 0.052082
2026-01-18 21:45:46,041 | INFO | Val NRMSE (diff_sorp): 0.004235
2026-01-18 21:45:46,042 | INFO | [Epoch 16] Train NRMSE: 0.025248, Val NRMSE: 0.027891
2026-01-18 21:47:01,992 | INFO | Val NRMSE (adv_beta0.4): 0.014739
2026-01-18 21:47:22,803 | INFO | Val NRMSE (burgers_nu0.001): 0.053663
2026-01-18 21:47:33,197 | INFO | Val NRMSE (diff_sorp): 0.002302
2026-01-18 21:47:33,197 | INFO | [Epoch 17] Train NRMSE: 0.022875, Val NRMSE: 0.027821
2026-01-18 21:48:48,920 | INFO | Val NRMSE (adv_beta0.4): 0.013501
2026-01-18 21:49:10,436 | INFO | Val NRMSE (burgers_nu0.001): 0.056049
2026-01-18 21:49:20,166 | INFO | Val NRMSE (diff_sorp): 0.003471
2026-01-18 21:49:20,166 | INFO | [Epoch 18] Train NRMSE: 0.022774, Val NRMSE: 0.028514
2026-01-18 21:50:35,194 | INFO | Val NRMSE (adv_beta0.4): 0.013262
2026-01-18 21:50:56,011 | INFO | Val NRMSE (burgers_nu0.001): 0.052282
2026-01-18 21:51:08,098 | INFO | Val NRMSE (diff_sorp): 0.002701
2026-01-18 21:51:08,098 | INFO | [Epoch 19] Train NRMSE: 0.024236, Val NRMSE: 0.026758
2026-01-18 21:52:26,203 | INFO | Val NRMSE (adv_beta0.4): 0.015851
2026-01-18 21:52:47,467 | INFO | Val NRMSE (burgers_nu0.001): 0.055649
2026-01-18 21:53:00,400 | INFO | Val NRMSE (diff_sorp): 0.002196
2026-01-18 21:53:00,401 | INFO | [Epoch 20] Train NRMSE: 0.023792, Val NRMSE: 0.029039
2026-01-18 21:54:18,189 | INFO | Val NRMSE (adv_beta0.4): 0.012573
2026-01-18 21:54:39,905 | INFO | Val NRMSE (burgers_nu0.001): 0.056124
2026-01-18 21:54:52,972 | INFO | Val NRMSE (diff_sorp): 0.003040
2026-01-18 21:54:52,972 | INFO | [Epoch 21] Train NRMSE: 0.022790, Val NRMSE: 0.028087
2026-01-18 21:56:10,123 | INFO | Val NRMSE (adv_beta0.4): 0.018081
2026-01-18 21:56:31,402 | INFO | Val NRMSE (burgers_nu0.001): 0.052656
2026-01-18 21:56:43,969 | INFO | Val NRMSE (diff_sorp): 0.003117
2026-01-18 21:56:43,969 | INFO | [Epoch 22] Train NRMSE: 0.024422, Val NRMSE: 0.028918
2026-01-18 21:58:02,583 | INFO | Val NRMSE (adv_beta0.4): 0.011497
2026-01-18 21:58:23,747 | INFO | Val NRMSE (burgers_nu0.001): 0.049349
2026-01-18 21:58:36,618 | INFO | Val NRMSE (diff_sorp): 0.002875
2026-01-18 21:58:36,618 | INFO | [Epoch 23] Train NRMSE: 0.024035, Val NRMSE: 0.024914
2026-01-18 21:59:54,392 | INFO | Val NRMSE (adv_beta0.4): 0.015072
2026-01-18 22:00:15,419 | INFO | Val NRMSE (burgers_nu0.001): 0.052927
2026-01-18 22:00:28,443 | INFO | Val NRMSE (diff_sorp): 0.003136
2026-01-18 22:00:28,443 | INFO | [Epoch 24] Train NRMSE: 0.023521, Val NRMSE: 0.027827
2026-01-18 22:01:44,287 | INFO | Val NRMSE (adv_beta0.4): 0.011487
2026-01-18 22:02:05,037 | INFO | Val NRMSE (burgers_nu0.001): 0.054359
2026-01-18 22:02:16,822 | INFO | Val NRMSE (diff_sorp): 0.002158
2026-01-18 22:02:16,823 | INFO | [Epoch 25] Train NRMSE: 0.022642, Val NRMSE: 0.026770
2026-01-18 22:03:35,304 | INFO | Val NRMSE (adv_beta0.4): 0.022620
2026-01-18 22:03:56,523 | INFO | Val NRMSE (burgers_nu0.001): 0.052359
2026-01-18 22:04:09,001 | INFO | Val NRMSE (diff_sorp): 0.009113
2026-01-18 22:04:09,002 | INFO | [Epoch 26] Train NRMSE: 0.021764, Val NRMSE: 0.031815
2026-01-18 22:05:25,734 | INFO | Val NRMSE (adv_beta0.4): 0.012946
2026-01-18 22:05:47,296 | INFO | Val NRMSE (burgers_nu0.001): 0.051474
2026-01-18 22:05:57,431 | INFO | Val NRMSE (diff_sorp): 0.002283
2026-01-18 22:05:57,431 | INFO | [Epoch 27] Train NRMSE: 0.022742, Val NRMSE: 0.026225
2026-01-18 22:07:14,292 | INFO | Val NRMSE (adv_beta0.4): 0.013461
2026-01-18 22:07:35,545 | INFO | Val NRMSE (burgers_nu0.001): 0.048826
2026-01-18 22:07:46,653 | INFO | Val NRMSE (diff_sorp): 0.003406
2026-01-18 22:07:46,653 | INFO | [Epoch 28] Train NRMSE: 0.020973, Val NRMSE: 0.025596
2026-01-18 22:09:04,764 | INFO | Val NRMSE (adv_beta0.4): 0.011810
2026-01-18 22:09:26,176 | INFO | Val NRMSE (burgers_nu0.001): 0.051146
2026-01-18 22:09:37,489 | INFO | Val NRMSE (diff_sorp): 0.002524
2026-01-18 22:09:37,490 | INFO | [Epoch 29] Train NRMSE: 0.021532, Val NRMSE: 0.025688
2026-01-18 22:10:55,004 | INFO | Val NRMSE (adv_beta0.4): 0.013862
2026-01-18 22:11:16,441 | INFO | Val NRMSE (burgers_nu0.001): 0.047619
2026-01-18 22:11:26,037 | INFO | Val NRMSE (diff_sorp): 0.003396
2026-01-18 22:11:26,037 | INFO | [Epoch 30] Train NRMSE: 0.021395, Val NRMSE: 0.025272
2026-01-18 22:12:39,863 | INFO | Val NRMSE (adv_beta0.4): 0.011135
2026-01-18 22:13:01,933 | INFO | Val NRMSE (burgers_nu0.001): 0.047715
2026-01-18 22:13:13,861 | INFO | Val NRMSE (diff_sorp): 0.002346
2026-01-18 22:13:13,862 | INFO | [Epoch 31] Train NRMSE: 0.020176, Val NRMSE: 0.024009
2026-01-18 22:14:29,969 | INFO | Val NRMSE (adv_beta0.4): 0.012297
2026-01-18 22:14:51,581 | INFO | Val NRMSE (burgers_nu0.001): 0.047694
2026-01-18 22:15:02,772 | INFO | Val NRMSE (diff_sorp): 0.003058
2026-01-18 22:15:02,772 | INFO | [Epoch 32] Train NRMSE: 0.022410, Val NRMSE: 0.024608
2026-01-18 22:16:19,155 | INFO | Val NRMSE (adv_beta0.4): 0.014204
2026-01-18 22:16:40,424 | INFO | Val NRMSE (burgers_nu0.001): 0.049752
2026-01-18 22:16:51,767 | INFO | Val NRMSE (diff_sorp): 0.003627
2026-01-18 22:16:51,767 | INFO | [Epoch 33] Train NRMSE: 0.021614, Val NRMSE: 0.026308
2026-01-18 22:18:06,861 | INFO | Val NRMSE (adv_beta0.4): 0.011541
2026-01-18 22:18:27,923 | INFO | Val NRMSE (burgers_nu0.001): 0.047269
2026-01-18 22:18:40,241 | INFO | Val NRMSE (diff_sorp): 0.002680
2026-01-18 22:18:40,241 | INFO | [Epoch 34] Train NRMSE: 0.020871, Val NRMSE: 0.024060
2026-01-18 22:19:56,991 | INFO | Val NRMSE (adv_beta0.4): 0.015746
2026-01-18 22:20:19,639 | INFO | Val NRMSE (burgers_nu0.001): 0.053216
2026-01-18 22:20:32,355 | INFO | Val NRMSE (diff_sorp): 0.002917
2026-01-18 22:20:32,356 | INFO | [Epoch 35] Train NRMSE: 0.020743, Val NRMSE: 0.028168
2026-01-18 22:21:48,398 | INFO | Val NRMSE (adv_beta0.4): 0.011874
2026-01-18 22:22:10,672 | INFO | Val NRMSE (burgers_nu0.001): 0.048128
2026-01-18 22:22:21,633 | INFO | Val NRMSE (diff_sorp): 0.002921
2026-01-18 22:22:21,634 | INFO | [Epoch 36] Train NRMSE: 0.022417, Val NRMSE: 0.024585
2026-01-18 22:23:38,562 | INFO | Val NRMSE (adv_beta0.4): 0.010057
2026-01-18 22:24:00,034 | INFO | Val NRMSE (burgers_nu0.001): 0.050426
2026-01-18 22:24:11,629 | INFO | Val NRMSE (diff_sorp): 0.007048
2026-01-18 22:24:11,630 | INFO | [Epoch 37] Train NRMSE: 0.021626, Val NRMSE: 0.025603
2026-01-18 22:25:27,626 | INFO | Val NRMSE (adv_beta0.4): 0.016721
2026-01-18 22:25:49,733 | INFO | Val NRMSE (burgers_nu0.001): 0.048115
2026-01-18 22:26:01,049 | INFO | Val NRMSE (diff_sorp): 0.003054
2026-01-18 22:26:01,050 | INFO | [Epoch 38] Train NRMSE: 0.022717, Val NRMSE: 0.026545
2026-01-18 22:27:18,486 | INFO | Val NRMSE (adv_beta0.4): 0.012616
2026-01-18 22:27:40,602 | INFO | Val NRMSE (burgers_nu0.001): 0.051299
2026-01-18 22:27:51,936 | INFO | Val NRMSE (diff_sorp): 0.003063
2026-01-18 22:27:51,936 | INFO | [Epoch 39] Train NRMSE: 0.023578, Val NRMSE: 0.026179
2026-01-18 22:29:07,335 | INFO | Val NRMSE (adv_beta0.4): 0.010750
2026-01-18 22:29:28,994 | INFO | Val NRMSE (burgers_nu0.001): 0.049645
2026-01-18 22:29:40,390 | INFO | Val NRMSE (diff_sorp): 0.005147
2026-01-18 22:29:40,391 | INFO | [Epoch 40] Train NRMSE: 0.021672, Val NRMSE: 0.025187
2026-01-18 22:30:56,616 | INFO | Val NRMSE (adv_beta0.4): 0.016363
2026-01-18 22:31:19,189 | INFO | Val NRMSE (burgers_nu0.001): 0.051269
2026-01-18 22:31:30,820 | INFO | Val NRMSE (diff_sorp): 0.002656
2026-01-18 22:31:30,821 | INFO | [Epoch 41] Train NRMSE: 0.021452, Val NRMSE: 0.027584
2026-01-18 22:32:48,361 | INFO | Val NRMSE (adv_beta0.4): 0.012834
2026-01-18 22:33:10,956 | INFO | Val NRMSE (burgers_nu0.001): 0.051595
2026-01-18 22:33:20,999 | INFO | Val NRMSE (diff_sorp): 0.003199
2026-01-18 22:33:20,999 | INFO | [Epoch 42] Train NRMSE: 0.022008, Val NRMSE: 0.026412
2026-01-18 22:34:33,134 | INFO | Val NRMSE (adv_beta0.4): 0.010214
2026-01-18 22:34:55,035 | INFO | Val NRMSE (burgers_nu0.001): 0.048029
2026-01-18 22:35:05,552 | INFO | Val NRMSE (diff_sorp): 0.002695
2026-01-18 22:35:05,552 | INFO | [Epoch 43] Train NRMSE: 0.019127, Val NRMSE: 0.023836
2026-01-18 22:36:20,750 | INFO | Val NRMSE (adv_beta0.4): 0.011030
2026-01-18 22:36:42,987 | INFO | Val NRMSE (burgers_nu0.001): 0.044752
2026-01-18 22:36:52,826 | INFO | Val NRMSE (diff_sorp): 0.002109
2026-01-18 22:36:52,826 | INFO | [Epoch 44] Train NRMSE: 0.021304, Val NRMSE: 0.022735
2026-01-18 22:38:06,096 | INFO | Val NRMSE (adv_beta0.4): 0.023812
2026-01-18 22:38:27,903 | INFO | Val NRMSE (burgers_nu0.001): 0.048507
2026-01-18 22:38:39,276 | INFO | Val NRMSE (diff_sorp): 0.005599
2026-01-18 22:38:39,276 | INFO | [Epoch 45] Train NRMSE: 0.019715, Val NRMSE: 0.030047
2026-01-18 22:39:54,101 | INFO | Val NRMSE (adv_beta0.4): 0.009998
2026-01-18 22:40:16,796 | INFO | Val NRMSE (burgers_nu0.001): 0.051090
2026-01-18 22:40:28,618 | INFO | Val NRMSE (diff_sorp): 0.002411
2026-01-18 22:40:28,618 | INFO | [Epoch 46] Train NRMSE: 0.021175, Val NRMSE: 0.024917
2026-01-18 22:41:44,848 | INFO | Val NRMSE (adv_beta0.4): 0.021412
2026-01-18 22:42:08,345 | INFO | Val NRMSE (burgers_nu0.001): 0.050076
2026-01-18 22:42:18,748 | INFO | Val NRMSE (diff_sorp): 0.005443
2026-01-18 22:42:18,749 | INFO | [Epoch 47] Train NRMSE: 0.020564, Val NRMSE: 0.029684
2026-01-18 22:43:35,089 | INFO | Val NRMSE (adv_beta0.4): 0.013184
2026-01-18 22:43:58,678 | INFO | Val NRMSE (burgers_nu0.001): 0.050337
2026-01-18 22:44:10,664 | INFO | Val NRMSE (diff_sorp): 0.003048
2026-01-18 22:44:10,665 | INFO | [Epoch 48] Train NRMSE: 0.020569, Val NRMSE: 0.026018
2026-01-18 22:45:28,138 | INFO | Val NRMSE (adv_beta0.4): 0.010810
2026-01-18 22:45:49,859 | INFO | Val NRMSE (burgers_nu0.001): 0.046117
2026-01-18 22:46:01,123 | INFO | Val NRMSE (diff_sorp): 0.002992
2026-01-18 22:46:01,123 | INFO | [Epoch 49] Train NRMSE: 0.021565, Val NRMSE: 0.023369
2026-01-18 22:47:20,640 | INFO | Val NRMSE (adv_beta0.4): 0.013684
2026-01-18 22:47:42,336 | INFO | Val NRMSE (burgers_nu0.001): 0.048362
2026-01-18 22:47:53,124 | INFO | Val NRMSE (diff_sorp): 0.002884
2026-01-18 22:47:53,125 | INFO | [Epoch 50] Train NRMSE: 0.024300, Val NRMSE: 0.025395
2026-01-18 22:47:54,736 | INFO | Primitive training complete. Model saved to: outputs/primitive_20260118_202629/primitive_model.pt
2026-01-18 22:48:18,033 | INFO | Log file: /home/lgz/workspace/MVP/outputs/primitive_20260118_202629/run.log
2026-01-18 22:50:08,631 | INFO | [ID] One-step NRMSE avg: 0.022690
2026-01-18 22:50:08,631 | INFO | [ID] One-step NRMSE adv_beta0.4: 0.010871
2026-01-18 22:50:08,631 | INFO | [ID] One-step NRMSE burgers_nu0.001: 0.044805
2026-01-18 22:50:08,631 | INFO | [ID] One-step NRMSE diff_sorp: 0.002099
2026-01-18 22:50:08,631 | INFO | [ID] Rollout NRMSE@20 avg: 0.121095
2026-01-18 22:50:08,631 | INFO | [ID] Rollout NRMSE@20 adv_beta0.4: 0.102977
2026-01-18 22:50:08,632 | INFO | [ID] Rollout NRMSE@20 burgers_nu0.001: 0.256642
2026-01-18 22:50:08,632 | INFO | [ID] Rollout NRMSE@20 diff_sorp: 0.003666
2026-01-18 22:51:33,052 | INFO | [OOD_PARAM] One-step NRMSE avg: 0.345216
2026-01-18 22:51:33,052 | INFO | [OOD_PARAM] One-step NRMSE adv_beta1.0: 0.433994
2026-01-18 22:51:33,052 | INFO | [OOD_PARAM] One-step NRMSE burgers_nu1: 0.256437
2026-01-18 22:51:33,052 | INFO | [OOD_PARAM] Rollout NRMSE@20 avg: 0.758054
2026-01-18 22:51:33,052 | INFO | [OOD_PARAM] Rollout NRMSE@20 adv_beta1.0: 1.201563
2026-01-18 22:51:33,052 | INFO | [OOD_PARAM] Rollout NRMSE@20 burgers_nu1: 0.314546
2026-01-18 23:05:24,297 | INFO | [OOD_EQUATION] One-step NRMSE avg: 0.889977
2026-01-18 23:05:24,297 | INFO | [OOD_EQUATION] One-step NRMSE reacdiff_rho1: 1.396651
2026-01-18 23:05:24,297 | INFO | [OOD_EQUATION] One-step NRMSE reacdiff_rho5: 0.544398
2026-01-18 23:05:24,297 | INFO | [OOD_EQUATION] One-step NRMSE reacdiff_rho10: 0.728883
2026-01-18 23:05:24,297 | INFO | [OOD_EQUATION] Rollout NRMSE@20 avg: 4.829288
2026-01-18 23:05:24,297 | INFO | [OOD_EQUATION] Rollout NRMSE@20 reacdiff_rho1: 0.812408
2026-01-18 23:05:24,297 | INFO | [OOD_EQUATION] Rollout NRMSE@20 reacdiff_rho5: 5.235736
2026-01-18 23:05:24,297 | INFO | [OOD_EQUATION] Rollout NRMSE@20 reacdiff_rho10: 8.439720
2026-01-18 23:05:24,540 | INFO | Evaluation complete. Plots in /home/lgz/workspace/MVP/outputs/primitive_20260118_202629/plots/eval
