2026-01-16 02:37:27,335 | INFO | Log file: outputs/fno_20260116_023727/run.log
2026-01-16 02:37:45,252 | INFO | Dataset[0] adv_beta0.1 params=[0.10000000149011612, 0.0, 0.0] train_pairs=160000 val_pairs=20000 test_pairs=20000 weight=1.0
2026-01-16 02:37:45,253 | INFO | Dataset[1] adv_beta0.4 params=[0.4000000059604645, 0.0, 0.0] train_pairs=160000 val_pairs=20000 test_pairs=20000 weight=1.0
2026-01-16 02:37:45,253 | INFO | Dataset[2] adv_beta1.0 params=[1.0, 0.0, 0.0] train_pairs=160000 val_pairs=20000 test_pairs=20000 weight=1.0
2026-01-16 02:37:45,254 | INFO | Dataset[3] burgers_nu0.001 params=[0.0, 0.0010000000474974513, 0.0] train_pairs=160000 val_pairs=20000 test_pairs=20000 weight=1.0
2026-01-16 02:37:45,254 | INFO | Dataset[4] burgers_nu0.01 params=[0.0, 0.009999999776482582, 0.0] train_pairs=160000 val_pairs=20000 test_pairs=20000 weight=1.0
2026-01-16 02:37:45,254 | INFO | Dataset[5] burgers_nu0.1 params=[0.0, 0.10000000149011612, 0.0] train_pairs=160000 val_pairs=20000 test_pairs=20000 weight=1.0
2026-01-16 02:37:45,254 | INFO | Dataset[6] reacdiff_rho1 params=[0.0, 0.5, 1.0] train_pairs=80000 val_pairs=10000 test_pairs=10000 weight=1.0
2026-01-16 02:37:45,254 | INFO | Dataset[7] reacdiff_rho5 params=[0.0, 0.5, 5.0] train_pairs=80000 val_pairs=10000 test_pairs=10000 weight=1.0
2026-01-16 02:37:45,254 | INFO | Dataset[8] diff_sorp params=[0.0, 0.0, 0.0] train_pairs=80000 val_pairs=10000 test_pairs=10000 weight=1.0
2026-01-16 02:44:14,130 | INFO | Val Loss (adv_beta0.1): 0.088855
2026-01-16 02:44:20,837 | INFO | Val Loss (adv_beta0.4): 0.035866
2026-01-16 02:44:27,655 | INFO | Val Loss (adv_beta1.0): 0.028626
2026-01-16 02:44:34,450 | INFO | Val Loss (burgers_nu0.001): 0.014100
2026-01-16 02:44:41,266 | INFO | Val Loss (burgers_nu0.01): 0.011538
2026-01-16 02:44:47,982 | INFO | Val Loss (burgers_nu0.1): 0.004781
2026-01-16 02:44:51,614 | INFO | Val Loss (reacdiff_rho1): 0.002382
2026-01-16 02:44:55,217 | INFO | Val Loss (reacdiff_rho5): 0.003249
2026-01-16 02:45:01,674 | INFO | Val Loss (diff_sorp): 0.006091
2026-01-16 02:45:01,674 | INFO | [Epoch 1] Train Loss: 0.022959, Val Loss: 0.025277
2026-01-16 02:51:02,783 | INFO | Val Loss (adv_beta0.1): 0.032463
2026-01-16 02:51:09,090 | INFO | Val Loss (adv_beta0.4): 0.004956
2026-01-16 02:51:15,352 | INFO | Val Loss (adv_beta1.0): 0.072366
2026-01-16 02:51:21,595 | INFO | Val Loss (burgers_nu0.001): 0.008606
2026-01-16 02:51:27,864 | INFO | Val Loss (burgers_nu0.01): 0.006755
2026-01-16 02:51:34,103 | INFO | Val Loss (burgers_nu0.1): 0.003936
2026-01-16 02:51:37,453 | INFO | Val Loss (reacdiff_rho1): 0.003336
2026-01-16 02:51:40,507 | INFO | Val Loss (reacdiff_rho5): 0.005035
2026-01-16 02:51:43,739 | INFO | Val Loss (diff_sorp): 0.002503
2026-01-16 02:51:43,739 | INFO | [Epoch 2] Train Loss: 0.017373, Val Loss: 0.017931
2026-01-16 02:57:35,295 | INFO | Val Loss (adv_beta0.1): 0.034771
2026-01-16 02:57:41,677 | INFO | Val Loss (adv_beta0.4): 0.007136
2026-01-16 02:57:47,797 | INFO | Val Loss (adv_beta1.0): 0.067462
2026-01-16 02:57:53,920 | INFO | Val Loss (burgers_nu0.001): 0.007443
2026-01-16 02:58:00,053 | INFO | Val Loss (burgers_nu0.01): 0.005745
2026-01-16 02:58:06,220 | INFO | Val Loss (burgers_nu0.1): 0.003757
2026-01-16 02:58:09,419 | INFO | Val Loss (reacdiff_rho1): 0.001549
2026-01-16 02:58:12,640 | INFO | Val Loss (reacdiff_rho5): 0.002187
2026-01-16 02:58:15,796 | INFO | Val Loss (diff_sorp): 0.001798
2026-01-16 02:58:15,797 | INFO | [Epoch 3] Train Loss: 0.015710, Val Loss: 0.017206
2026-01-16 03:04:11,911 | INFO | Val Loss (adv_beta0.1): 0.023403
2026-01-16 03:04:18,241 | INFO | Val Loss (adv_beta0.4): 0.006342
2026-01-16 03:04:24,300 | INFO | Val Loss (adv_beta1.0): 0.088614
2026-01-16 03:04:30,526 | INFO | Val Loss (burgers_nu0.001): 0.006367
2026-01-16 03:04:36,518 | INFO | Val Loss (burgers_nu0.01): 0.004534
2026-01-16 03:04:42,431 | INFO | Val Loss (burgers_nu0.1): 0.003155
2026-01-16 03:04:45,498 | INFO | Val Loss (reacdiff_rho1): 0.002533
2026-01-16 03:04:48,758 | INFO | Val Loss (reacdiff_rho5): 0.002879
2026-01-16 03:04:52,084 | INFO | Val Loss (diff_sorp): 0.001725
2026-01-16 03:04:52,085 | INFO | [Epoch 4] Train Loss: 0.015502, Val Loss: 0.018126
2026-01-16 03:10:57,871 | INFO | Val Loss (adv_beta0.1): 0.042336
2026-01-16 03:11:04,078 | INFO | Val Loss (adv_beta0.4): 0.010647
2026-01-16 03:11:10,363 | INFO | Val Loss (adv_beta1.0): 0.056136
2026-01-16 03:11:16,473 | INFO | Val Loss (burgers_nu0.001): 0.006580
2026-01-16 03:11:22,696 | INFO | Val Loss (burgers_nu0.01): 0.005074
2026-01-16 03:11:28,804 | INFO | Val Loss (burgers_nu0.1): 0.003428
2026-01-16 03:11:31,890 | INFO | Val Loss (reacdiff_rho1): 0.002699
2026-01-16 03:11:35,010 | INFO | Val Loss (reacdiff_rho5): 0.001118
2026-01-16 03:11:38,235 | INFO | Val Loss (diff_sorp): 0.002154
2026-01-16 03:11:38,235 | INFO | [Epoch 5] Train Loss: 0.015310, Val Loss: 0.016953
2026-01-16 03:17:37,089 | INFO | Val Loss (adv_beta0.1): 0.042157
2026-01-16 03:17:43,280 | INFO | Val Loss (adv_beta0.4): 0.010795
2026-01-16 03:17:49,460 | INFO | Val Loss (adv_beta1.0): 0.057272
2026-01-16 03:17:55,610 | INFO | Val Loss (burgers_nu0.001): 0.005950
2026-01-16 03:18:01,894 | INFO | Val Loss (burgers_nu0.01): 0.004426
2026-01-16 03:18:08,156 | INFO | Val Loss (burgers_nu0.1): 0.002781
2026-01-16 03:18:11,293 | INFO | Val Loss (reacdiff_rho1): 0.000758
2026-01-16 03:18:14,461 | INFO | Val Loss (reacdiff_rho5): 0.001294
2026-01-16 03:18:17,562 | INFO | Val Loss (diff_sorp): 0.001682
2026-01-16 03:18:17,562 | INFO | [Epoch 6] Train Loss: 0.016515, Val Loss: 0.016695
2026-01-16 03:24:17,977 | INFO | Val Loss (adv_beta0.1): 0.047918
2026-01-16 03:24:24,372 | INFO | Val Loss (adv_beta0.4): 0.012155
2026-01-16 03:24:30,560 | INFO | Val Loss (adv_beta1.0): 0.048903
2026-01-16 03:24:36,728 | INFO | Val Loss (burgers_nu0.001): 0.006172
2026-01-16 03:24:42,915 | INFO | Val Loss (burgers_nu0.01): 0.004858
2026-01-16 03:24:48,946 | INFO | Val Loss (burgers_nu0.1): 0.003417
2026-01-16 03:24:52,014 | INFO | Val Loss (reacdiff_rho1): 0.000761
2026-01-16 03:24:55,203 | INFO | Val Loss (reacdiff_rho5): 0.001154
2026-01-16 03:24:58,375 | INFO | Val Loss (diff_sorp): 0.001454
2026-01-16 03:24:58,376 | INFO | [Epoch 7] Train Loss: 0.015083, Val Loss: 0.016676
2026-01-16 03:31:11,365 | INFO | Val Loss (adv_beta0.1): 0.042087
2026-01-16 03:31:17,671 | INFO | Val Loss (adv_beta0.4): 0.010026
2026-01-16 03:31:23,796 | INFO | Val Loss (adv_beta1.0): 0.055282
2026-01-16 03:31:29,747 | INFO | Val Loss (burgers_nu0.001): 0.006243
2026-01-16 03:31:35,950 | INFO | Val Loss (burgers_nu0.01): 0.004777
2026-01-16 03:31:42,064 | INFO | Val Loss (burgers_nu0.1): 0.003666
2026-01-16 03:31:45,160 | INFO | Val Loss (reacdiff_rho1): 0.000581
2026-01-16 03:31:48,234 | INFO | Val Loss (reacdiff_rho5): 0.001123
2026-01-16 03:31:51,235 | INFO | Val Loss (diff_sorp): 0.001153
2026-01-16 03:31:51,236 | INFO | [Epoch 8] Train Loss: 0.015034, Val Loss: 0.016463
2026-01-16 03:38:08,607 | INFO | Val Loss (adv_beta0.1): 0.034068
2026-01-16 03:38:14,750 | INFO | Val Loss (adv_beta0.4): 0.009314
2026-01-16 03:38:20,876 | INFO | Val Loss (adv_beta1.0): 0.066270
2026-01-16 03:38:27,132 | INFO | Val Loss (burgers_nu0.001): 0.005729
2026-01-16 03:38:33,242 | INFO | Val Loss (burgers_nu0.01): 0.004476
2026-01-16 03:38:39,411 | INFO | Val Loss (burgers_nu0.1): 0.003616
2026-01-16 03:38:42,468 | INFO | Val Loss (reacdiff_rho1): 0.001375
2026-01-16 03:38:45,536 | INFO | Val Loss (reacdiff_rho5): 0.004694
2026-01-16 03:38:48,649 | INFO | Val Loss (diff_sorp): 0.001580
2026-01-16 03:38:48,649 | INFO | [Epoch 9] Train Loss: 0.014447, Val Loss: 0.016969
2026-01-16 03:45:08,003 | INFO | Val Loss (adv_beta0.1): 0.029678
2026-01-16 03:45:14,278 | INFO | Val Loss (adv_beta0.4): 0.006318
2026-01-16 03:45:20,397 | INFO | Val Loss (adv_beta1.0): 0.071730
2026-01-16 03:45:26,574 | INFO | Val Loss (burgers_nu0.001): 0.005450
2026-01-16 03:45:32,693 | INFO | Val Loss (burgers_nu0.01): 0.004128
2026-01-16 03:45:38,771 | INFO | Val Loss (burgers_nu0.1): 0.003125
2026-01-16 03:45:41,911 | INFO | Val Loss (reacdiff_rho1): 0.000374
2026-01-16 03:45:44,988 | INFO | Val Loss (reacdiff_rho5): 0.000948
2026-01-16 03:45:48,188 | INFO | Val Loss (diff_sorp): 0.001165
2026-01-16 03:45:48,188 | INFO | [Epoch 10] Train Loss: 0.015281, Val Loss: 0.016218
2026-01-16 03:52:10,037 | INFO | Val Loss (adv_beta0.1): 0.035446
2026-01-16 03:52:16,121 | INFO | Val Loss (adv_beta0.4): 0.010148
2026-01-16 03:52:22,472 | INFO | Val Loss (adv_beta1.0): 0.065018
2026-01-16 03:52:28,660 | INFO | Val Loss (burgers_nu0.001): 0.005519
2026-01-16 03:52:35,010 | INFO | Val Loss (burgers_nu0.01): 0.004427
2026-01-16 03:52:41,326 | INFO | Val Loss (burgers_nu0.1): 0.003574
2026-01-16 03:52:44,235 | INFO | Val Loss (reacdiff_rho1): 0.001797
2026-01-16 03:52:47,205 | INFO | Val Loss (reacdiff_rho5): 0.002048
2026-01-16 03:52:50,430 | INFO | Val Loss (diff_sorp): 0.001077
2026-01-16 03:52:50,430 | INFO | [Epoch 11] Train Loss: 0.013704, Val Loss: 0.016874
2026-01-16 03:59:18,908 | INFO | Val Loss (adv_beta0.1): 0.029966
2026-01-16 03:59:25,185 | INFO | Val Loss (adv_beta0.4): 0.007668
2026-01-16 03:59:31,330 | INFO | Val Loss (adv_beta1.0): 0.075294
2026-01-16 03:59:37,423 | INFO | Val Loss (burgers_nu0.001): 0.007158
2026-01-16 03:59:43,600 | INFO | Val Loss (burgers_nu0.01): 0.005499
2026-01-16 03:59:49,721 | INFO | Val Loss (burgers_nu0.1): 0.004568
2026-01-16 03:59:52,804 | INFO | Val Loss (reacdiff_rho1): 0.000623
2026-01-16 03:59:55,962 | INFO | Val Loss (reacdiff_rho5): 0.000997
2026-01-16 03:59:59,118 | INFO | Val Loss (diff_sorp): 0.001049
2026-01-16 03:59:59,118 | INFO | [Epoch 12] Train Loss: 0.015038, Val Loss: 0.017526
2026-01-16 04:06:15,839 | INFO | Val Loss (adv_beta0.1): 0.034672
2026-01-16 04:06:22,218 | INFO | Val Loss (adv_beta0.4): 0.008373
2026-01-16 04:06:28,494 | INFO | Val Loss (adv_beta1.0): 0.064639
2026-01-16 04:06:34,645 | INFO | Val Loss (burgers_nu0.001): 0.005647
2026-01-16 04:06:40,928 | INFO | Val Loss (burgers_nu0.01): 0.004236
2026-01-16 04:06:46,942 | INFO | Val Loss (burgers_nu0.1): 0.003761
2026-01-16 04:06:49,998 | INFO | Val Loss (reacdiff_rho1): 0.000552
2026-01-16 04:06:53,155 | INFO | Val Loss (reacdiff_rho5): 0.000900
2026-01-16 04:06:56,310 | INFO | Val Loss (diff_sorp): 0.000894
2026-01-16 04:06:56,311 | INFO | [Epoch 13] Train Loss: 0.015040, Val Loss: 0.016328
2026-01-16 04:13:16,975 | INFO | Val Loss (adv_beta0.1): 0.030392
2026-01-16 04:13:22,980 | INFO | Val Loss (adv_beta0.4): 0.004455
2026-01-16 04:13:29,146 | INFO | Val Loss (adv_beta1.0): 0.071398
2026-01-16 04:13:35,087 | INFO | Val Loss (burgers_nu0.001): 0.005085
2026-01-16 04:13:41,337 | INFO | Val Loss (burgers_nu0.01): 0.003978
2026-01-16 04:13:47,666 | INFO | Val Loss (burgers_nu0.1): 0.003420
2026-01-16 04:13:50,812 | INFO | Val Loss (reacdiff_rho1): 0.000503
2026-01-16 04:13:53,863 | INFO | Val Loss (reacdiff_rho5): 0.001012
2026-01-16 04:13:56,940 | INFO | Val Loss (diff_sorp): 0.001215
2026-01-16 04:13:56,940 | INFO | [Epoch 14] Train Loss: 0.013423, Val Loss: 0.016008
2026-01-16 04:20:14,372 | INFO | Val Loss (adv_beta0.1): 0.035800
2026-01-16 04:20:20,567 | INFO | Val Loss (adv_beta0.4): 0.006082
2026-01-16 04:20:26,743 | INFO | Val Loss (adv_beta1.0): 0.060742
2026-01-16 04:20:32,848 | INFO | Val Loss (burgers_nu0.001): 0.005541
2026-01-16 04:20:38,841 | INFO | Val Loss (burgers_nu0.01): 0.004179
2026-01-16 04:20:45,027 | INFO | Val Loss (burgers_nu0.1): 0.003285
2026-01-16 04:20:48,003 | INFO | Val Loss (reacdiff_rho1): 0.000546
2026-01-16 04:20:51,061 | INFO | Val Loss (reacdiff_rho5): 0.001449
2026-01-16 04:20:54,119 | INFO | Val Loss (diff_sorp): 0.001005
2026-01-16 04:20:54,119 | INFO | [Epoch 15] Train Loss: 0.013731, Val Loss: 0.015613
2026-01-16 04:27:16,413 | INFO | Val Loss (adv_beta0.1): 0.044731
2026-01-16 04:27:22,780 | INFO | Val Loss (adv_beta0.4): 0.009417
2026-01-16 04:27:28,771 | INFO | Val Loss (adv_beta1.0): 0.049677
2026-01-16 04:27:34,762 | INFO | Val Loss (burgers_nu0.001): 0.005271
2026-01-16 04:27:40,903 | INFO | Val Loss (burgers_nu0.01): 0.004068
2026-01-16 04:27:47,067 | INFO | Val Loss (burgers_nu0.1): 0.003168
2026-01-16 04:27:50,159 | INFO | Val Loss (reacdiff_rho1): 0.000466
2026-01-16 04:27:53,246 | INFO | Val Loss (reacdiff_rho5): 0.002907
2026-01-16 04:27:56,493 | INFO | Val Loss (diff_sorp): 0.001359
2026-01-16 04:27:56,494 | INFO | [Epoch 16] Train Loss: 0.014731, Val Loss: 0.015822
2026-01-16 04:34:27,751 | INFO | Val Loss (adv_beta0.1): 0.039390
2026-01-16 04:34:34,073 | INFO | Val Loss (adv_beta0.4): 0.008517
2026-01-16 04:34:40,342 | INFO | Val Loss (adv_beta1.0): 0.058458
2026-01-16 04:34:46,600 | INFO | Val Loss (burgers_nu0.001): 0.006496
2026-01-16 04:34:52,840 | INFO | Val Loss (burgers_nu0.01): 0.005195
2026-01-16 04:34:58,864 | INFO | Val Loss (burgers_nu0.1): 0.004776
2026-01-16 04:35:01,955 | INFO | Val Loss (reacdiff_rho1): 0.000594
2026-01-16 04:35:05,053 | INFO | Val Loss (reacdiff_rho5): 0.001481
2026-01-16 04:35:08,231 | INFO | Val Loss (diff_sorp): 0.000664
2026-01-16 04:35:08,233 | INFO | [Epoch 17] Train Loss: 0.014413, Val Loss: 0.016555
2026-01-16 04:41:27,192 | INFO | Val Loss (adv_beta0.1): 0.046576
2026-01-16 04:41:33,449 | INFO | Val Loss (adv_beta0.4): 0.010567
2026-01-16 04:41:39,471 | INFO | Val Loss (adv_beta1.0): 0.047714
2026-01-16 04:41:45,646 | INFO | Val Loss (burgers_nu0.001): 0.005204
2026-01-16 04:41:51,524 | INFO | Val Loss (burgers_nu0.01): 0.004217
2026-01-16 04:41:57,559 | INFO | Val Loss (burgers_nu0.1): 0.003718
2026-01-16 04:42:00,688 | INFO | Val Loss (reacdiff_rho1): 0.000452
2026-01-16 04:42:03,716 | INFO | Val Loss (reacdiff_rho5): 0.000535
2026-01-16 04:42:06,808 | INFO | Val Loss (diff_sorp): 0.000671
2026-01-16 04:42:06,808 | INFO | [Epoch 18] Train Loss: 0.014089, Val Loss: 0.015838
2026-01-16 04:48:13,029 | INFO | Val Loss (adv_beta0.1): 0.045156
2026-01-16 04:48:19,194 | INFO | Val Loss (adv_beta0.4): 0.010833
2026-01-16 04:48:25,314 | INFO | Val Loss (adv_beta1.0): 0.049481
2026-01-16 04:48:31,313 | INFO | Val Loss (burgers_nu0.001): 0.005177
2026-01-16 04:48:37,239 | INFO | Val Loss (burgers_nu0.01): 0.003998
2026-01-16 04:48:43,267 | INFO | Val Loss (burgers_nu0.1): 0.003249
2026-01-16 04:48:46,409 | INFO | Val Loss (reacdiff_rho1): 0.000305
2026-01-16 04:48:49,476 | INFO | Val Loss (reacdiff_rho5): 0.000587
2026-01-16 04:48:52,618 | INFO | Val Loss (diff_sorp): 0.000794
2026-01-16 04:48:52,619 | INFO | [Epoch 19] Train Loss: 0.013969, Val Loss: 0.015827
2026-01-16 04:54:54,945 | INFO | Val Loss (adv_beta0.1): 0.047620
2026-01-16 04:55:01,105 | INFO | Val Loss (adv_beta0.4): 0.013114
2026-01-16 04:55:07,453 | INFO | Val Loss (adv_beta1.0): 0.047095
2026-01-16 04:55:13,822 | INFO | Val Loss (burgers_nu0.001): 0.004947
2026-01-16 04:55:20,117 | INFO | Val Loss (burgers_nu0.01): 0.003859
2026-01-16 04:55:26,296 | INFO | Val Loss (burgers_nu0.1): 0.003035
2026-01-16 04:55:29,399 | INFO | Val Loss (reacdiff_rho1): 0.000233
2026-01-16 04:55:32,564 | INFO | Val Loss (reacdiff_rho5): 0.000642
2026-01-16 04:55:35,821 | INFO | Val Loss (diff_sorp): 0.000999
2026-01-16 04:55:35,821 | INFO | [Epoch 20] Train Loss: 0.014419, Val Loss: 0.016076
2026-01-16 05:01:41,731 | INFO | Val Loss (adv_beta0.1): 0.026414
2026-01-16 05:01:47,985 | INFO | Val Loss (adv_beta0.4): 0.004873
2026-01-16 05:01:54,279 | INFO | Val Loss (adv_beta1.0): 0.075209
2026-01-16 05:02:00,462 | INFO | Val Loss (burgers_nu0.001): 0.004660
2026-01-16 05:02:06,891 | INFO | Val Loss (burgers_nu0.01): 0.003632
2026-01-16 05:02:13,183 | INFO | Val Loss (burgers_nu0.1): 0.003173
2026-01-16 05:02:16,263 | INFO | Val Loss (reacdiff_rho1): 0.000574
2026-01-16 05:02:19,342 | INFO | Val Loss (reacdiff_rho5): 0.001512
2026-01-16 05:02:22,582 | INFO | Val Loss (diff_sorp): 0.000785
2026-01-16 05:02:22,583 | INFO | [Epoch 21] Train Loss: 0.014013, Val Loss: 0.015914
2026-01-16 05:08:28,453 | INFO | Val Loss (adv_beta0.1): 0.043551
2026-01-16 05:08:34,698 | INFO | Val Loss (adv_beta0.4): 0.009256
2026-01-16 05:08:41,001 | INFO | Val Loss (adv_beta1.0): 0.051121
2026-01-16 05:08:47,171 | INFO | Val Loss (burgers_nu0.001): 0.004852
2026-01-16 05:08:53,486 | INFO | Val Loss (burgers_nu0.01): 0.003782
2026-01-16 05:08:59,712 | INFO | Val Loss (burgers_nu0.1): 0.002977
2026-01-16 05:09:02,925 | INFO | Val Loss (reacdiff_rho1): 0.000224
2026-01-16 05:09:06,093 | INFO | Val Loss (reacdiff_rho5): 0.001053
2026-01-16 05:09:09,208 | INFO | Val Loss (diff_sorp): 0.001344
2026-01-16 05:09:09,209 | INFO | [Epoch 22] Train Loss: 0.013847, Val Loss: 0.015575
2026-01-16 05:15:01,460 | INFO | Val Loss (adv_beta0.1): 0.026791
2026-01-16 05:15:07,560 | INFO | Val Loss (adv_beta0.4): 0.004893
2026-01-16 05:15:13,865 | INFO | Val Loss (adv_beta1.0): 0.074307
2026-01-16 05:15:20,181 | INFO | Val Loss (burgers_nu0.001): 0.004642
2026-01-16 05:15:26,415 | INFO | Val Loss (burgers_nu0.01): 0.003718
2026-01-16 05:15:32,458 | INFO | Val Loss (burgers_nu0.1): 0.003593
2026-01-16 05:15:35,512 | INFO | Val Loss (reacdiff_rho1): 0.001143
2026-01-16 05:15:38,689 | INFO | Val Loss (reacdiff_rho5): 0.000542
2026-01-16 05:15:41,860 | INFO | Val Loss (diff_sorp): 0.000532
2026-01-16 05:15:41,861 | INFO | [Epoch 23] Train Loss: 0.013499, Val Loss: 0.015869
2026-01-16 05:21:25,850 | INFO | Val Loss (adv_beta0.1): 0.026900
2026-01-16 05:21:32,038 | INFO | Val Loss (adv_beta0.4): 0.004190
2026-01-16 05:21:38,145 | INFO | Val Loss (adv_beta1.0): 0.075313
2026-01-16 05:21:44,374 | INFO | Val Loss (burgers_nu0.001): 0.004996
2026-01-16 05:21:50,651 | INFO | Val Loss (burgers_nu0.01): 0.003911
2026-01-16 05:21:57,014 | INFO | Val Loss (burgers_nu0.1): 0.003373
2026-01-16 05:22:00,167 | INFO | Val Loss (reacdiff_rho1): 0.000256
2026-01-16 05:22:03,264 | INFO | Val Loss (reacdiff_rho5): 0.000645
2026-01-16 05:22:06,245 | INFO | Val Loss (diff_sorp): 0.000913
2026-01-16 05:22:06,246 | INFO | [Epoch 24] Train Loss: 0.013578, Val Loss: 0.015941
2026-01-16 05:28:01,234 | INFO | Val Loss (adv_beta0.1): 0.041172
2026-01-16 05:28:07,566 | INFO | Val Loss (adv_beta0.4): 0.009706
2026-01-16 05:28:14,016 | INFO | Val Loss (adv_beta1.0): 0.053954
2026-01-16 05:28:20,317 | INFO | Val Loss (burgers_nu0.001): 0.005164
2026-01-16 05:28:26,532 | INFO | Val Loss (burgers_nu0.01): 0.003981
2026-01-16 05:28:32,744 | INFO | Val Loss (burgers_nu0.1): 0.002878
2026-01-16 05:28:35,953 | INFO | Val Loss (reacdiff_rho1): 0.000624
2026-01-16 05:28:39,157 | INFO | Val Loss (reacdiff_rho5): 0.000479
2026-01-16 05:28:42,362 | INFO | Val Loss (diff_sorp): 0.001548
2026-01-16 05:28:42,363 | INFO | [Epoch 25] Train Loss: 0.014019, Val Loss: 0.015753
2026-01-16 05:34:45,454 | INFO | Val Loss (adv_beta0.1): 0.036716
2026-01-16 05:34:51,757 | INFO | Val Loss (adv_beta0.4): 0.007698
2026-01-16 05:34:57,992 | INFO | Val Loss (adv_beta1.0): 0.059687
2026-01-16 05:35:04,176 | INFO | Val Loss (burgers_nu0.001): 0.005485
2026-01-16 05:35:10,233 | INFO | Val Loss (burgers_nu0.01): 0.004177
2026-01-16 05:35:16,399 | INFO | Val Loss (burgers_nu0.1): 0.003303
2026-01-16 05:35:19,481 | INFO | Val Loss (reacdiff_rho1): 0.000855
2026-01-16 05:35:22,566 | INFO | Val Loss (reacdiff_rho5): 0.000287
2026-01-16 05:35:25,716 | INFO | Val Loss (diff_sorp): 0.001220
2026-01-16 05:35:25,716 | INFO | [Epoch 26] Train Loss: 0.013054, Val Loss: 0.015761
2026-01-16 05:41:24,830 | INFO | Val Loss (adv_beta0.1): 0.029934
2026-01-16 05:41:31,308 | INFO | Val Loss (adv_beta0.4): 0.004910
2026-01-16 05:41:37,616 | INFO | Val Loss (adv_beta1.0): 0.068111
2026-01-16 05:41:43,900 | INFO | Val Loss (burgers_nu0.001): 0.004573
2026-01-16 05:41:50,231 | INFO | Val Loss (burgers_nu0.01): 0.003462
2026-01-16 05:41:56,565 | INFO | Val Loss (burgers_nu0.1): 0.002837
2026-01-16 05:41:59,721 | INFO | Val Loss (reacdiff_rho1): 0.000241
2026-01-16 05:42:02,971 | INFO | Val Loss (reacdiff_rho5): 0.000563
2026-01-16 05:42:06,054 | INFO | Val Loss (diff_sorp): 0.001024
2026-01-16 05:42:06,055 | INFO | [Epoch 27] Train Loss: 0.013674, Val Loss: 0.015294
2026-01-16 05:48:31,363 | INFO | Val Loss (adv_beta0.1): 0.041734
2026-01-16 05:48:37,596 | INFO | Val Loss (adv_beta0.4): 0.010120
2026-01-16 05:48:43,966 | INFO | Val Loss (adv_beta1.0): 0.053207
2026-01-16 05:48:50,338 | INFO | Val Loss (burgers_nu0.001): 0.004781
2026-01-16 05:48:56,665 | INFO | Val Loss (burgers_nu0.01): 0.003686
2026-01-16 05:49:03,009 | INFO | Val Loss (burgers_nu0.1): 0.003047
2026-01-16 05:49:06,095 | INFO | Val Loss (reacdiff_rho1): 0.000242
2026-01-16 05:49:09,130 | INFO | Val Loss (reacdiff_rho5): 0.000518
2026-01-16 05:49:12,293 | INFO | Val Loss (diff_sorp): 0.000781
2026-01-16 05:49:12,294 | INFO | [Epoch 28] Train Loss: 0.013405, Val Loss: 0.015641
2026-01-16 05:55:05,104 | INFO | Val Loss (adv_beta0.1): 0.032650
2026-01-16 05:55:11,503 | INFO | Val Loss (adv_beta0.4): 0.006715
2026-01-16 05:55:17,738 | INFO | Val Loss (adv_beta1.0): 0.063494
2026-01-16 05:55:23,969 | INFO | Val Loss (burgers_nu0.001): 0.004435
2026-01-16 05:55:30,127 | INFO | Val Loss (burgers_nu0.01): 0.003436
2026-01-16 05:55:36,439 | INFO | Val Loss (burgers_nu0.1): 0.003146
2026-01-16 05:55:39,549 | INFO | Val Loss (reacdiff_rho1): 0.000491
2026-01-16 05:55:42,580 | INFO | Val Loss (reacdiff_rho5): 0.000645
2026-01-16 05:55:45,701 | INFO | Val Loss (diff_sorp): 0.000667
2026-01-16 05:55:45,701 | INFO | [Epoch 29] Train Loss: 0.013825, Val Loss: 0.015299
2026-01-16 06:01:44,148 | INFO | Val Loss (adv_beta0.1): 0.036682
2026-01-16 06:01:50,277 | INFO | Val Loss (adv_beta0.4): 0.006485
2026-01-16 06:01:56,475 | INFO | Val Loss (adv_beta1.0): 0.058510
2026-01-16 06:02:02,737 | INFO | Val Loss (burgers_nu0.001): 0.004791
2026-01-16 06:02:08,724 | INFO | Val Loss (burgers_nu0.01): 0.003858
2026-01-16 06:02:14,863 | INFO | Val Loss (burgers_nu0.1): 0.003510
2026-01-16 06:02:17,955 | INFO | Val Loss (reacdiff_rho1): 0.000773
2026-01-16 06:02:21,072 | INFO | Val Loss (reacdiff_rho5): 0.001308
2026-01-16 06:02:24,226 | INFO | Val Loss (diff_sorp): 0.000586
2026-01-16 06:02:24,226 | INFO | [Epoch 30] Train Loss: 0.013089, Val Loss: 0.015351
2026-01-16 06:08:25,162 | INFO | Val Loss (adv_beta0.1): 0.020461
2026-01-16 06:08:31,498 | INFO | Val Loss (adv_beta0.4): 0.003413
2026-01-16 06:08:37,595 | INFO | Val Loss (adv_beta1.0): 0.086285
2026-01-16 06:08:43,790 | INFO | Val Loss (burgers_nu0.001): 0.004537
2026-01-16 06:08:49,919 | INFO | Val Loss (burgers_nu0.01): 0.003448
2026-01-16 06:08:55,944 | INFO | Val Loss (burgers_nu0.1): 0.003024
2026-01-16 06:08:59,021 | INFO | Val Loss (reacdiff_rho1): 0.000494
2026-01-16 06:09:02,025 | INFO | Val Loss (reacdiff_rho5): 0.000522
2026-01-16 06:09:05,219 | INFO | Val Loss (diff_sorp): 0.000781
2026-01-16 06:09:05,220 | INFO | [Epoch 31] Train Loss: 0.012363, Val Loss: 0.016271
2026-01-16 06:15:00,647 | INFO | Val Loss (adv_beta0.1): 0.038942
2026-01-16 06:15:06,822 | INFO | Val Loss (adv_beta0.4): 0.008857
2026-01-16 06:15:13,050 | INFO | Val Loss (adv_beta1.0): 0.055774
2026-01-16 06:15:19,289 | INFO | Val Loss (burgers_nu0.001): 0.004540
2026-01-16 06:15:25,416 | INFO | Val Loss (burgers_nu0.01): 0.003676
2026-01-16 06:15:31,329 | INFO | Val Loss (burgers_nu0.1): 0.003212
2026-01-16 06:15:34,495 | INFO | Val Loss (reacdiff_rho1): 0.000246
2026-01-16 06:15:37,526 | INFO | Val Loss (reacdiff_rho5): 0.000654
2026-01-16 06:15:40,721 | INFO | Val Loss (diff_sorp): 0.000465
2026-01-16 06:15:40,722 | INFO | [Epoch 32] Train Loss: 0.014548, Val Loss: 0.015420
2026-01-16 06:21:47,719 | INFO | Val Loss (adv_beta0.1): 0.028729
2026-01-16 06:21:53,906 | INFO | Val Loss (adv_beta0.4): 0.004720
2026-01-16 06:21:59,984 | INFO | Val Loss (adv_beta1.0): 0.071060
2026-01-16 06:22:06,076 | INFO | Val Loss (burgers_nu0.001): 0.005255
2026-01-16 06:22:12,306 | INFO | Val Loss (burgers_nu0.01): 0.004168
2026-01-16 06:22:18,270 | INFO | Val Loss (burgers_nu0.1): 0.003491
2026-01-16 06:22:21,444 | INFO | Val Loss (reacdiff_rho1): 0.001001
2026-01-16 06:22:24,400 | INFO | Val Loss (reacdiff_rho5): 0.000352
2026-01-16 06:22:27,507 | INFO | Val Loss (diff_sorp): 0.001004
2026-01-16 06:22:27,507 | INFO | [Epoch 33] Train Loss: 0.013743, Val Loss: 0.015809
2026-01-16 06:28:28,441 | INFO | Val Loss (adv_beta0.1): 0.037663
2026-01-16 06:28:34,479 | INFO | Val Loss (adv_beta0.4): 0.007889
2026-01-16 06:28:40,547 | INFO | Val Loss (adv_beta1.0): 0.057653
2026-01-16 06:28:46,776 | INFO | Val Loss (burgers_nu0.001): 0.004721
2026-01-16 06:28:53,069 | INFO | Val Loss (burgers_nu0.01): 0.003740
2026-01-16 06:28:59,160 | INFO | Val Loss (burgers_nu0.1): 0.002898
2026-01-16 06:29:02,404 | INFO | Val Loss (reacdiff_rho1): 0.000267
2026-01-16 06:29:05,560 | INFO | Val Loss (reacdiff_rho5): 0.000537
2026-01-16 06:29:08,794 | INFO | Val Loss (diff_sorp): 0.000859
2026-01-16 06:29:08,794 | INFO | [Epoch 34] Train Loss: 0.013443, Val Loss: 0.015381
2026-01-16 06:35:05,184 | INFO | Val Loss (adv_beta0.1): 0.040208
2026-01-16 06:35:11,269 | INFO | Val Loss (adv_beta0.4): 0.007849
2026-01-16 06:35:17,531 | INFO | Val Loss (adv_beta1.0): 0.054134
2026-01-16 06:35:23,525 | INFO | Val Loss (burgers_nu0.001): 0.004794
2026-01-16 06:35:29,651 | INFO | Val Loss (burgers_nu0.01): 0.003859
2026-01-16 06:35:35,798 | INFO | Val Loss (burgers_nu0.1): 0.003420
2026-01-16 06:35:39,004 | INFO | Val Loss (reacdiff_rho1): 0.000505
2026-01-16 06:35:41,961 | INFO | Val Loss (reacdiff_rho5): 0.000339
2026-01-16 06:35:45,103 | INFO | Val Loss (diff_sorp): 0.000581
2026-01-16 06:35:45,104 | INFO | [Epoch 35] Train Loss: 0.014499, Val Loss: 0.015325
2026-01-16 06:41:49,595 | INFO | Val Loss (adv_beta0.1): 0.036453
2026-01-16 06:41:55,850 | INFO | Val Loss (adv_beta0.4): 0.007332
2026-01-16 06:42:02,159 | INFO | Val Loss (adv_beta1.0): 0.058872
2026-01-16 06:42:08,340 | INFO | Val Loss (burgers_nu0.001): 0.004663
2026-01-16 06:42:14,565 | INFO | Val Loss (burgers_nu0.01): 0.003687
2026-01-16 06:42:20,804 | INFO | Val Loss (burgers_nu0.1): 0.003094
2026-01-16 06:42:23,822 | INFO | Val Loss (reacdiff_rho1): 0.000185
2026-01-16 06:42:26,819 | INFO | Val Loss (reacdiff_rho5): 0.000609
2026-01-16 06:42:29,864 | INFO | Val Loss (diff_sorp): 0.000670
2026-01-16 06:42:29,864 | INFO | [Epoch 36] Train Loss: 0.013755, Val Loss: 0.015306
2026-01-16 06:48:35,881 | INFO | Val Loss (adv_beta0.1): 0.033541
2026-01-16 06:48:41,921 | INFO | Val Loss (adv_beta0.4): 0.005951
2026-01-16 06:48:48,123 | INFO | Val Loss (adv_beta1.0): 0.063648
2026-01-16 06:48:54,312 | INFO | Val Loss (burgers_nu0.001): 0.004427
2026-01-16 06:49:00,467 | INFO | Val Loss (burgers_nu0.01): 0.003422
2026-01-16 06:49:06,651 | INFO | Val Loss (burgers_nu0.1): 0.002919
2026-01-16 06:49:09,876 | INFO | Val Loss (reacdiff_rho1): 0.000528
2026-01-16 06:49:13,062 | INFO | Val Loss (reacdiff_rho5): 0.000351
2026-01-16 06:49:16,105 | INFO | Val Loss (diff_sorp): 0.000982
2026-01-16 06:49:16,106 | INFO | [Epoch 37] Train Loss: 0.014326, Val Loss: 0.015307
2026-01-16 06:55:17,420 | INFO | Val Loss (adv_beta0.1): 0.049378
2026-01-16 06:55:23,493 | INFO | Val Loss (adv_beta0.4): 0.012527
2026-01-16 06:55:29,747 | INFO | Val Loss (adv_beta1.0): 0.044627
2026-01-16 06:55:35,881 | INFO | Val Loss (burgers_nu0.001): 0.004708
2026-01-16 06:55:42,000 | INFO | Val Loss (burgers_nu0.01): 0.003710
2026-01-16 06:55:48,160 | INFO | Val Loss (burgers_nu0.1): 0.003114
2026-01-16 06:55:51,341 | INFO | Val Loss (reacdiff_rho1): 0.000254
2026-01-16 06:55:54,502 | INFO | Val Loss (reacdiff_rho5): 0.000409
2026-01-16 06:55:57,652 | INFO | Val Loss (diff_sorp): 0.000855
2026-01-16 06:55:57,653 | INFO | [Epoch 38] Train Loss: 0.013877, Val Loss: 0.015838
2026-01-16 07:01:59,218 | INFO | Val Loss (adv_beta0.1): 0.031812
2026-01-16 07:02:05,314 | INFO | Val Loss (adv_beta0.4): 0.005945
2026-01-16 07:02:11,522 | INFO | Val Loss (adv_beta1.0): 0.064713
2026-01-16 07:02:17,738 | INFO | Val Loss (burgers_nu0.001): 0.004341
2026-01-16 07:02:24,070 | INFO | Val Loss (burgers_nu0.01): 0.003410
2026-01-16 07:02:30,319 | INFO | Val Loss (burgers_nu0.1): 0.002884
2026-01-16 07:02:33,559 | INFO | Val Loss (reacdiff_rho1): 0.000384
2026-01-16 07:02:36,648 | INFO | Val Loss (reacdiff_rho5): 0.000341
2026-01-16 07:02:39,813 | INFO | Val Loss (diff_sorp): 0.001030
2026-01-16 07:02:39,813 | INFO | [Epoch 39] Train Loss: 0.013593, Val Loss: 0.015193
2026-01-16 07:08:43,890 | INFO | Val Loss (adv_beta0.1): 0.039148
2026-01-16 07:08:50,134 | INFO | Val Loss (adv_beta0.4): 0.007814
2026-01-16 07:08:56,199 | INFO | Val Loss (adv_beta1.0): 0.055335
2026-01-16 07:09:02,494 | INFO | Val Loss (burgers_nu0.001): 0.004760
2026-01-16 07:09:08,837 | INFO | Val Loss (burgers_nu0.01): 0.003775
2026-01-16 07:09:15,125 | INFO | Val Loss (burgers_nu0.1): 0.003041
2026-01-16 07:09:18,318 | INFO | Val Loss (reacdiff_rho1): 0.000285
2026-01-16 07:09:21,646 | INFO | Val Loss (reacdiff_rho5): 0.001244
2026-01-16 07:09:24,840 | INFO | Val Loss (diff_sorp): 0.000974
2026-01-16 07:09:24,841 | INFO | [Epoch 40] Train Loss: 0.014128, Val Loss: 0.015345
2026-01-16 07:15:23,538 | INFO | Val Loss (adv_beta0.1): 0.036705
2026-01-16 07:15:29,615 | INFO | Val Loss (adv_beta0.4): 0.006757
2026-01-16 07:15:35,686 | INFO | Val Loss (adv_beta1.0): 0.057770
2026-01-16 07:15:41,924 | INFO | Val Loss (burgers_nu0.001): 0.004664
2026-01-16 07:15:48,175 | INFO | Val Loss (burgers_nu0.01): 0.003674
2026-01-16 07:15:54,223 | INFO | Val Loss (burgers_nu0.1): 0.003174
2026-01-16 07:15:57,324 | INFO | Val Loss (reacdiff_rho1): 0.000311
2026-01-16 07:16:00,417 | INFO | Val Loss (reacdiff_rho5): 0.000456
2026-01-16 07:16:03,557 | INFO | Val Loss (diff_sorp): 0.000557
2026-01-16 07:16:03,558 | INFO | [Epoch 41] Train Loss: 0.013897, Val Loss: 0.015116
2026-01-16 07:22:05,713 | INFO | Val Loss (adv_beta0.1): 0.026855
2026-01-16 07:22:11,892 | INFO | Val Loss (adv_beta0.4): 0.004698
2026-01-16 07:22:17,793 | INFO | Val Loss (adv_beta1.0): 0.073951
2026-01-16 07:22:24,006 | INFO | Val Loss (burgers_nu0.001): 0.004656
2026-01-16 07:22:30,056 | INFO | Val Loss (burgers_nu0.01): 0.003812
2026-01-16 07:22:36,150 | INFO | Val Loss (burgers_nu0.1): 0.003540
2026-01-16 07:22:39,102 | INFO | Val Loss (reacdiff_rho1): 0.000286
2026-01-16 07:22:42,243 | INFO | Val Loss (reacdiff_rho5): 0.000403
2026-01-16 07:22:45,286 | INFO | Val Loss (diff_sorp): 0.000778
2026-01-16 07:22:45,286 | INFO | [Epoch 42] Train Loss: 0.013095, Val Loss: 0.015761
2026-01-16 07:28:47,739 | INFO | Val Loss (adv_beta0.1): 0.030989
2026-01-16 07:28:53,785 | INFO | Val Loss (adv_beta0.4): 0.005984
2026-01-16 07:28:59,815 | INFO | Val Loss (adv_beta1.0): 0.065550
2026-01-16 07:29:06,083 | INFO | Val Loss (burgers_nu0.001): 0.004415
2026-01-16 07:29:12,287 | INFO | Val Loss (burgers_nu0.01): 0.003325
2026-01-16 07:29:18,565 | INFO | Val Loss (burgers_nu0.1): 0.002720
2026-01-16 07:29:21,726 | INFO | Val Loss (reacdiff_rho1): 0.000210
2026-01-16 07:29:24,755 | INFO | Val Loss (reacdiff_rho5): 0.000396
2026-01-16 07:29:27,881 | INFO | Val Loss (diff_sorp): 0.000799
2026-01-16 07:29:27,882 | INFO | [Epoch 43] Train Loss: 0.013237, Val Loss: 0.015153
2026-01-16 07:35:37,448 | INFO | Val Loss (adv_beta0.1): 0.032112
2026-01-16 07:35:43,519 | INFO | Val Loss (adv_beta0.4): 0.005168
2026-01-16 07:35:49,601 | INFO | Val Loss (adv_beta1.0): 0.064116
2026-01-16 07:35:55,771 | INFO | Val Loss (burgers_nu0.001): 0.004403
2026-01-16 07:36:01,825 | INFO | Val Loss (burgers_nu0.01): 0.003372
2026-01-16 07:36:08,028 | INFO | Val Loss (burgers_nu0.1): 0.002730
2026-01-16 07:36:11,059 | INFO | Val Loss (reacdiff_rho1): 0.000222
2026-01-16 07:36:14,078 | INFO | Val Loss (reacdiff_rho5): 0.000704
2026-01-16 07:36:17,232 | INFO | Val Loss (diff_sorp): 0.001012
2026-01-16 07:36:17,233 | INFO | [Epoch 44] Train Loss: 0.013369, Val Loss: 0.015045
2026-01-16 07:42:10,899 | INFO | Val Loss (adv_beta0.1): 0.038801
2026-01-16 07:42:17,001 | INFO | Val Loss (adv_beta0.4): 0.010136
2026-01-16 07:42:22,782 | INFO | Val Loss (adv_beta1.0): 0.056573
2026-01-16 07:42:29,000 | INFO | Val Loss (burgers_nu0.001): 0.004967
2026-01-16 07:42:35,283 | INFO | Val Loss (burgers_nu0.01): 0.003897
2026-01-16 07:42:41,355 | INFO | Val Loss (burgers_nu0.1): 0.003177
2026-01-16 07:42:44,449 | INFO | Val Loss (reacdiff_rho1): 0.000391
2026-01-16 07:42:47,663 | INFO | Val Loss (reacdiff_rho5): 0.001126
2026-01-16 07:42:50,817 | INFO | Val Loss (diff_sorp): 0.000679
2026-01-16 07:42:50,818 | INFO | [Epoch 45] Train Loss: 0.013445, Val Loss: 0.015815
2026-01-16 07:48:41,897 | INFO | Val Loss (adv_beta0.1): 0.052070
2026-01-16 07:48:47,930 | INFO | Val Loss (adv_beta0.4): 0.012918
2026-01-16 07:48:54,207 | INFO | Val Loss (adv_beta1.0): 0.041684
2026-01-16 07:49:00,278 | INFO | Val Loss (burgers_nu0.001): 0.004852
2026-01-16 07:49:06,299 | INFO | Val Loss (burgers_nu0.01): 0.003833
2026-01-16 07:49:12,402 | INFO | Val Loss (burgers_nu0.1): 0.003027
2026-01-16 07:49:15,503 | INFO | Val Loss (reacdiff_rho1): 0.000227
2026-01-16 07:49:18,613 | INFO | Val Loss (reacdiff_rho5): 0.000512
2026-01-16 07:49:21,609 | INFO | Val Loss (diff_sorp): 0.001071
2026-01-16 07:49:21,610 | INFO | [Epoch 46] Train Loss: 0.013635, Val Loss: 0.015901
2026-01-16 07:55:14,753 | INFO | Val Loss (adv_beta0.1): 0.039572
2026-01-16 07:55:20,999 | INFO | Val Loss (adv_beta0.4): 0.009521
2026-01-16 07:55:27,191 | INFO | Val Loss (adv_beta1.0): 0.054344
2026-01-16 07:55:33,231 | INFO | Val Loss (burgers_nu0.001): 0.004723
2026-01-16 07:55:39,314 | INFO | Val Loss (burgers_nu0.01): 0.003712
2026-01-16 07:55:45,317 | INFO | Val Loss (burgers_nu0.1): 0.003000
2026-01-16 07:55:48,302 | INFO | Val Loss (reacdiff_rho1): 0.000193
2026-01-16 07:55:51,334 | INFO | Val Loss (reacdiff_rho5): 0.000377
2026-01-16 07:55:54,381 | INFO | Val Loss (diff_sorp): 0.000605
2026-01-16 07:55:54,382 | INFO | [Epoch 47] Train Loss: 0.014023, Val Loss: 0.015390
2026-01-16 08:01:49,756 | INFO | Val Loss (adv_beta0.1): 0.038338
2026-01-16 08:01:55,932 | INFO | Val Loss (adv_beta0.4): 0.007681
2026-01-16 08:02:02,160 | INFO | Val Loss (adv_beta1.0): 0.055792
2026-01-16 08:02:08,333 | INFO | Val Loss (burgers_nu0.001): 0.004483
2026-01-16 08:02:14,363 | INFO | Val Loss (burgers_nu0.01): 0.003624
2026-01-16 08:02:20,403 | INFO | Val Loss (burgers_nu0.1): 0.003231
2026-01-16 08:02:23,623 | INFO | Val Loss (reacdiff_rho1): 0.000964
2026-01-16 08:02:26,670 | INFO | Val Loss (reacdiff_rho5): 0.000761
2026-01-16 08:02:29,694 | INFO | Val Loss (diff_sorp): 0.000869
2026-01-16 08:02:29,695 | INFO | [Epoch 48] Train Loss: 0.013708, Val Loss: 0.015255
2026-01-16 08:08:28,579 | INFO | Val Loss (adv_beta0.1): 0.045466
2026-01-16 08:08:34,893 | INFO | Val Loss (adv_beta0.4): 0.010943
2026-01-16 08:08:41,052 | INFO | Val Loss (adv_beta1.0): 0.048085
2026-01-16 08:08:47,137 | INFO | Val Loss (burgers_nu0.001): 0.005275
2026-01-16 08:08:53,339 | INFO | Val Loss (burgers_nu0.01): 0.004230
2026-01-16 08:08:59,402 | INFO | Val Loss (burgers_nu0.1): 0.003568
2026-01-16 08:09:02,532 | INFO | Val Loss (reacdiff_rho1): 0.000317
2026-01-16 08:09:05,641 | INFO | Val Loss (reacdiff_rho5): 0.000397
2026-01-16 08:09:08,847 | INFO | Val Loss (diff_sorp): 0.000664
2026-01-16 08:09:08,848 | INFO | [Epoch 49] Train Loss: 0.013639, Val Loss: 0.015763
2026-01-16 08:15:05,003 | INFO | Val Loss (adv_beta0.1): 0.032260
2026-01-16 08:15:11,044 | INFO | Val Loss (adv_beta0.4): 0.007507
2026-01-16 08:15:17,283 | INFO | Val Loss (adv_beta1.0): 0.064305
2026-01-16 08:15:23,522 | INFO | Val Loss (burgers_nu0.001): 0.004509
2026-01-16 08:15:29,805 | INFO | Val Loss (burgers_nu0.01): 0.003576
2026-01-16 08:15:35,956 | INFO | Val Loss (burgers_nu0.1): 0.002957
2026-01-16 08:15:39,006 | INFO | Val Loss (reacdiff_rho1): 0.000145
2026-01-16 08:15:42,138 | INFO | Val Loss (reacdiff_rho5): 0.000838
2026-01-16 08:15:45,347 | INFO | Val Loss (diff_sorp): 0.000575
2026-01-16 08:15:45,348 | INFO | [Epoch 50] Train Loss: 0.013471, Val Loss: 0.015448
2026-01-16 08:16:07,822 | INFO | Test Loss (burgers_nu1): 0.005549
2026-01-16 08:16:24,279 | INFO | Test Loss (reacdiff_rho10): 0.002053
2026-01-16 08:16:24,280 | INFO | Test Loss (avg): 0.004382
2026-01-16 08:16:24,349 | INFO | Baseline FNO training complete. Model saved to: outputs/fno_20260116_023727/fno_model.pt
2026-01-16 08:16:50,642 | INFO | Log file: /home/lgz/workspace/MVP/outputs/fno_20260116_023727/run.log
2026-01-16 08:17:57,768 | INFO | One-step MSE (adv_beta0.1): 0.036309
2026-01-16 08:18:18,959 | INFO | One-step MSE (adv_beta0.4): 0.006185
2026-01-16 08:18:39,767 | INFO | One-step MSE (adv_beta1.0): 0.069984
2026-01-16 08:18:55,194 | INFO | One-step MSE (burgers_nu0.001): 0.004487
2026-01-16 08:19:17,969 | INFO | One-step MSE (burgers_nu0.01): 0.003436
2026-01-16 08:19:46,311 | INFO | One-step MSE (burgers_nu0.1): 0.002839
2026-01-16 08:20:01,432 | INFO | One-step MSE (reacdiff_rho1): 0.000242
2026-01-16 08:20:16,582 | INFO | One-step MSE (reacdiff_rho5): 0.000706
2026-01-16 08:20:31,518 | INFO | One-step MSE (diff_sorp): 0.001012
2026-01-16 08:20:31,518 | INFO | One-step MSE (avg): 0.016558
2026-01-16 08:22:56,139 | INFO | Log file: /home/lgz/workspace/MVP/outputs/fno_20260116_023727/run.log
2026-01-16 08:23:05,168 | INFO | MSE after 5 steps (adv_beta0.1): 0.007322
2026-01-16 08:23:05,169 | INFO | MSE after 10 steps (adv_beta0.1): 0.009288
2026-01-16 08:23:05,169 | INFO | MSE after 20 steps (adv_beta0.1): 0.026354
2026-01-16 08:23:05,563 | INFO | Rollout error plot saved to /home/lgz/workspace/MVP/outputs/fno_20260116_023727/rollout_error_adv_beta0.1.png
2026-01-16 08:23:05,620 | INFO | MSE after 5 steps (adv_beta0.4): 0.004552
2026-01-16 08:23:05,621 | INFO | MSE after 10 steps (adv_beta0.4): 0.006813
2026-01-16 08:23:05,621 | INFO | MSE after 20 steps (adv_beta0.4): 0.011148
2026-01-16 08:23:05,883 | INFO | Rollout error plot saved to /home/lgz/workspace/MVP/outputs/fno_20260116_023727/rollout_error_adv_beta0.4.png
2026-01-16 08:23:05,940 | INFO | MSE after 5 steps (adv_beta1.0): 0.012249
2026-01-16 08:23:05,940 | INFO | MSE after 10 steps (adv_beta1.0): 0.014730
2026-01-16 08:23:05,940 | INFO | MSE after 20 steps (adv_beta1.0): 0.032553
2026-01-16 08:23:06,210 | INFO | Rollout error plot saved to /home/lgz/workspace/MVP/outputs/fno_20260116_023727/rollout_error_adv_beta1.0.png
2026-01-16 08:23:06,267 | INFO | MSE after 5 steps (burgers_nu0.001): 0.004495
2026-01-16 08:23:06,267 | INFO | MSE after 10 steps (burgers_nu0.001): 0.005784
2026-01-16 08:23:06,267 | INFO | MSE after 20 steps (burgers_nu0.001): 0.009122
2026-01-16 08:23:06,518 | INFO | Rollout error plot saved to /home/lgz/workspace/MVP/outputs/fno_20260116_023727/rollout_error_burgers_nu0.001.png
2026-01-16 08:23:06,575 | INFO | MSE after 5 steps (burgers_nu0.01): 0.004006
2026-01-16 08:23:06,576 | INFO | MSE after 10 steps (burgers_nu0.01): 0.005004
2026-01-16 08:23:06,576 | INFO | MSE after 20 steps (burgers_nu0.01): 0.008646
2026-01-16 08:23:06,877 | INFO | Rollout error plot saved to /home/lgz/workspace/MVP/outputs/fno_20260116_023727/rollout_error_burgers_nu0.01.png
2026-01-16 08:23:06,935 | INFO | MSE after 5 steps (burgers_nu0.1): 0.002354
2026-01-16 08:23:06,935 | INFO | MSE after 10 steps (burgers_nu0.1): 0.001761
2026-01-16 08:23:06,935 | INFO | MSE after 20 steps (burgers_nu0.1): 0.009233
2026-01-16 08:23:07,185 | INFO | Rollout error plot saved to /home/lgz/workspace/MVP/outputs/fno_20260116_023727/rollout_error_burgers_nu0.1.png
2026-01-16 08:23:07,242 | INFO | MSE after 5 steps (reacdiff_rho1): 0.006173
2026-01-16 08:23:07,242 | INFO | MSE after 10 steps (reacdiff_rho1): 0.026512
2026-01-16 08:23:07,242 | INFO | MSE after 20 steps (reacdiff_rho1): 0.044700
2026-01-16 08:23:07,502 | INFO | Rollout error plot saved to /home/lgz/workspace/MVP/outputs/fno_20260116_023727/rollout_error_reacdiff_rho1.png
2026-01-16 08:23:07,558 | INFO | MSE after 5 steps (reacdiff_rho5): 0.070698
2026-01-16 08:23:07,558 | INFO | MSE after 10 steps (reacdiff_rho5): 0.225372
2026-01-16 08:23:07,559 | INFO | MSE after 20 steps (reacdiff_rho5): 0.291132
2026-01-16 08:23:07,839 | INFO | Rollout error plot saved to /home/lgz/workspace/MVP/outputs/fno_20260116_023727/rollout_error_reacdiff_rho5.png
2026-01-16 08:23:07,896 | INFO | MSE after 5 steps (diff_sorp): 0.046417
2026-01-16 08:23:07,896 | INFO | MSE after 10 steps (diff_sorp): 0.079056
2026-01-16 08:23:07,896 | INFO | MSE after 20 steps (diff_sorp): 0.135529
2026-01-16 08:23:08,177 | INFO | Rollout error plot saved to /home/lgz/workspace/MVP/outputs/fno_20260116_023727/rollout_error_diff_sorp.png
