2026-02-02 20:18:10,258 | INFO | Log file: outputs/primitive_20260202_201810/run.log
2026-02-02 20:38:23,289 | INFO | Dataset[0] adv_beta0.4 params=[0.4000000059604645, 0.0, 0.0] train_pairs=320000 val_pairs=40000 test_pairs=40000 weight=1.0
2026-02-02 20:38:23,290 | INFO | Dataset[1] adv_beta0.1 params=[0.10000000149011612, 0.0, 0.0] train_pairs=320000 val_pairs=40000 test_pairs=40000 weight=1.0
2026-02-02 20:38:23,290 | INFO | Dataset[2] burgers_nu0.001 params=[0.0, 0.0010000000474974513, 0.0] train_pairs=320000 val_pairs=40000 test_pairs=40000 weight=1.0
2026-02-02 20:38:23,290 | INFO | Dataset[3] burgers_nu0.01 params=[0.0, 0.009999999776482582, 0.0] train_pairs=320000 val_pairs=40000 test_pairs=40000 weight=1.0
2026-02-02 20:38:23,291 | INFO | Dataset[4] burgers_nu0.1 params=[0.0, 0.10000000149011612, 0.0] train_pairs=320000 val_pairs=40000 test_pairs=40000 weight=1.0
2026-02-02 20:38:23,291 | INFO | Dataset[5] diff_sorp params=[0.0, 0.0, 0.0] train_pairs=160000 val_pairs=20000 test_pairs=20000 weight=1.0
2026-02-02 20:42:22,502 | INFO | Val NRMSE (adv_beta0.4): 0.152695
2026-02-02 20:43:06,956 | INFO | Val NRMSE (adv_beta0.1): 0.114689
2026-02-02 20:43:38,486 | INFO | Val NRMSE (burgers_nu0.001): 0.174227
2026-02-02 20:44:16,427 | INFO | Val NRMSE (burgers_nu0.01): 0.118053
2026-02-02 20:44:58,620 | INFO | Val NRMSE (burgers_nu0.1): 0.119094
2026-02-02 20:45:29,220 | INFO | Val NRMSE (diff_sorp): 0.149986
2026-02-02 20:45:29,221 | INFO | [Epoch 1] Train NRMSE: 0.137948, Val NRMSE: 0.137046, time: 412.0s
2026-02-02 20:48:28,623 | INFO | Val NRMSE (adv_beta0.4): 0.168966
2026-02-02 20:49:34,285 | INFO | Val NRMSE (adv_beta0.1): 0.031672
2026-02-02 20:51:19,499 | INFO | Val NRMSE (burgers_nu0.001): 0.133181
2026-02-02 20:52:27,226 | INFO | Val NRMSE (burgers_nu0.01): 0.084550
2026-02-02 20:53:34,564 | INFO | Val NRMSE (burgers_nu0.1): 0.103141
2026-02-02 20:54:26,556 | INFO | Val NRMSE (diff_sorp): 0.148867
2026-02-02 20:54:26,556 | INFO | [Epoch 2] Train NRMSE: 0.107824, Val NRMSE: 0.108353, time: 537.1s
2026-02-02 20:57:29,937 | INFO | Val NRMSE (adv_beta0.4): 0.043914
2026-02-02 20:58:36,278 | INFO | Val NRMSE (adv_beta0.1): 0.030931
2026-02-02 21:00:21,120 | INFO | Val NRMSE (burgers_nu0.001): 0.099098
2026-02-02 21:01:28,738 | INFO | Val NRMSE (burgers_nu0.01): 0.048573
2026-02-02 21:02:36,211 | INFO | Val NRMSE (burgers_nu0.1): 0.082547
2026-02-02 21:03:28,471 | INFO | Val NRMSE (diff_sorp): 0.146406
2026-02-02 21:03:28,471 | INFO | [Epoch 3] Train NRMSE: 0.079988, Val NRMSE: 0.068776, time: 541.9s
2026-02-02 21:07:17,388 | INFO | Val NRMSE (adv_beta0.4): 0.046200
2026-02-02 21:08:24,289 | INFO | Val NRMSE (adv_beta0.1): 0.015435
2026-02-02 21:09:31,894 | INFO | Val NRMSE (burgers_nu0.001): 0.109106
2026-02-02 21:11:17,353 | INFO | Val NRMSE (burgers_nu0.01): 0.060180
2026-02-02 21:12:24,707 | INFO | Val NRMSE (burgers_nu0.1): 0.072710
2026-02-02 21:12:39,671 | INFO | Val NRMSE (diff_sorp): 0.016283
2026-02-02 21:12:39,672 | INFO | [Epoch 4] Train NRMSE: 0.054823, Val NRMSE: 0.056686, time: 551.2s
2026-02-02 21:16:29,979 | INFO | Val NRMSE (adv_beta0.4): 0.043806
2026-02-02 21:17:36,468 | INFO | Val NRMSE (adv_beta0.1): 0.017620
2026-02-02 21:19:22,003 | INFO | Val NRMSE (burgers_nu0.001): 0.090558
2026-02-02 21:20:14,177 | INFO | Val NRMSE (burgers_nu0.01): 0.041675
2026-02-02 21:20:44,686 | INFO | Val NRMSE (burgers_nu0.1): 0.077250
2026-02-02 21:20:59,864 | INFO | Val NRMSE (diff_sorp): 0.015514
2026-02-02 21:20:59,865 | INFO | [Epoch 5] Train NRMSE: 0.043987, Val NRMSE: 0.050667, time: 500.2s
2026-02-02 21:24:22,317 | INFO | Val NRMSE (adv_beta0.4): 0.068957
2026-02-02 21:24:47,139 | INFO | Val NRMSE (adv_beta0.1): 0.038362
2026-02-02 21:25:12,694 | INFO | Val NRMSE (burgers_nu0.001): 0.104605
2026-02-02 21:25:39,904 | INFO | Val NRMSE (burgers_nu0.01): 0.066764
2026-02-02 21:26:06,858 | INFO | Val NRMSE (burgers_nu0.1): 0.083617
2026-02-02 21:26:19,305 | INFO | Val NRMSE (diff_sorp): 0.021501
2026-02-02 21:26:19,306 | INFO | [Epoch 6] Train NRMSE: 0.080826, Val NRMSE: 0.067828, time: 319.4s
2026-02-02 21:29:42,327 | INFO | Val NRMSE (adv_beta0.4): 0.044957
2026-02-02 21:30:07,294 | INFO | Val NRMSE (adv_beta0.1): 0.034644
2026-02-02 21:30:34,041 | INFO | Val NRMSE (burgers_nu0.001): 0.089923
2026-02-02 21:30:59,766 | INFO | Val NRMSE (burgers_nu0.01): 0.048147
2026-02-02 21:31:28,049 | INFO | Val NRMSE (burgers_nu0.1): 0.081131
2026-02-02 21:31:40,560 | INFO | Val NRMSE (diff_sorp): 0.009847
2026-02-02 21:31:40,560 | INFO | [Epoch 7] Train NRMSE: 0.049888, Val NRMSE: 0.055223, time: 321.3s
2026-02-02 21:35:04,042 | INFO | Val NRMSE (adv_beta0.4): 0.042400
2026-02-02 21:35:28,852 | INFO | Val NRMSE (adv_beta0.1): 0.028334
2026-02-02 21:35:53,600 | INFO | Val NRMSE (burgers_nu0.001): 0.095670
2026-02-02 21:36:18,336 | INFO | Val NRMSE (burgers_nu0.01): 0.052545
2026-02-02 21:36:44,858 | INFO | Val NRMSE (burgers_nu0.1): 0.063425
2026-02-02 21:36:57,089 | INFO | Val NRMSE (diff_sorp): 0.008441
2026-02-02 21:36:57,089 | INFO | [Epoch 8] Train NRMSE: 0.043668, Val NRMSE: 0.052108, time: 316.5s
2026-02-02 21:40:22,634 | INFO | Val NRMSE (adv_beta0.4): 0.052434
2026-02-02 21:40:47,903 | INFO | Val NRMSE (adv_beta0.1): 0.020711
2026-02-02 21:41:14,550 | INFO | Val NRMSE (burgers_nu0.001): 0.102090
2026-02-02 21:41:41,582 | INFO | Val NRMSE (burgers_nu0.01): 0.062483
2026-02-02 21:42:06,897 | INFO | Val NRMSE (burgers_nu0.1): 0.041625
2026-02-02 21:42:19,032 | INFO | Val NRMSE (diff_sorp): 0.154899
2026-02-02 21:42:19,032 | INFO | [Epoch 9] Train NRMSE: 0.051228, Val NRMSE: 0.064872, time: 321.9s
2026-02-02 21:45:44,094 | INFO | Val NRMSE (adv_beta0.4): 0.035668
2026-02-02 21:46:10,075 | INFO | Val NRMSE (adv_beta0.1): 0.018909
2026-02-02 21:46:34,247 | INFO | Val NRMSE (burgers_nu0.001): 0.085817
2026-02-02 21:46:58,488 | INFO | Val NRMSE (burgers_nu0.01): 0.046659
2026-02-02 21:47:24,453 | INFO | Val NRMSE (burgers_nu0.1): 0.032791
2026-02-02 21:47:37,267 | INFO | Val NRMSE (diff_sorp): 0.011449
2026-02-02 21:47:37,267 | INFO | [Epoch 10] Train NRMSE: 0.045048, Val NRMSE: 0.041012, time: 318.2s
2026-02-02 21:51:07,788 | INFO | Val NRMSE (adv_beta0.4): 0.031581
2026-02-02 21:51:33,977 | INFO | Val NRMSE (adv_beta0.1): 0.015613
2026-02-02 21:51:58,596 | INFO | Val NRMSE (burgers_nu0.001): 0.075753
2026-02-02 21:52:23,586 | INFO | Val NRMSE (burgers_nu0.01): 0.039110
2026-02-02 21:52:49,580 | INFO | Val NRMSE (burgers_nu0.1): 0.027169
2026-02-02 21:53:02,331 | INFO | Val NRMSE (diff_sorp): 0.006020
2026-02-02 21:53:02,331 | INFO | [Epoch 11] Train NRMSE: 0.034076, Val NRMSE: 0.034952, time: 325.0s
2026-02-02 21:56:28,500 | INFO | Val NRMSE (adv_beta0.4): 0.030698
2026-02-02 21:57:33,924 | INFO | Val NRMSE (adv_beta0.1): 0.016695
2026-02-02 21:59:20,186 | INFO | Val NRMSE (burgers_nu0.001): 0.078800
2026-02-02 22:00:26,425 | INFO | Val NRMSE (burgers_nu0.01): 0.043336
2026-02-02 22:01:32,828 | INFO | Val NRMSE (burgers_nu0.1): 0.041811
2026-02-02 22:02:25,423 | INFO | Val NRMSE (diff_sorp): 0.028699
2026-02-02 22:02:25,423 | INFO | [Epoch 12] Train NRMSE: 0.033090, Val NRMSE: 0.041034, time: 563.1s
2026-02-02 22:06:23,107 | INFO | Val NRMSE (adv_beta0.4): 0.032568
2026-02-02 22:07:28,990 | INFO | Val NRMSE (adv_beta0.1): 0.013763
2026-02-02 22:08:33,591 | INFO | Val NRMSE (burgers_nu0.001): 0.074227
2026-02-02 22:10:21,975 | INFO | Val NRMSE (burgers_nu0.01): 0.042566
2026-02-02 22:11:27,913 | INFO | Val NRMSE (burgers_nu0.1): 0.034821
2026-02-02 22:12:21,082 | INFO | Val NRMSE (diff_sorp): 0.008263
2026-02-02 22:12:21,083 | INFO | [Epoch 13] Train NRMSE: 0.029864, Val NRMSE: 0.036741, time: 595.7s
2026-02-02 22:16:22,805 | INFO | Val NRMSE (adv_beta0.4): 0.038770
2026-02-02 22:17:29,290 | INFO | Val NRMSE (adv_beta0.1): 0.084201
2026-02-02 22:18:34,672 | INFO | Val NRMSE (burgers_nu0.001): 0.083440
2026-02-02 22:20:22,196 | INFO | Val NRMSE (burgers_nu0.01): 0.056142
2026-02-02 22:21:27,597 | INFO | Val NRMSE (burgers_nu0.1): 0.046060
2026-02-02 22:22:20,903 | INFO | Val NRMSE (diff_sorp): 0.014985
2026-02-02 22:22:20,904 | INFO | [Epoch 14] Train NRMSE: 0.032840, Val NRMSE: 0.057474, time: 599.8s
2026-02-02 22:26:22,724 | INFO | Val NRMSE (adv_beta0.4): 0.067696
2026-02-02 22:27:29,304 | INFO | Val NRMSE (adv_beta0.1): 0.030298
2026-02-02 22:28:34,889 | INFO | Val NRMSE (burgers_nu0.001): 0.096604
2026-02-02 22:30:22,137 | INFO | Val NRMSE (burgers_nu0.01): 0.060174
2026-02-02 22:31:27,830 | INFO | Val NRMSE (burgers_nu0.1): 0.076354
2026-02-02 22:32:21,278 | INFO | Val NRMSE (diff_sorp): 0.155066
2026-02-02 22:32:21,279 | INFO | [Epoch 15] Train NRMSE: 0.031981, Val NRMSE: 0.074302, time: 600.4s
2026-02-02 22:36:23,073 | INFO | Val NRMSE (adv_beta0.4): 0.027483
2026-02-02 22:37:29,001 | INFO | Val NRMSE (adv_beta0.1): 0.012017
2026-02-02 22:38:34,749 | INFO | Val NRMSE (burgers_nu0.001): 0.069358
2026-02-02 22:40:22,435 | INFO | Val NRMSE (burgers_nu0.01): 0.034934
2026-02-02 22:41:28,253 | INFO | Val NRMSE (burgers_nu0.1): 0.023584
2026-02-02 22:42:21,232 | INFO | Val NRMSE (diff_sorp): 0.005107
2026-02-02 22:42:21,233 | INFO | [Epoch 16] Train NRMSE: 0.031872, Val NRMSE: 0.030896, time: 600.0s
2026-02-02 22:46:22,125 | INFO | Val NRMSE (adv_beta0.4): 0.024378
2026-02-02 22:47:28,506 | INFO | Val NRMSE (adv_beta0.1): 0.011268
2026-02-02 22:48:33,084 | INFO | Val NRMSE (burgers_nu0.001): 0.069053
2026-02-02 22:50:21,183 | INFO | Val NRMSE (burgers_nu0.01): 0.036777
2026-02-02 22:51:27,693 | INFO | Val NRMSE (burgers_nu0.1): 0.020791
2026-02-02 22:52:20,599 | INFO | Val NRMSE (diff_sorp): 0.004985
2026-02-02 22:52:20,600 | INFO | [Epoch 17] Train NRMSE: 0.028818, Val NRMSE: 0.029956, time: 599.3s
2026-02-02 22:56:22,640 | INFO | Val NRMSE (adv_beta0.4): 0.030071
2026-02-02 22:57:29,221 | INFO | Val NRMSE (adv_beta0.1): 0.012236
2026-02-02 22:58:33,819 | INFO | Val NRMSE (burgers_nu0.001): 0.070679
2026-02-02 23:00:21,528 | INFO | Val NRMSE (burgers_nu0.01): 0.040343
2026-02-02 23:01:27,486 | INFO | Val NRMSE (burgers_nu0.1): 0.024581
2026-02-02 23:02:20,473 | INFO | Val NRMSE (diff_sorp): 0.005436
2026-02-02 23:02:20,474 | INFO | [Epoch 18] Train NRMSE: 0.028114, Val NRMSE: 0.032841, time: 599.8s
2026-02-02 23:06:23,183 | INFO | Val NRMSE (adv_beta0.4): 0.023458
2026-02-02 23:07:28,947 | INFO | Val NRMSE (adv_beta0.1): 0.012903
2026-02-02 23:08:34,014 | INFO | Val NRMSE (burgers_nu0.001): 0.068745
2026-02-02 23:10:21,934 | INFO | Val NRMSE (burgers_nu0.01): 0.036225
2026-02-02 23:11:28,319 | INFO | Val NRMSE (burgers_nu0.1): 0.023601
2026-02-02 23:12:21,170 | INFO | Val NRMSE (diff_sorp): 0.005858
2026-02-02 23:12:21,171 | INFO | [Epoch 19] Train NRMSE: 0.027604, Val NRMSE: 0.030520, time: 600.7s
2026-02-02 23:16:21,651 | INFO | Val NRMSE (adv_beta0.4): 0.025989
2026-02-02 23:17:28,200 | INFO | Val NRMSE (adv_beta0.1): 0.010751
2026-02-02 23:18:33,722 | INFO | Val NRMSE (burgers_nu0.001): 0.073311
2026-02-02 23:20:21,172 | INFO | Val NRMSE (burgers_nu0.01): 0.041846
2026-02-02 23:21:26,756 | INFO | Val NRMSE (burgers_nu0.1): 0.027097
2026-02-02 23:22:19,917 | INFO | Val NRMSE (diff_sorp): 0.005104
2026-02-02 23:22:19,918 | INFO | [Epoch 20] Train NRMSE: 0.028572, Val NRMSE: 0.033008, time: 598.7s
2026-02-02 23:26:22,758 | INFO | Val NRMSE (adv_beta0.4): 0.022048
2026-02-02 23:27:28,734 | INFO | Val NRMSE (adv_beta0.1): 0.013071
2026-02-02 23:28:34,103 | INFO | Val NRMSE (burgers_nu0.001): 0.065757
2026-02-02 23:30:21,712 | INFO | Val NRMSE (burgers_nu0.01): 0.036855
2026-02-02 23:31:28,030 | INFO | Val NRMSE (burgers_nu0.1): 0.023553
2026-02-02 23:32:20,849 | INFO | Val NRMSE (diff_sorp): 0.007106
2026-02-02 23:32:20,850 | INFO | [Epoch 21] Train NRMSE: 0.026431, Val NRMSE: 0.029970, time: 600.9s
2026-02-02 23:36:22,666 | INFO | Val NRMSE (adv_beta0.4): 0.019456
2026-02-02 23:37:28,568 | INFO | Val NRMSE (adv_beta0.1): 0.012132
2026-02-02 23:38:34,347 | INFO | Val NRMSE (burgers_nu0.001): 0.070532
2026-02-02 23:40:21,585 | INFO | Val NRMSE (burgers_nu0.01): 0.035553
2026-02-02 23:41:27,139 | INFO | Val NRMSE (burgers_nu0.1): 0.027215
2026-02-02 23:42:20,605 | INFO | Val NRMSE (diff_sorp): 0.007629
2026-02-02 23:42:20,606 | INFO | [Epoch 22] Train NRMSE: 0.027177, Val NRMSE: 0.030673, time: 599.8s
2026-02-02 23:46:22,455 | INFO | Val NRMSE (adv_beta0.4): 0.019353
2026-02-02 23:47:28,689 | INFO | Val NRMSE (adv_beta0.1): 0.010470
2026-02-02 23:48:33,931 | INFO | Val NRMSE (burgers_nu0.001): 0.066005
2026-02-02 23:50:21,656 | INFO | Val NRMSE (burgers_nu0.01): 0.031727
2026-02-02 23:51:27,433 | INFO | Val NRMSE (burgers_nu0.1): 0.023444
2026-02-02 23:52:20,763 | INFO | Val NRMSE (diff_sorp): 0.010074
2026-02-02 23:52:20,763 | INFO | [Epoch 23] Train NRMSE: 0.026111, Val NRMSE: 0.028370, time: 600.2s
2026-02-02 23:56:23,367 | INFO | Val NRMSE (adv_beta0.4): 0.021522
2026-02-02 23:57:29,570 | INFO | Val NRMSE (adv_beta0.1): 0.010308
2026-02-02 23:58:34,498 | INFO | Val NRMSE (burgers_nu0.001): 0.068055
2026-02-03 00:00:22,544 | INFO | Val NRMSE (burgers_nu0.01): 0.031830
2026-02-03 00:01:29,190 | INFO | Val NRMSE (burgers_nu0.1): 0.017393
2026-02-03 00:02:22,133 | INFO | Val NRMSE (diff_sorp): 0.007549
2026-02-03 00:02:22,135 | INFO | [Epoch 24] Train NRMSE: 0.024915, Val NRMSE: 0.027797, time: 601.3s
2026-02-03 00:06:23,409 | INFO | Val NRMSE (adv_beta0.4): 0.020076
2026-02-03 00:07:28,842 | INFO | Val NRMSE (adv_beta0.1): 0.011672
2026-02-03 00:08:34,609 | INFO | Val NRMSE (burgers_nu0.001): 0.067224
2026-02-03 00:10:22,749 | INFO | Val NRMSE (burgers_nu0.01): 0.031248
2026-02-03 00:11:29,684 | INFO | Val NRMSE (burgers_nu0.1): 0.017871
2026-02-03 00:12:22,496 | INFO | Val NRMSE (diff_sorp): 0.005898
2026-02-03 00:12:22,497 | INFO | [Epoch 25] Train NRMSE: 0.027951, Val NRMSE: 0.027462, time: 600.3s
2026-02-03 00:16:24,010 | INFO | Val NRMSE (adv_beta0.4): 0.057560
2026-02-03 00:17:29,800 | INFO | Val NRMSE (adv_beta0.1): 0.009765
2026-02-03 00:18:35,998 | INFO | Val NRMSE (burgers_nu0.001): 0.063292
2026-02-03 00:20:23,495 | INFO | Val NRMSE (burgers_nu0.01): 0.030093
2026-02-03 00:21:29,712 | INFO | Val NRMSE (burgers_nu0.1): 0.018315
2026-02-03 00:22:23,217 | INFO | Val NRMSE (diff_sorp): 0.006120
2026-02-03 00:22:23,217 | INFO | [Epoch 26] Train NRMSE: 0.027142, Val NRMSE: 0.033107, time: 600.7s
2026-02-03 00:26:24,129 | INFO | Val NRMSE (adv_beta0.4): 0.018328
2026-02-03 00:27:29,747 | INFO | Val NRMSE (adv_beta0.1): 0.009791
2026-02-03 00:28:35,457 | INFO | Val NRMSE (burgers_nu0.001): 0.069187
2026-02-03 00:30:23,477 | INFO | Val NRMSE (burgers_nu0.01): 0.033654
2026-02-03 00:31:29,713 | INFO | Val NRMSE (burgers_nu0.1): 0.020124
2026-02-03 00:32:22,792 | INFO | Val NRMSE (diff_sorp): 0.005448
2026-02-03 00:32:22,793 | INFO | [Epoch 27] Train NRMSE: 0.025356, Val NRMSE: 0.027965, time: 599.6s
2026-02-03 00:36:23,723 | INFO | Val NRMSE (adv_beta0.4): 0.019097
2026-02-03 00:37:29,511 | INFO | Val NRMSE (adv_beta0.1): 0.008222
2026-02-03 00:38:35,689 | INFO | Val NRMSE (burgers_nu0.001): 0.063687
2026-02-03 00:40:22,975 | INFO | Val NRMSE (burgers_nu0.01): 0.030500
2026-02-03 00:41:29,343 | INFO | Val NRMSE (burgers_nu0.1): 0.018971
2026-02-03 00:42:22,350 | INFO | Val NRMSE (diff_sorp): 0.011119
2026-02-03 00:42:22,351 | INFO | [Epoch 28] Train NRMSE: 0.024434, Val NRMSE: 0.026552, time: 599.6s
2026-02-03 00:46:24,046 | INFO | Val NRMSE (adv_beta0.4): 0.025139
2026-02-03 00:47:29,998 | INFO | Val NRMSE (adv_beta0.1): 0.008594
2026-02-03 00:48:35,833 | INFO | Val NRMSE (burgers_nu0.001): 0.061927
2026-02-03 00:50:23,653 | INFO | Val NRMSE (burgers_nu0.01): 0.027387
2026-02-03 00:51:30,128 | INFO | Val NRMSE (burgers_nu0.1): 0.013994
2026-02-03 00:52:23,155 | INFO | Val NRMSE (diff_sorp): 0.004011
2026-02-03 00:52:23,159 | INFO | [Epoch 29] Train NRMSE: 0.023234, Val NRMSE: 0.025281, time: 600.8s
2026-02-03 00:56:23,032 | INFO | Val NRMSE (adv_beta0.4): 0.020841
2026-02-03 00:57:28,947 | INFO | Val NRMSE (adv_beta0.1): 0.009233
2026-02-03 00:58:34,716 | INFO | Val NRMSE (burgers_nu0.001): 0.060673
2026-02-03 01:00:22,320 | INFO | Val NRMSE (burgers_nu0.01): 0.029826
2026-02-03 01:01:28,351 | INFO | Val NRMSE (burgers_nu0.1): 0.018587
2026-02-03 01:02:21,710 | INFO | Val NRMSE (diff_sorp): 0.005719
2026-02-03 01:02:21,710 | INFO | [Epoch 30] Train NRMSE: 0.023560, Val NRMSE: 0.025822, time: 598.5s
2026-02-03 01:06:22,189 | INFO | Val NRMSE (adv_beta0.4): 0.016483
2026-02-03 01:07:27,647 | INFO | Val NRMSE (adv_beta0.1): 0.007686
2026-02-03 01:08:33,030 | INFO | Val NRMSE (burgers_nu0.001): 0.059093
2026-02-03 01:10:20,949 | INFO | Val NRMSE (burgers_nu0.01): 0.028689
2026-02-03 01:11:26,598 | INFO | Val NRMSE (burgers_nu0.1): 0.017266
2026-02-03 01:12:19,971 | INFO | Val NRMSE (diff_sorp): 0.003363
2026-02-03 01:12:19,972 | INFO | [Epoch 31] Train NRMSE: 0.023954, Val NRMSE: 0.023800, time: 598.3s
2026-02-03 01:16:22,451 | INFO | Val NRMSE (adv_beta0.4): 0.016097
2026-02-03 01:17:28,503 | INFO | Val NRMSE (adv_beta0.1): 0.044681
2026-02-03 01:18:33,829 | INFO | Val NRMSE (burgers_nu0.001): 0.058434
2026-02-03 01:20:21,275 | INFO | Val NRMSE (burgers_nu0.01): 0.029526
2026-02-03 01:21:27,526 | INFO | Val NRMSE (burgers_nu0.1): 0.016231
2026-02-03 01:22:20,474 | INFO | Val NRMSE (diff_sorp): 0.008970
2026-02-03 01:22:20,475 | INFO | [Epoch 32] Train NRMSE: 0.021872, Val NRMSE: 0.030810, time: 600.5s
2026-02-03 01:26:23,323 | INFO | Val NRMSE (adv_beta0.4): 0.021945
2026-02-03 01:27:28,206 | INFO | Val NRMSE (adv_beta0.1): 0.010604
2026-02-03 01:28:33,733 | INFO | Val NRMSE (burgers_nu0.001): 0.058871
2026-02-03 01:30:21,826 | INFO | Val NRMSE (burgers_nu0.01): 0.029525
2026-02-03 01:31:27,459 | INFO | Val NRMSE (burgers_nu0.1): 0.033694
2026-02-03 01:32:20,776 | INFO | Val NRMSE (diff_sorp): 0.004445
2026-02-03 01:32:20,777 | INFO | [Epoch 33] Train NRMSE: 0.024412, Val NRMSE: 0.028520, time: 600.3s
2026-02-03 01:36:22,653 | INFO | Val NRMSE (adv_beta0.4): 0.017596
2026-02-03 01:37:29,034 | INFO | Val NRMSE (adv_beta0.1): 0.009953
2026-02-03 01:38:34,394 | INFO | Val NRMSE (burgers_nu0.001): 0.058119
2026-02-03 01:40:21,985 | INFO | Val NRMSE (burgers_nu0.01): 0.029970
2026-02-03 01:41:29,069 | INFO | Val NRMSE (burgers_nu0.1): 0.017880
2026-02-03 01:42:21,601 | INFO | Val NRMSE (diff_sorp): 0.003966
2026-02-03 01:42:21,603 | INFO | [Epoch 34] Train NRMSE: 0.024595, Val NRMSE: 0.024636, time: 600.8s
2026-02-03 01:46:23,738 | INFO | Val NRMSE (adv_beta0.4): 0.023713
2026-02-03 01:47:28,924 | INFO | Val NRMSE (adv_beta0.1): 0.010303
2026-02-03 01:48:34,603 | INFO | Val NRMSE (burgers_nu0.001): 0.062879
2026-02-03 01:50:22,078 | INFO | Val NRMSE (burgers_nu0.01): 0.026743
2026-02-03 01:51:28,490 | INFO | Val NRMSE (burgers_nu0.1): 0.018447
2026-02-03 01:52:21,355 | INFO | Val NRMSE (diff_sorp): 0.005734
2026-02-03 01:52:21,355 | INFO | [Epoch 35] Train NRMSE: 0.023474, Val NRMSE: 0.026355, time: 599.8s
2026-02-03 01:56:24,804 | INFO | Val NRMSE (adv_beta0.4): 0.074573
2026-02-03 01:57:30,293 | INFO | Val NRMSE (adv_beta0.1): 0.017944
2026-02-03 01:58:35,549 | INFO | Val NRMSE (burgers_nu0.001): 0.063485
2026-02-03 02:00:23,197 | INFO | Val NRMSE (burgers_nu0.01): 0.035448
2026-02-03 02:01:29,427 | INFO | Val NRMSE (burgers_nu0.1): 0.016151
2026-02-03 02:02:22,683 | INFO | Val NRMSE (diff_sorp): 0.006404
2026-02-03 02:02:22,683 | INFO | [Epoch 36] Train NRMSE: 0.027696, Val NRMSE: 0.038328, time: 601.3s
2026-02-03 02:06:23,326 | INFO | Val NRMSE (adv_beta0.4): 0.061242
2026-02-03 02:07:28,840 | INFO | Val NRMSE (adv_beta0.1): 0.034007
2026-02-03 02:08:34,652 | INFO | Val NRMSE (burgers_nu0.001): 0.060675
2026-02-03 02:10:21,740 | INFO | Val NRMSE (burgers_nu0.01): 0.028224
2026-02-03 02:11:28,850 | INFO | Val NRMSE (burgers_nu0.1): 0.019232
2026-02-03 02:12:21,444 | INFO | Val NRMSE (diff_sorp): 0.004938
2026-02-03 02:12:21,444 | INFO | [Epoch 37] Train NRMSE: 0.045274, Val NRMSE: 0.037427, time: 598.8s
2026-02-03 02:16:22,323 | INFO | Val NRMSE (adv_beta0.4): 0.037200
2026-02-03 02:17:28,259 | INFO | Val NRMSE (adv_beta0.1): 0.015085
2026-02-03 02:18:34,121 | INFO | Val NRMSE (burgers_nu0.001): 0.057978
2026-02-03 02:20:21,878 | INFO | Val NRMSE (burgers_nu0.01): 0.025708
2026-02-03 02:21:29,429 | INFO | Val NRMSE (burgers_nu0.1): 0.019834
2026-02-03 02:22:21,489 | INFO | Val NRMSE (diff_sorp): 0.004930
2026-02-03 02:22:21,489 | INFO | [Epoch 38] Train NRMSE: 0.031354, Val NRMSE: 0.028776, time: 600.0s
2026-02-03 02:26:23,345 | INFO | Val NRMSE (adv_beta0.4): 0.024502
2026-02-03 02:27:28,988 | INFO | Val NRMSE (adv_beta0.1): 0.022683
2026-02-03 02:28:34,062 | INFO | Val NRMSE (burgers_nu0.001): 0.061594
2026-02-03 02:30:21,874 | INFO | Val NRMSE (burgers_nu0.01): 0.028245
2026-02-03 02:31:27,965 | INFO | Val NRMSE (burgers_nu0.1): 0.016804
2026-02-03 02:32:21,046 | INFO | Val NRMSE (diff_sorp): 0.003808
2026-02-03 02:32:21,046 | INFO | [Epoch 39] Train NRMSE: 0.026883, Val NRMSE: 0.028315, time: 599.6s
2026-02-03 02:36:22,599 | INFO | Val NRMSE (adv_beta0.4): 0.022762
2026-02-03 02:37:28,094 | INFO | Val NRMSE (adv_beta0.1): 0.014158
2026-02-03 02:38:33,499 | INFO | Val NRMSE (burgers_nu0.001): 0.060345
2026-02-03 02:40:21,396 | INFO | Val NRMSE (burgers_nu0.01): 0.025980
2026-02-03 02:41:26,909 | INFO | Val NRMSE (burgers_nu0.1): 0.014245
2026-02-03 02:42:20,255 | INFO | Val NRMSE (diff_sorp): 0.003049
2026-02-03 02:42:20,255 | INFO | [Epoch 40] Train NRMSE: 0.025728, Val NRMSE: 0.025276, time: 599.2s
2026-02-03 02:46:21,745 | INFO | Val NRMSE (adv_beta0.4): 0.112788
2026-02-03 02:47:27,651 | INFO | Val NRMSE (adv_beta0.1): 0.014312
2026-02-03 02:48:33,356 | INFO | Val NRMSE (burgers_nu0.001): 0.058805
2026-02-03 02:50:20,753 | INFO | Val NRMSE (burgers_nu0.01): 0.034247
2026-02-03 02:51:26,423 | INFO | Val NRMSE (burgers_nu0.1): 0.029601
2026-02-03 02:52:19,556 | INFO | Val NRMSE (diff_sorp): 0.225607
2026-02-03 02:52:19,557 | INFO | [Epoch 41] Train NRMSE: 0.027546, Val NRMSE: 0.065919, time: 599.3s
2026-02-03 02:56:23,822 | INFO | Val NRMSE (adv_beta0.4): 0.022765
2026-02-03 02:57:28,799 | INFO | Val NRMSE (adv_beta0.1): 0.010565
2026-02-03 02:58:34,093 | INFO | Val NRMSE (burgers_nu0.001): 0.085523
2026-02-03 03:00:21,931 | INFO | Val NRMSE (burgers_nu0.01): 0.049407
2026-02-03 03:01:27,533 | INFO | Val NRMSE (burgers_nu0.1): 0.050750
2026-02-03 03:02:20,583 | INFO | Val NRMSE (diff_sorp): 0.146862
2026-02-03 03:02:20,583 | INFO | [Epoch 42] Train NRMSE: 0.048156, Val NRMSE: 0.053171, time: 601.0s
2026-02-03 03:06:23,986 | INFO | Val NRMSE (adv_beta0.4): 0.016831
2026-02-03 03:07:28,874 | INFO | Val NRMSE (adv_beta0.1): 0.012686
2026-02-03 03:08:34,162 | INFO | Val NRMSE (burgers_nu0.001): 0.078710
2026-02-03 03:10:22,060 | INFO | Val NRMSE (burgers_nu0.01): 0.044900
2026-02-03 03:11:27,680 | INFO | Val NRMSE (burgers_nu0.1): 0.045674
2026-02-03 03:12:20,920 | INFO | Val NRMSE (diff_sorp): 0.146272
2026-02-03 03:12:20,921 | INFO | [Epoch 43] Train NRMSE: 0.050611, Val NRMSE: 0.049443, time: 600.3s
2026-02-03 03:16:24,394 | INFO | Val NRMSE (adv_beta0.4): 0.028296
2026-02-03 03:17:29,143 | INFO | Val NRMSE (adv_beta0.1): 0.013741
2026-02-03 03:18:34,240 | INFO | Val NRMSE (burgers_nu0.001): 0.069926
2026-02-03 03:20:22,373 | INFO | Val NRMSE (burgers_nu0.01): 0.038245
2026-02-03 03:21:28,145 | INFO | Val NRMSE (burgers_nu0.1): 0.046927
2026-02-03 03:22:21,129 | INFO | Val NRMSE (diff_sorp): 0.139964
2026-02-03 03:22:21,130 | INFO | [Epoch 44] Train NRMSE: 0.048187, Val NRMSE: 0.048567, time: 600.2s
2026-02-03 03:26:26,770 | INFO | Val NRMSE (adv_beta0.4): 0.021258
2026-02-03 03:27:31,500 | INFO | Val NRMSE (adv_beta0.1): 0.014388
2026-02-03 03:29:18,759 | INFO | Val NRMSE (burgers_nu0.001): 0.081832
2026-02-03 03:30:24,526 | INFO | Val NRMSE (burgers_nu0.01): 0.037335
2026-02-03 03:31:31,324 | INFO | Val NRMSE (burgers_nu0.1): 0.042328
2026-02-03 03:32:24,195 | INFO | Val NRMSE (diff_sorp): 0.128557
2026-02-03 03:32:24,197 | INFO | [Epoch 45] Train NRMSE: 0.045062, Val NRMSE: 0.047531, time: 603.1s
2026-02-03 03:36:24,394 | INFO | Val NRMSE (adv_beta0.4): 0.024976
2026-02-03 03:37:29,449 | INFO | Val NRMSE (adv_beta0.1): 0.020815
2026-02-03 03:39:17,639 | INFO | Val NRMSE (burgers_nu0.001): 0.123392
2026-02-03 03:40:24,653 | INFO | Val NRMSE (burgers_nu0.01): 0.113783
2026-02-03 03:41:30,178 | INFO | Val NRMSE (burgers_nu0.1): 0.042884
2026-02-03 03:42:23,205 | INFO | Val NRMSE (diff_sorp): 0.028557
2026-02-03 03:42:23,205 | INFO | [Epoch 46] Train NRMSE: 0.040954, Val NRMSE: 0.061842, time: 599.0s
2026-02-03 03:46:24,230 | INFO | Val NRMSE (adv_beta0.4): 0.024167
2026-02-03 03:47:29,343 | INFO | Val NRMSE (adv_beta0.1): 0.015539
2026-02-03 03:48:36,284 | INFO | Val NRMSE (burgers_nu0.001): 0.075609
2026-02-03 03:50:26,060 | INFO | Val NRMSE (burgers_nu0.01): 0.082605
2026-02-03 03:51:30,325 | INFO | Val NRMSE (burgers_nu0.1): 0.057096
2026-02-03 03:52:22,984 | INFO | Val NRMSE (diff_sorp): 0.023186
2026-02-03 03:52:22,985 | INFO | [Epoch 47] Train NRMSE: 0.045437, Val NRMSE: 0.048474, time: 599.8s
2026-02-03 03:56:23,876 | INFO | Val NRMSE (adv_beta0.4): 0.037240
2026-02-03 03:57:30,225 | INFO | Val NRMSE (adv_beta0.1): 0.015452
2026-02-03 03:59:17,322 | INFO | Val NRMSE (burgers_nu0.001): 0.069528
2026-02-03 04:00:23,869 | INFO | Val NRMSE (burgers_nu0.01): 0.033969
2026-02-03 04:01:29,642 | INFO | Val NRMSE (burgers_nu0.1): 0.084067
2026-02-03 04:02:22,381 | INFO | Val NRMSE (diff_sorp): 0.024524
2026-02-03 04:02:22,381 | INFO | [Epoch 48] Train NRMSE: 0.043414, Val NRMSE: 0.045912, time: 599.4s
2026-02-03 04:06:24,143 | INFO | Val NRMSE (adv_beta0.4): 0.030296
2026-02-03 04:07:30,277 | INFO | Val NRMSE (adv_beta0.1): 0.015869
2026-02-03 04:08:35,177 | INFO | Val NRMSE (burgers_nu0.001): 0.069745
2026-02-03 04:10:23,093 | INFO | Val NRMSE (burgers_nu0.01): 0.034591
2026-02-03 04:11:28,685 | INFO | Val NRMSE (burgers_nu0.1): 0.061808
2026-02-03 04:12:21,816 | INFO | Val NRMSE (diff_sorp): 0.021377
2026-02-03 04:12:21,817 | INFO | [Epoch 49] Train NRMSE: 0.032935, Val NRMSE: 0.040545, time: 599.4s
2026-02-03 04:16:23,541 | INFO | Val NRMSE (adv_beta0.4): 0.019128
2026-02-03 04:17:30,368 | INFO | Val NRMSE (adv_beta0.1): 0.013181
2026-02-03 04:18:35,846 | INFO | Val NRMSE (burgers_nu0.001): 0.068331
2026-02-03 04:20:22,714 | INFO | Val NRMSE (burgers_nu0.01): 0.036314
2026-02-03 04:21:29,252 | INFO | Val NRMSE (burgers_nu0.1): 0.048373
2026-02-03 04:22:22,203 | INFO | Val NRMSE (diff_sorp): 0.020613
2026-02-03 04:22:22,203 | INFO | [Epoch 50] Train NRMSE: 0.031424, Val NRMSE: 0.035570, time: 600.4s
2026-02-03 04:22:25,170 | INFO | Primitive training complete. Model saved to: outputs/primitive_20260202_201810/primitive_model.pt
2026-02-03 04:22:50,629 | INFO | Log file: /home/lgz/workspace/MVP/outputs/primitive_20260202_201810/run.log
2026-02-03 04:32:24,308 | INFO | [ID] One-step NRMSE avg: 0.023434
2026-02-03 04:32:24,309 | INFO | [ID] One-step NRMSE adv_beta0.4: 0.016605
2026-02-03 04:32:24,309 | INFO | [ID] One-step NRMSE adv_beta0.1: 0.008223
2026-02-03 04:32:24,309 | INFO | [ID] One-step NRMSE burgers_nu0.001: 0.057802
2026-02-03 04:32:24,309 | INFO | [ID] One-step NRMSE burgers_nu0.01: 0.027504
2026-02-03 04:32:24,309 | INFO | [ID] One-step NRMSE burgers_nu0.1: 0.017071
2026-02-03 04:32:24,309 | INFO | [ID] One-step NRMSE diff_sorp: 0.003359
2026-02-03 04:32:24,309 | INFO | [ID] Rollout NRMSE@20 avg: 0.097703
2026-02-03 04:32:24,309 | INFO | [ID] Rollout NRMSE@20 adv_beta0.4: 0.122560
2026-02-03 04:32:24,309 | INFO | [ID] Rollout NRMSE@20 adv_beta0.1: 0.057839
2026-02-03 04:32:24,309 | INFO | [ID] Rollout NRMSE@20 burgers_nu0.001: 0.229638
2026-02-03 04:32:24,309 | INFO | [ID] Rollout NRMSE@20 burgers_nu0.01: 0.076958
2026-02-03 04:32:24,309 | INFO | [ID] Rollout NRMSE@20 burgers_nu0.1: 0.084892
2026-02-03 04:32:24,309 | INFO | [ID] Rollout NRMSE@20 diff_sorp: 0.014330
2026-02-03 04:35:30,041 | INFO | [OOD_PARAM] One-step NRMSE avg: 0.302723
2026-02-03 04:35:30,041 | INFO | [OOD_PARAM] One-step NRMSE adv_beta1.0: 0.402484
2026-02-03 04:35:30,041 | INFO | [OOD_PARAM] One-step NRMSE burgers_nu1: 0.202963
2026-02-03 04:35:30,042 | INFO | [OOD_PARAM] Rollout NRMSE@20 avg: 0.742094
2026-02-03 04:35:30,042 | INFO | [OOD_PARAM] Rollout NRMSE@20 adv_beta1.0: 1.357566
2026-02-03 04:35:30,042 | INFO | [OOD_PARAM] Rollout NRMSE@20 burgers_nu1: 0.126621
2026-02-03 04:38:24,501 | INFO | [OOD_EQUATION] One-step NRMSE avg: 0.795994
2026-02-03 04:38:24,501 | INFO | [OOD_EQUATION] One-step NRMSE reacdiff_rho1: 1.103393
2026-02-03 04:38:24,501 | INFO | [OOD_EQUATION] One-step NRMSE reacdiff_rho5: 0.525127
2026-02-03 04:38:24,501 | INFO | [OOD_EQUATION] One-step NRMSE reacdiff_rho10: 0.759462
2026-02-03 04:38:24,501 | INFO | [OOD_EQUATION] Rollout NRMSE@20 avg: 17.017372
2026-02-03 04:38:24,501 | INFO | [OOD_EQUATION] Rollout NRMSE@20 reacdiff_rho1: 0.564082
2026-02-03 04:38:24,501 | INFO | [OOD_EQUATION] Rollout NRMSE@20 reacdiff_rho5: 5.759663
2026-02-03 04:38:24,501 | INFO | [OOD_EQUATION] Rollout NRMSE@20 reacdiff_rho10: 44.728371
2026-02-03 04:38:24,745 | INFO | Evaluation complete. Plots in /home/lgz/workspace/MVP/outputs/primitive_20260202_201810/plots/eval
