2026-01-15 20:13:23,521 | INFO | Log file: outputs/primitive_20260115_201323/run.log
2026-01-15 20:13:33,113 | INFO | Dataset[0] adv_beta0.1 params=[0.10000000149011612, 0.0, 0.0] train_pairs=160000 val_pairs=20000 test_pairs=20000 weight=1.0
2026-01-15 20:13:33,114 | INFO | Dataset[1] adv_beta0.4 params=[0.4000000059604645, 0.0, 0.0] train_pairs=160000 val_pairs=20000 test_pairs=20000 weight=1.0
2026-01-15 20:13:33,114 | INFO | Dataset[2] adv_beta1.0 params=[1.0, 0.0, 0.0] train_pairs=160000 val_pairs=20000 test_pairs=20000 weight=1.0
2026-01-15 20:13:33,114 | INFO | Dataset[3] burgers_nu0.001 params=[0.0, 0.0010000000474974513, 0.0] train_pairs=160000 val_pairs=20000 test_pairs=20000 weight=1.0
2026-01-15 20:13:33,114 | INFO | Dataset[4] burgers_nu0.01 params=[0.0, 0.009999999776482582, 0.0] train_pairs=160000 val_pairs=20000 test_pairs=20000 weight=1.0
2026-01-15 20:13:33,115 | INFO | Dataset[5] burgers_nu0.1 params=[0.0, 0.10000000149011612, 0.0] train_pairs=160000 val_pairs=20000 test_pairs=20000 weight=1.0
2026-01-15 20:13:33,115 | INFO | Dataset[6] reacdiff_rho1 params=[0.0, 0.5, 1.0] train_pairs=80000 val_pairs=10000 test_pairs=10000 weight=1.0
2026-01-15 20:13:33,115 | INFO | Dataset[7] reacdiff_rho5 params=[0.0, 0.5, 5.0] train_pairs=80000 val_pairs=10000 test_pairs=10000 weight=1.0
2026-01-15 20:13:33,115 | INFO | Dataset[8] diff_sorp params=[0.0, 0.0, 0.0] train_pairs=80000 val_pairs=10000 test_pairs=10000 weight=1.0
2026-01-15 20:20:18,450 | INFO | Val Loss (adv_beta0.1): 0.005718
2026-01-15 20:20:33,332 | INFO | Val Loss (adv_beta0.4): 0.009846
2026-01-15 20:20:50,049 | INFO | Val Loss (adv_beta1.0): 0.031519
2026-01-15 20:21:05,179 | INFO | Val Loss (burgers_nu0.001): 0.004791
2026-01-15 20:21:21,486 | INFO | Val Loss (burgers_nu0.01): 0.002335
2026-01-15 20:21:44,206 | INFO | Val Loss (burgers_nu0.1): 0.004136
2026-01-15 20:21:55,965 | INFO | Val Loss (reacdiff_rho1): 0.002968
2026-01-15 20:22:10,063 | INFO | Val Loss (reacdiff_rho5): 0.026673
2026-01-15 20:22:29,645 | INFO | Val Loss (diff_sorp): 0.001890
2026-01-15 20:22:29,646 | INFO | [Epoch 1] Train Loss: 0.016056, Val Loss: 0.009882
2026-01-15 20:29:09,440 | INFO | Val Loss (adv_beta0.1): 0.001232
2026-01-15 20:29:21,705 | INFO | Val Loss (adv_beta0.4): 0.006649
2026-01-15 20:29:34,516 | INFO | Val Loss (adv_beta1.0): 0.004941
2026-01-15 20:29:46,714 | INFO | Val Loss (burgers_nu0.001): 0.003950
2026-01-15 20:30:00,242 | INFO | Val Loss (burgers_nu0.01): 0.001603
2026-01-15 20:30:15,325 | INFO | Val Loss (burgers_nu0.1): 0.001242
2026-01-15 20:30:21,630 | INFO | Val Loss (reacdiff_rho1): 0.002354
2026-01-15 20:30:28,174 | INFO | Val Loss (reacdiff_rho5): 0.002629
2026-01-15 20:30:34,567 | INFO | Val Loss (diff_sorp): 0.001570
2026-01-15 20:30:34,567 | INFO | [Epoch 2] Train Loss: 0.006275, Val Loss: 0.003052
2026-01-15 20:37:22,494 | INFO | Val Loss (adv_beta0.1): 0.007855
2026-01-15 20:37:35,759 | INFO | Val Loss (adv_beta0.4): 0.006274
2026-01-15 20:37:50,022 | INFO | Val Loss (adv_beta1.0): 0.045107
2026-01-15 20:38:05,855 | INFO | Val Loss (burgers_nu0.001): 0.003648
2026-01-15 20:38:20,681 | INFO | Val Loss (burgers_nu0.01): 0.001534
2026-01-15 20:38:35,178 | INFO | Val Loss (burgers_nu0.1): 0.001104
2026-01-15 20:38:42,477 | INFO | Val Loss (reacdiff_rho1): 0.002353
2026-01-15 20:38:49,376 | INFO | Val Loss (reacdiff_rho5): 0.004292
2026-01-15 20:38:55,318 | INFO | Val Loss (diff_sorp): 0.004495
2026-01-15 20:38:55,318 | INFO | [Epoch 3] Train Loss: 0.004894, Val Loss: 0.009477
2026-01-15 20:45:51,471 | INFO | Val Loss (adv_beta0.1): 0.003155
2026-01-15 20:46:04,328 | INFO | Val Loss (adv_beta0.4): 0.005910
2026-01-15 20:46:16,978 | INFO | Val Loss (adv_beta1.0): 0.004648
2026-01-15 20:46:29,517 | INFO | Val Loss (burgers_nu0.001): 0.003193
2026-01-15 20:46:42,169 | INFO | Val Loss (burgers_nu0.01): 0.001221
2026-01-15 20:46:54,868 | INFO | Val Loss (burgers_nu0.1): 0.000920
2026-01-15 20:47:01,374 | INFO | Val Loss (reacdiff_rho1): 0.000587
2026-01-15 20:47:09,225 | INFO | Val Loss (reacdiff_rho5): 0.002198
2026-01-15 20:47:16,377 | INFO | Val Loss (diff_sorp): 0.002095
2026-01-15 20:47:16,378 | INFO | [Epoch 4] Train Loss: 0.002906, Val Loss: 0.002864
2026-01-15 20:54:02,238 | INFO | Val Loss (adv_beta0.1): 0.001274
2026-01-15 20:54:14,685 | INFO | Val Loss (adv_beta0.4): 0.002261
2026-01-15 20:54:27,139 | INFO | Val Loss (adv_beta1.0): 0.001078
2026-01-15 20:54:39,482 | INFO | Val Loss (burgers_nu0.001): 0.003211
2026-01-15 20:54:51,829 | INFO | Val Loss (burgers_nu0.01): 0.001313
2026-01-15 20:55:04,453 | INFO | Val Loss (burgers_nu0.1): 0.001028
2026-01-15 20:55:10,630 | INFO | Val Loss (reacdiff_rho1): 0.001476
2026-01-15 20:55:16,780 | INFO | Val Loss (reacdiff_rho5): 0.000351
2026-01-15 20:55:23,048 | INFO | Val Loss (diff_sorp): 0.000286
2026-01-15 20:55:23,049 | INFO | [Epoch 5] Train Loss: 0.003838, Val Loss: 0.001496
2026-01-15 21:01:59,779 | INFO | Val Loss (adv_beta0.1): 0.001590
2026-01-15 21:02:11,580 | INFO | Val Loss (adv_beta0.4): 0.002166
2026-01-15 21:02:23,457 | INFO | Val Loss (adv_beta1.0): 0.001829
2026-01-15 21:02:35,184 | INFO | Val Loss (burgers_nu0.001): 0.002543
2026-01-15 21:02:47,026 | INFO | Val Loss (burgers_nu0.01): 0.000986
2026-01-15 21:02:58,872 | INFO | Val Loss (burgers_nu0.1): 0.001239
2026-01-15 21:03:07,961 | INFO | Val Loss (reacdiff_rho1): 0.000742
2026-01-15 21:03:15,269 | INFO | Val Loss (reacdiff_rho5): 0.000848
2026-01-15 21:03:21,434 | INFO | Val Loss (diff_sorp): 0.000573
2026-01-15 21:03:21,434 | INFO | [Epoch 6] Train Loss: 0.002317, Val Loss: 0.001524
2026-01-15 21:10:06,989 | INFO | Val Loss (adv_beta0.1): 0.000987
2026-01-15 21:10:19,278 | INFO | Val Loss (adv_beta0.4): 0.001969
2026-01-15 21:10:32,020 | INFO | Val Loss (adv_beta1.0): 0.001844
2026-01-15 21:10:44,869 | INFO | Val Loss (burgers_nu0.001): 0.002508
2026-01-15 21:10:56,745 | INFO | Val Loss (burgers_nu0.01): 0.001012
2026-01-15 21:11:08,522 | INFO | Val Loss (burgers_nu0.1): 0.001024
2026-01-15 21:11:14,468 | INFO | Val Loss (reacdiff_rho1): 0.000240
2026-01-15 21:11:20,620 | INFO | Val Loss (reacdiff_rho5): 0.001604
2026-01-15 21:11:26,593 | INFO | Val Loss (diff_sorp): 0.000112
2026-01-15 21:11:26,593 | INFO | [Epoch 7] Train Loss: 0.002678, Val Loss: 0.001376
2026-01-15 21:18:07,122 | INFO | Val Loss (adv_beta0.1): 0.002531
2026-01-15 21:18:19,005 | INFO | Val Loss (adv_beta0.4): 0.003084
2026-01-15 21:18:31,126 | INFO | Val Loss (adv_beta1.0): 0.003547
2026-01-15 21:18:43,169 | INFO | Val Loss (burgers_nu0.001): 0.002318
2026-01-15 21:18:54,451 | INFO | Val Loss (burgers_nu0.01): 0.000875
2026-01-15 21:19:06,248 | INFO | Val Loss (burgers_nu0.1): 0.001030
2026-01-15 21:19:12,378 | INFO | Val Loss (reacdiff_rho1): 0.000415
2026-01-15 21:19:18,708 | INFO | Val Loss (reacdiff_rho5): 0.000567
2026-01-15 21:19:24,839 | INFO | Val Loss (diff_sorp): 0.000300
2026-01-15 21:19:24,839 | INFO | [Epoch 8] Train Loss: 0.002357, Val Loss: 0.001870
2026-01-15 21:26:05,483 | INFO | Val Loss (adv_beta0.1): 0.006844
2026-01-15 21:26:16,944 | INFO | Val Loss (adv_beta0.4): 0.002845
2026-01-15 21:26:28,158 | INFO | Val Loss (adv_beta1.0): 0.002342
2026-01-15 21:26:40,008 | INFO | Val Loss (burgers_nu0.001): 0.002189
2026-01-15 21:26:51,809 | INFO | Val Loss (burgers_nu0.01): 0.000800
2026-01-15 21:27:03,963 | INFO | Val Loss (burgers_nu0.1): 0.000917
2026-01-15 21:27:10,009 | INFO | Val Loss (reacdiff_rho1): 0.000364
2026-01-15 21:27:16,088 | INFO | Val Loss (reacdiff_rho5): 0.001012
2026-01-15 21:27:22,130 | INFO | Val Loss (diff_sorp): 0.000836
2026-01-15 21:27:22,130 | INFO | [Epoch 9] Train Loss: 0.001995, Val Loss: 0.002272
2026-01-15 21:34:02,901 | INFO | Val Loss (adv_beta0.1): 0.000656
2026-01-15 21:34:14,899 | INFO | Val Loss (adv_beta0.4): 0.001285
2026-01-15 21:34:26,828 | INFO | Val Loss (adv_beta1.0): 0.000840
2026-01-15 21:34:38,476 | INFO | Val Loss (burgers_nu0.001): 0.002326
2026-01-15 21:34:50,761 | INFO | Val Loss (burgers_nu0.01): 0.000946
2026-01-15 21:35:02,905 | INFO | Val Loss (burgers_nu0.1): 0.000954
2026-01-15 21:35:08,774 | INFO | Val Loss (reacdiff_rho1): 0.000255
2026-01-15 21:35:14,858 | INFO | Val Loss (reacdiff_rho5): 0.001366
2026-01-15 21:35:20,935 | INFO | Val Loss (diff_sorp): 0.000102
2026-01-15 21:35:20,935 | INFO | [Epoch 10] Train Loss: 0.002174, Val Loss: 0.001049
2026-01-15 21:42:00,009 | INFO | Val Loss (adv_beta0.1): 0.000671
2026-01-15 21:42:12,114 | INFO | Val Loss (adv_beta0.4): 0.001466
2026-01-15 21:42:24,236 | INFO | Val Loss (adv_beta1.0): 0.000875
2026-01-15 21:42:35,855 | INFO | Val Loss (burgers_nu0.001): 0.001811
2026-01-15 21:42:47,900 | INFO | Val Loss (burgers_nu0.01): 0.000671
2026-01-15 21:43:00,153 | INFO | Val Loss (burgers_nu0.1): 0.001062
2026-01-15 21:43:06,233 | INFO | Val Loss (reacdiff_rho1): 0.000432
2026-01-15 21:43:12,503 | INFO | Val Loss (reacdiff_rho5): 0.000721
2026-01-15 21:43:18,382 | INFO | Val Loss (diff_sorp): 0.000047
2026-01-15 21:43:18,383 | INFO | [Epoch 11] Train Loss: 0.001762, Val Loss: 0.000954
2026-01-15 21:49:51,864 | INFO | Val Loss (adv_beta0.1): 0.000438
2026-01-15 21:50:03,813 | INFO | Val Loss (adv_beta0.4): 0.000980
2026-01-15 21:50:15,758 | INFO | Val Loss (adv_beta1.0): 0.001148
2026-01-15 21:50:27,385 | INFO | Val Loss (burgers_nu0.001): 0.002724
2026-01-15 21:50:39,513 | INFO | Val Loss (burgers_nu0.01): 0.001390
2026-01-15 21:50:51,635 | INFO | Val Loss (burgers_nu0.1): 0.001232
2026-01-15 21:50:57,704 | INFO | Val Loss (reacdiff_rho1): 0.000506
2026-01-15 21:51:03,697 | INFO | Val Loss (reacdiff_rho5): 0.000553
2026-01-15 21:51:09,712 | INFO | Val Loss (diff_sorp): 0.000063
2026-01-15 21:51:09,712 | INFO | [Epoch 12] Train Loss: 0.001658, Val Loss: 0.001130
2026-01-15 21:57:32,768 | INFO | Val Loss (adv_beta0.1): 0.000605
2026-01-15 21:57:44,814 | INFO | Val Loss (adv_beta0.4): 0.001362
2026-01-15 21:57:56,636 | INFO | Val Loss (adv_beta1.0): 0.000999
2026-01-15 21:58:08,529 | INFO | Val Loss (burgers_nu0.001): 0.001930
2026-01-15 21:58:20,251 | INFO | Val Loss (burgers_nu0.01): 0.000789
2026-01-15 21:58:32,175 | INFO | Val Loss (burgers_nu0.1): 0.001119
2026-01-15 21:58:38,210 | INFO | Val Loss (reacdiff_rho1): 0.000251
2026-01-15 21:58:44,302 | INFO | Val Loss (reacdiff_rho5): 0.000641
2026-01-15 21:58:50,227 | INFO | Val Loss (diff_sorp): 0.000064
2026-01-15 21:58:50,227 | INFO | [Epoch 13] Train Loss: 0.001770, Val Loss: 0.000971
2026-01-15 22:05:19,673 | INFO | Val Loss (adv_beta0.1): 0.002123
2026-01-15 22:05:31,835 | INFO | Val Loss (adv_beta0.4): 0.005017
2026-01-15 22:05:43,529 | INFO | Val Loss (adv_beta1.0): 0.005175
2026-01-15 22:05:55,673 | INFO | Val Loss (burgers_nu0.001): 0.002858
2026-01-15 22:06:07,539 | INFO | Val Loss (burgers_nu0.01): 0.001285
2026-01-15 22:06:19,640 | INFO | Val Loss (burgers_nu0.1): 0.001266
2026-01-15 22:06:25,495 | INFO | Val Loss (reacdiff_rho1): 0.000819
2026-01-15 22:06:31,487 | INFO | Val Loss (reacdiff_rho5): 0.000958
2026-01-15 22:06:37,516 | INFO | Val Loss (diff_sorp): 0.000161
2026-01-15 22:06:37,517 | INFO | [Epoch 14] Train Loss: 0.002049, Val Loss: 0.002492
2026-01-15 22:13:08,432 | INFO | Val Loss (adv_beta0.1): 0.002388
2026-01-15 22:13:20,069 | INFO | Val Loss (adv_beta0.4): 0.002004
2026-01-15 22:13:31,968 | INFO | Val Loss (adv_beta1.0): 0.002168
2026-01-15 22:13:43,964 | INFO | Val Loss (burgers_nu0.001): 0.002502
2026-01-15 22:13:55,601 | INFO | Val Loss (burgers_nu0.01): 0.001250
2026-01-15 22:14:07,703 | INFO | Val Loss (burgers_nu0.1): 0.001111
2026-01-15 22:14:13,655 | INFO | Val Loss (reacdiff_rho1): 0.000253
2026-01-15 22:14:19,723 | INFO | Val Loss (reacdiff_rho5): 0.000866
2026-01-15 22:14:25,560 | INFO | Val Loss (diff_sorp): 0.000692
2026-01-15 22:14:25,561 | INFO | [Epoch 15] Train Loss: 0.001761, Val Loss: 0.001644
2026-01-15 22:20:59,185 | INFO | Val Loss (adv_beta0.1): 0.001154
2026-01-15 22:21:11,209 | INFO | Val Loss (adv_beta0.4): 0.002185
2026-01-15 22:21:22,943 | INFO | Val Loss (adv_beta1.0): 0.001263
2026-01-15 22:21:34,690 | INFO | Val Loss (burgers_nu0.001): 0.001902
2026-01-15 22:21:46,551 | INFO | Val Loss (burgers_nu0.01): 0.000674
2026-01-15 22:21:58,715 | INFO | Val Loss (burgers_nu0.1): 0.000762
2026-01-15 22:22:04,669 | INFO | Val Loss (reacdiff_rho1): 0.000284
2026-01-15 22:22:10,592 | INFO | Val Loss (reacdiff_rho5): 0.000603
2026-01-15 22:22:16,481 | INFO | Val Loss (diff_sorp): 0.000067
2026-01-15 22:22:16,482 | INFO | [Epoch 16] Train Loss: 0.001584, Val Loss: 0.001122
2026-01-15 22:28:47,837 | INFO | Val Loss (adv_beta0.1): 0.000588
2026-01-15 22:28:59,997 | INFO | Val Loss (adv_beta0.4): 0.002404
2026-01-15 22:29:12,189 | INFO | Val Loss (adv_beta1.0): 0.000862
2026-01-15 22:29:24,110 | INFO | Val Loss (burgers_nu0.001): 0.001947
2026-01-15 22:29:36,298 | INFO | Val Loss (burgers_nu0.01): 0.000698
2026-01-15 22:29:48,090 | INFO | Val Loss (burgers_nu0.1): 0.000645
2026-01-15 22:29:54,018 | INFO | Val Loss (reacdiff_rho1): 0.000238
2026-01-15 22:30:00,081 | INFO | Val Loss (reacdiff_rho5): 0.000704
2026-01-15 22:30:06,107 | INFO | Val Loss (diff_sorp): 0.000094
2026-01-15 22:30:06,109 | INFO | [Epoch 17] Train Loss: 0.001752, Val Loss: 0.001021
2026-01-15 22:36:33,751 | INFO | Val Loss (adv_beta0.1): 0.001777
2026-01-15 22:36:45,929 | INFO | Val Loss (adv_beta0.4): 0.001871
2026-01-15 22:36:57,892 | INFO | Val Loss (adv_beta1.0): 0.003338
2026-01-15 22:37:09,694 | INFO | Val Loss (burgers_nu0.001): 0.001816
2026-01-15 22:37:21,935 | INFO | Val Loss (burgers_nu0.01): 0.000711
2026-01-15 22:37:34,101 | INFO | Val Loss (burgers_nu0.1): 0.000623
2026-01-15 22:37:40,140 | INFO | Val Loss (reacdiff_rho1): 0.000195
2026-01-15 22:37:46,337 | INFO | Val Loss (reacdiff_rho5): 0.000814
2026-01-15 22:37:52,340 | INFO | Val Loss (diff_sorp): 0.000118
2026-01-15 22:37:52,340 | INFO | [Epoch 18] Train Loss: 0.001768, Val Loss: 0.001426
2026-01-15 22:44:30,727 | INFO | Val Loss (adv_beta0.1): 0.001457
2026-01-15 22:44:42,857 | INFO | Val Loss (adv_beta0.4): 0.004548
2026-01-15 22:44:54,850 | INFO | Val Loss (adv_beta1.0): 0.000738
2026-01-15 22:45:06,707 | INFO | Val Loss (burgers_nu0.001): 0.001810
2026-01-15 22:45:19,059 | INFO | Val Loss (burgers_nu0.01): 0.000754
2026-01-15 22:45:31,221 | INFO | Val Loss (burgers_nu0.1): 0.000868
2026-01-15 22:45:37,920 | INFO | Val Loss (reacdiff_rho1): 0.000407
2026-01-15 22:45:43,919 | INFO | Val Loss (reacdiff_rho5): 0.000857
2026-01-15 22:45:49,894 | INFO | Val Loss (diff_sorp): 0.000252
2026-01-15 22:45:49,894 | INFO | [Epoch 19] Train Loss: 0.002031, Val Loss: 0.001458
2026-01-15 22:52:18,720 | INFO | Val Loss (adv_beta0.1): 0.001341
2026-01-15 22:52:30,777 | INFO | Val Loss (adv_beta0.4): 0.006872
2026-01-15 22:52:42,789 | INFO | Val Loss (adv_beta1.0): 0.001602
2026-01-15 22:52:55,060 | INFO | Val Loss (burgers_nu0.001): 0.001919
2026-01-15 22:53:06,958 | INFO | Val Loss (burgers_nu0.01): 0.000837
2026-01-15 22:53:18,871 | INFO | Val Loss (burgers_nu0.1): 0.000914
2026-01-15 22:53:24,991 | INFO | Val Loss (reacdiff_rho1): 0.000226
2026-01-15 22:53:30,939 | INFO | Val Loss (reacdiff_rho5): 0.000655
2026-01-15 22:53:36,712 | INFO | Val Loss (diff_sorp): 0.000068
2026-01-15 22:53:36,713 | INFO | [Epoch 20] Train Loss: 0.002369, Val Loss: 0.001861
2026-01-15 23:00:09,044 | INFO | Val Loss (adv_beta0.1): 0.001873
2026-01-15 23:00:21,036 | INFO | Val Loss (adv_beta0.4): 0.003567
2026-01-15 23:00:32,612 | INFO | Val Loss (adv_beta1.0): 0.001904
2026-01-15 23:00:44,368 | INFO | Val Loss (burgers_nu0.001): 0.002410
2026-01-15 23:00:56,448 | INFO | Val Loss (burgers_nu0.01): 0.001425
2026-01-15 23:01:08,847 | INFO | Val Loss (burgers_nu0.1): 0.001297
2026-01-15 23:01:14,987 | INFO | Val Loss (reacdiff_rho1): 0.000260
2026-01-15 23:01:21,163 | INFO | Val Loss (reacdiff_rho5): 0.000702
2026-01-15 23:01:27,304 | INFO | Val Loss (diff_sorp): 0.000118
2026-01-15 23:01:27,304 | INFO | [Epoch 21] Train Loss: 0.001917, Val Loss: 0.001735
2026-01-15 23:07:57,000 | INFO | Val Loss (adv_beta0.1): 0.001662
2026-01-15 23:08:09,067 | INFO | Val Loss (adv_beta0.4): 0.004134
2026-01-15 23:08:21,286 | INFO | Val Loss (adv_beta1.0): 0.000838
2026-01-15 23:08:33,190 | INFO | Val Loss (burgers_nu0.001): 0.002702
2026-01-15 23:08:45,629 | INFO | Val Loss (burgers_nu0.01): 0.001507
2026-01-15 23:08:57,695 | INFO | Val Loss (burgers_nu0.1): 0.001205
2026-01-15 23:09:03,744 | INFO | Val Loss (reacdiff_rho1): 0.000410
2026-01-15 23:09:09,706 | INFO | Val Loss (reacdiff_rho5): 0.001399
2026-01-15 23:09:15,595 | INFO | Val Loss (diff_sorp): 0.000303
2026-01-15 23:09:15,597 | INFO | [Epoch 22] Train Loss: 0.002044, Val Loss: 0.001747
2026-01-15 23:15:40,526 | INFO | Val Loss (adv_beta0.1): 0.002644
2026-01-15 23:15:52,482 | INFO | Val Loss (adv_beta0.4): 0.004354
2026-01-15 23:16:04,634 | INFO | Val Loss (adv_beta1.0): 0.001756
2026-01-15 23:16:16,535 | INFO | Val Loss (burgers_nu0.001): 0.002181
2026-01-15 23:16:28,524 | INFO | Val Loss (burgers_nu0.01): 0.001159
2026-01-15 23:16:40,196 | INFO | Val Loss (burgers_nu0.1): 0.001313
2026-01-15 23:16:46,135 | INFO | Val Loss (reacdiff_rho1): 0.000324
2026-01-15 23:16:52,081 | INFO | Val Loss (reacdiff_rho5): 0.000359
2026-01-15 23:16:57,853 | INFO | Val Loss (diff_sorp): 0.000040
2026-01-15 23:16:57,853 | INFO | [Epoch 23] Train Loss: 0.001978, Val Loss: 0.001835
2026-01-15 23:22:55,897 | INFO | Val Loss (adv_beta0.1): 0.001569
2026-01-15 23:23:07,617 | INFO | Val Loss (adv_beta0.4): 0.003784
2026-01-15 23:23:19,569 | INFO | Val Loss (adv_beta1.0): 0.001036
2026-01-15 23:23:31,308 | INFO | Val Loss (burgers_nu0.001): 0.002770
2026-01-15 23:23:43,050 | INFO | Val Loss (burgers_nu0.01): 0.001631
2026-01-15 23:23:54,754 | INFO | Val Loss (burgers_nu0.1): 0.001393
2026-01-15 23:24:00,796 | INFO | Val Loss (reacdiff_rho1): 0.000348
2026-01-15 23:24:06,903 | INFO | Val Loss (reacdiff_rho5): 0.000743
2026-01-15 23:24:12,877 | INFO | Val Loss (diff_sorp): 0.000058
2026-01-15 23:24:12,877 | INFO | [Epoch 24] Train Loss: 0.001945, Val Loss: 0.001701
2026-01-15 23:30:09,893 | INFO | Val Loss (adv_beta0.1): 0.002729
2026-01-15 23:30:21,652 | INFO | Val Loss (adv_beta0.4): 0.003799
2026-01-15 23:30:33,577 | INFO | Val Loss (adv_beta1.0): 0.000661
2026-01-15 23:30:45,872 | INFO | Val Loss (burgers_nu0.001): 0.002259
2026-01-15 23:30:57,837 | INFO | Val Loss (burgers_nu0.01): 0.001189
2026-01-15 23:31:09,617 | INFO | Val Loss (burgers_nu0.1): 0.001315
2026-01-15 23:31:15,382 | INFO | Val Loss (reacdiff_rho1): 0.000295
2026-01-15 23:31:21,377 | INFO | Val Loss (reacdiff_rho5): 0.000472
2026-01-15 23:31:27,255 | INFO | Val Loss (diff_sorp): 0.000155
2026-01-15 23:31:27,255 | INFO | [Epoch 25] Train Loss: 0.002004, Val Loss: 0.001655
2026-01-15 23:37:26,919 | INFO | Val Loss (adv_beta0.1): 0.002085
2026-01-15 23:37:38,689 | INFO | Val Loss (adv_beta0.4): 0.003059
2026-01-15 23:37:50,501 | INFO | Val Loss (adv_beta1.0): 0.000735
2026-01-15 23:38:02,436 | INFO | Val Loss (burgers_nu0.001): 0.002542
2026-01-15 23:38:14,274 | INFO | Val Loss (burgers_nu0.01): 0.001445
2026-01-15 23:38:26,008 | INFO | Val Loss (burgers_nu0.1): 0.001592
2026-01-15 23:38:31,816 | INFO | Val Loss (reacdiff_rho1): 0.000952
2026-01-15 23:38:37,639 | INFO | Val Loss (reacdiff_rho5): 0.000514
2026-01-15 23:38:43,576 | INFO | Val Loss (diff_sorp): 0.000087
2026-01-15 23:38:43,577 | INFO | [Epoch 26] Train Loss: 0.001964, Val Loss: 0.001631
2026-01-15 23:44:47,202 | INFO | Val Loss (adv_beta0.1): 0.001057
2026-01-15 23:44:59,244 | INFO | Val Loss (adv_beta0.4): 0.005018
2026-01-15 23:45:11,038 | INFO | Val Loss (adv_beta1.0): 0.000834
2026-01-15 23:45:23,016 | INFO | Val Loss (burgers_nu0.001): 0.003116
2026-01-15 23:45:34,921 | INFO | Val Loss (burgers_nu0.01): 0.001721
2026-01-15 23:45:46,589 | INFO | Val Loss (burgers_nu0.1): 0.001433
2026-01-15 23:45:52,340 | INFO | Val Loss (reacdiff_rho1): 0.000215
2026-01-15 23:45:58,264 | INFO | Val Loss (reacdiff_rho5): 0.000591
2026-01-15 23:46:04,167 | INFO | Val Loss (diff_sorp): 0.000235
2026-01-15 23:46:04,167 | INFO | [Epoch 27] Train Loss: 0.001937, Val Loss: 0.001826
2026-01-15 23:52:07,030 | INFO | Val Loss (adv_beta0.1): 0.001784
2026-01-15 23:52:18,921 | INFO | Val Loss (adv_beta0.4): 0.003047
2026-01-15 23:52:30,835 | INFO | Val Loss (adv_beta1.0): 0.000774
2026-01-15 23:52:42,595 | INFO | Val Loss (burgers_nu0.001): 0.003264
2026-01-15 23:52:54,485 | INFO | Val Loss (burgers_nu0.01): 0.002070
2026-01-15 23:53:06,230 | INFO | Val Loss (burgers_nu0.1): 0.001666
2026-01-15 23:53:11,924 | INFO | Val Loss (reacdiff_rho1): 0.000202
2026-01-15 23:53:17,862 | INFO | Val Loss (reacdiff_rho5): 0.001278
2026-01-15 23:53:23,877 | INFO | Val Loss (diff_sorp): 0.000056
2026-01-15 23:53:23,877 | INFO | [Epoch 28] Train Loss: 0.001889, Val Loss: 0.001783
2026-01-15 23:59:24,264 | INFO | Val Loss (adv_beta0.1): 0.000789
2026-01-15 23:59:36,056 | INFO | Val Loss (adv_beta0.4): 0.002933
2026-01-15 23:59:47,610 | INFO | Val Loss (adv_beta1.0): 0.000625
2026-01-15 23:59:59,460 | INFO | Val Loss (burgers_nu0.001): 0.002846
2026-01-16 00:00:11,377 | INFO | Val Loss (burgers_nu0.01): 0.001753
2026-01-16 00:00:23,371 | INFO | Val Loss (burgers_nu0.1): 0.001703
2026-01-16 00:00:29,489 | INFO | Val Loss (reacdiff_rho1): 0.000604
2026-01-16 00:00:35,452 | INFO | Val Loss (reacdiff_rho5): 0.000786
2026-01-16 00:00:41,512 | INFO | Val Loss (diff_sorp): 0.000093
2026-01-16 00:00:41,512 | INFO | [Epoch 29] Train Loss: 0.001861, Val Loss: 0.001518
2026-01-16 00:07:08,089 | INFO | Val Loss (adv_beta0.1): 0.001434
2026-01-16 00:07:19,762 | INFO | Val Loss (adv_beta0.4): 0.002867
2026-01-16 00:07:31,870 | INFO | Val Loss (adv_beta1.0): 0.002620
2026-01-16 00:07:43,740 | INFO | Val Loss (burgers_nu0.001): 0.002994
2026-01-16 00:07:55,461 | INFO | Val Loss (burgers_nu0.01): 0.001926
2026-01-16 00:08:07,240 | INFO | Val Loss (burgers_nu0.1): 0.001819
2026-01-16 00:08:13,231 | INFO | Val Loss (reacdiff_rho1): 0.000412
2026-01-16 00:08:19,228 | INFO | Val Loss (reacdiff_rho5): 0.000603
2026-01-16 00:08:25,300 | INFO | Val Loss (diff_sorp): 0.000066
2026-01-16 00:08:25,300 | INFO | [Epoch 30] Train Loss: 0.002060, Val Loss: 0.001893
2026-01-16 00:14:38,336 | INFO | Val Loss (adv_beta0.1): 0.000633
2026-01-16 00:14:50,531 | INFO | Val Loss (adv_beta0.4): 0.003760
2026-01-16 00:15:02,242 | INFO | Val Loss (adv_beta1.0): 0.001286
2026-01-16 00:15:14,000 | INFO | Val Loss (burgers_nu0.001): 0.002678
2026-01-16 00:15:25,825 | INFO | Val Loss (burgers_nu0.01): 0.001576
2026-01-16 00:15:38,000 | INFO | Val Loss (burgers_nu0.1): 0.001567
2026-01-16 00:15:44,061 | INFO | Val Loss (reacdiff_rho1): 0.000502
2026-01-16 00:15:50,044 | INFO | Val Loss (reacdiff_rho5): 0.000402
2026-01-16 00:15:56,109 | INFO | Val Loss (diff_sorp): 0.000030
2026-01-16 00:15:56,109 | INFO | [Epoch 31] Train Loss: 0.001849, Val Loss: 0.001595
2026-01-16 00:22:02,164 | INFO | Val Loss (adv_beta0.1): 0.000468
2026-01-16 00:22:13,951 | INFO | Val Loss (adv_beta0.4): 0.006649
2026-01-16 00:22:26,077 | INFO | Val Loss (adv_beta1.0): 0.000477
2026-01-16 00:22:37,761 | INFO | Val Loss (burgers_nu0.001): 0.003045
2026-01-16 00:22:49,741 | INFO | Val Loss (burgers_nu0.01): 0.001854
2026-01-16 00:23:01,749 | INFO | Val Loss (burgers_nu0.1): 0.001582
2026-01-16 00:23:07,652 | INFO | Val Loss (reacdiff_rho1): 0.000319
2026-01-16 00:23:13,642 | INFO | Val Loss (reacdiff_rho5): 0.000585
2026-01-16 00:23:19,753 | INFO | Val Loss (diff_sorp): 0.000024
2026-01-16 00:23:19,753 | INFO | [Epoch 32] Train Loss: 0.001743, Val Loss: 0.001938
2026-01-16 00:29:28,025 | INFO | Val Loss (adv_beta0.1): 0.000732
2026-01-16 00:29:40,037 | INFO | Val Loss (adv_beta0.4): 0.004001
2026-01-16 00:29:52,179 | INFO | Val Loss (adv_beta1.0): 0.019064
2026-01-16 00:30:04,158 | INFO | Val Loss (burgers_nu0.001): 0.002848
2026-01-16 00:30:16,105 | INFO | Val Loss (burgers_nu0.01): 0.001772
2026-01-16 00:30:28,057 | INFO | Val Loss (burgers_nu0.1): 0.001587
2026-01-16 00:30:34,047 | INFO | Val Loss (reacdiff_rho1): 0.000190
2026-01-16 00:30:40,101 | INFO | Val Loss (reacdiff_rho5): 0.000693
2026-01-16 00:30:46,053 | INFO | Val Loss (diff_sorp): 0.000026
2026-01-16 00:30:46,053 | INFO | [Epoch 33] Train Loss: 0.001913, Val Loss: 0.004060
2026-01-16 00:36:53,220 | INFO | Val Loss (adv_beta0.1): 0.000947
2026-01-16 00:37:04,754 | INFO | Val Loss (adv_beta0.4): 0.002985
2026-01-16 00:37:16,449 | INFO | Val Loss (adv_beta1.0): 0.000739
2026-01-16 00:37:28,275 | INFO | Val Loss (burgers_nu0.001): 0.002707
2026-01-16 00:37:40,061 | INFO | Val Loss (burgers_nu0.01): 0.001617
2026-01-16 00:37:51,919 | INFO | Val Loss (burgers_nu0.1): 0.001506
2026-01-16 00:37:57,740 | INFO | Val Loss (reacdiff_rho1): 0.000281
2026-01-16 00:38:03,569 | INFO | Val Loss (reacdiff_rho5): 0.000509
2026-01-16 00:38:09,544 | INFO | Val Loss (diff_sorp): 0.000056
2026-01-16 00:38:09,544 | INFO | [Epoch 34] Train Loss: 0.002096, Val Loss: 0.001456
2026-01-16 00:44:08,016 | INFO | Val Loss (adv_beta0.1): 0.000781
2026-01-16 00:44:19,883 | INFO | Val Loss (adv_beta0.4): 0.002370
2026-01-16 00:44:31,640 | INFO | Val Loss (adv_beta1.0): 0.002793
2026-01-16 00:44:43,505 | INFO | Val Loss (burgers_nu0.001): 0.003000
2026-01-16 00:44:55,405 | INFO | Val Loss (burgers_nu0.01): 0.002002
2026-01-16 00:45:07,100 | INFO | Val Loss (burgers_nu0.1): 0.001793
2026-01-16 00:45:12,984 | INFO | Val Loss (reacdiff_rho1): 0.000248
2026-01-16 00:45:18,867 | INFO | Val Loss (reacdiff_rho5): 0.000463
2026-01-16 00:45:24,831 | INFO | Val Loss (diff_sorp): 0.000130
2026-01-16 00:45:24,832 | INFO | [Epoch 35] Train Loss: 0.001673, Val Loss: 0.001754
2026-01-16 00:51:35,195 | INFO | Val Loss (adv_beta0.1): 0.000565
2026-01-16 00:51:47,050 | INFO | Val Loss (adv_beta0.4): 0.003083
2026-01-16 00:51:58,788 | INFO | Val Loss (adv_beta1.0): 0.000569
2026-01-16 00:52:10,800 | INFO | Val Loss (burgers_nu0.001): 0.003731
2026-01-16 00:52:22,747 | INFO | Val Loss (burgers_nu0.01): 0.002647
2026-01-16 00:52:34,598 | INFO | Val Loss (burgers_nu0.1): 0.002325
2026-01-16 00:52:40,590 | INFO | Val Loss (reacdiff_rho1): 0.000156
2026-01-16 00:52:46,586 | INFO | Val Loss (reacdiff_rho5): 0.000843
2026-01-16 00:52:52,596 | INFO | Val Loss (diff_sorp): 0.000068
2026-01-16 00:52:52,596 | INFO | [Epoch 36] Train Loss: 0.001771, Val Loss: 0.001793
2026-01-16 00:58:57,964 | INFO | Val Loss (adv_beta0.1): 0.000837
2026-01-16 00:59:10,024 | INFO | Val Loss (adv_beta0.4): 0.003360
2026-01-16 00:59:22,017 | INFO | Val Loss (adv_beta1.0): 0.000966
2026-01-16 00:59:34,090 | INFO | Val Loss (burgers_nu0.001): 0.002786
2026-01-16 00:59:46,339 | INFO | Val Loss (burgers_nu0.01): 0.001699
2026-01-16 00:59:58,475 | INFO | Val Loss (burgers_nu0.1): 0.001594
2026-01-16 01:00:04,576 | INFO | Val Loss (reacdiff_rho1): 0.000225
2026-01-16 01:00:10,650 | INFO | Val Loss (reacdiff_rho5): 0.000586
2026-01-16 01:00:16,685 | INFO | Val Loss (diff_sorp): 0.000027
2026-01-16 01:00:16,685 | INFO | [Epoch 37] Train Loss: 0.001742, Val Loss: 0.001554
2026-01-16 01:06:28,895 | INFO | Val Loss (adv_beta0.1): 0.000785
2026-01-16 01:06:40,771 | INFO | Val Loss (adv_beta0.4): 0.004661
2026-01-16 01:06:52,779 | INFO | Val Loss (adv_beta1.0): 0.000732
2026-01-16 01:07:04,758 | INFO | Val Loss (burgers_nu0.001): 0.002704
2026-01-16 01:07:16,647 | INFO | Val Loss (burgers_nu0.01): 0.001584
2026-01-16 01:07:28,462 | INFO | Val Loss (burgers_nu0.1): 0.001690
2026-01-16 01:07:34,363 | INFO | Val Loss (reacdiff_rho1): 0.000272
2026-01-16 01:07:40,291 | INFO | Val Loss (reacdiff_rho5): 0.000530
2026-01-16 01:07:46,558 | INFO | Val Loss (diff_sorp): 0.000135
2026-01-16 01:07:46,559 | INFO | [Epoch 38] Train Loss: 0.002020, Val Loss: 0.001683
2026-01-16 01:13:50,637 | INFO | Val Loss (adv_beta0.1): 0.000414
2026-01-16 01:14:02,491 | INFO | Val Loss (adv_beta0.4): 0.004710
2026-01-16 01:14:14,101 | INFO | Val Loss (adv_beta1.0): 0.000520
2026-01-16 01:14:26,019 | INFO | Val Loss (burgers_nu0.001): 0.002403
2026-01-16 01:14:37,983 | INFO | Val Loss (burgers_nu0.01): 0.001428
2026-01-16 01:14:49,920 | INFO | Val Loss (burgers_nu0.1): 0.001498
2026-01-16 01:14:55,907 | INFO | Val Loss (reacdiff_rho1): 0.000228
2026-01-16 01:15:01,811 | INFO | Val Loss (reacdiff_rho5): 0.000689
2026-01-16 01:15:07,752 | INFO | Val Loss (diff_sorp): 0.000027
2026-01-16 01:15:07,752 | INFO | [Epoch 39] Train Loss: 0.001694, Val Loss: 0.001526
2026-01-16 01:21:12,647 | INFO | Val Loss (adv_beta0.1): 0.001003
2026-01-16 01:21:24,221 | INFO | Val Loss (adv_beta0.4): 0.002211
2026-01-16 01:21:36,089 | INFO | Val Loss (adv_beta1.0): 0.000474
2026-01-16 01:21:48,133 | INFO | Val Loss (burgers_nu0.001): 0.002930
2026-01-16 01:21:59,835 | INFO | Val Loss (burgers_nu0.01): 0.001883
2026-01-16 01:22:11,562 | INFO | Val Loss (burgers_nu0.1): 0.001748
2026-01-16 01:22:17,541 | INFO | Val Loss (reacdiff_rho1): 0.000266
2026-01-16 01:22:23,335 | INFO | Val Loss (reacdiff_rho5): 0.001112
2026-01-16 01:22:29,244 | INFO | Val Loss (diff_sorp): 0.000075
2026-01-16 01:22:29,244 | INFO | [Epoch 40] Train Loss: 0.001812, Val Loss: 0.001463
2026-01-16 01:28:34,759 | INFO | Val Loss (adv_beta0.1): 0.001283
2026-01-16 01:28:46,518 | INFO | Val Loss (adv_beta0.4): 0.002407
2026-01-16 01:28:58,185 | INFO | Val Loss (adv_beta1.0): 0.000653
2026-01-16 01:29:10,023 | INFO | Val Loss (burgers_nu0.001): 0.003003
2026-01-16 01:29:21,733 | INFO | Val Loss (burgers_nu0.01): 0.002039
2026-01-16 01:29:33,441 | INFO | Val Loss (burgers_nu0.1): 0.002015
2026-01-16 01:29:39,329 | INFO | Val Loss (reacdiff_rho1): 0.000567
2026-01-16 01:29:45,124 | INFO | Val Loss (reacdiff_rho5): 0.000458
2026-01-16 01:29:51,072 | INFO | Val Loss (diff_sorp): 0.000100
2026-01-16 01:29:51,073 | INFO | [Epoch 41] Train Loss: 0.001699, Val Loss: 0.001595
2026-01-16 01:36:02,271 | INFO | Val Loss (adv_beta0.1): 0.000495
2026-01-16 01:36:14,264 | INFO | Val Loss (adv_beta0.4): 0.003274
2026-01-16 01:36:26,657 | INFO | Val Loss (adv_beta1.0): 0.002828
2026-01-16 01:36:38,818 | INFO | Val Loss (burgers_nu0.001): 0.002781
2026-01-16 01:36:50,717 | INFO | Val Loss (burgers_nu0.01): 0.001764
2026-01-16 01:37:02,536 | INFO | Val Loss (burgers_nu0.1): 0.001686
2026-01-16 01:37:08,486 | INFO | Val Loss (reacdiff_rho1): 0.000329
2026-01-16 01:37:14,226 | INFO | Val Loss (reacdiff_rho5): 0.000545
2026-01-16 01:37:20,129 | INFO | Val Loss (diff_sorp): 0.000068
2026-01-16 01:37:20,130 | INFO | [Epoch 42] Train Loss: 0.001753, Val Loss: 0.001773
2026-01-16 01:43:31,175 | INFO | Val Loss (adv_beta0.1): 0.000481
2026-01-16 01:43:43,014 | INFO | Val Loss (adv_beta0.4): 0.002881
2026-01-16 01:43:54,996 | INFO | Val Loss (adv_beta1.0): 0.000491
2026-01-16 01:44:07,004 | INFO | Val Loss (burgers_nu0.001): 0.003264
2026-01-16 01:44:18,862 | INFO | Val Loss (burgers_nu0.01): 0.002178
2026-01-16 01:44:30,735 | INFO | Val Loss (burgers_nu0.1): 0.001859
2026-01-16 01:44:36,638 | INFO | Val Loss (reacdiff_rho1): 0.000422
2026-01-16 01:44:42,582 | INFO | Val Loss (reacdiff_rho5): 0.000371
2026-01-16 01:44:48,532 | INFO | Val Loss (diff_sorp): 0.000026
2026-01-16 01:44:48,532 | INFO | [Epoch 43] Train Loss: 0.001779, Val Loss: 0.001541
2026-01-16 01:51:04,433 | INFO | Val Loss (adv_beta0.1): 0.000410
2026-01-16 01:51:16,395 | INFO | Val Loss (adv_beta0.4): 0.002465
2026-01-16 01:51:27,991 | INFO | Val Loss (adv_beta1.0): 0.000443
2026-01-16 01:51:40,556 | INFO | Val Loss (burgers_nu0.001): 0.003481
2026-01-16 01:51:52,502 | INFO | Val Loss (burgers_nu0.01): 0.002395
2026-01-16 01:52:04,614 | INFO | Val Loss (burgers_nu0.1): 0.002029
2026-01-16 01:52:10,652 | INFO | Val Loss (reacdiff_rho1): 0.000255
2026-01-16 01:52:16,526 | INFO | Val Loss (reacdiff_rho5): 0.000569
2026-01-16 01:52:22,575 | INFO | Val Loss (diff_sorp): 0.000059
2026-01-16 01:52:22,576 | INFO | [Epoch 44] Train Loss: 0.001667, Val Loss: 0.001555
2026-01-16 01:58:29,517 | INFO | Val Loss (adv_beta0.1): 0.000653
2026-01-16 01:58:41,392 | INFO | Val Loss (adv_beta0.4): 0.003906
2026-01-16 01:58:53,205 | INFO | Val Loss (adv_beta1.0): 0.000732
2026-01-16 01:59:05,218 | INFO | Val Loss (burgers_nu0.001): 0.003122
2026-01-16 01:59:16,975 | INFO | Val Loss (burgers_nu0.01): 0.002060
2026-01-16 01:59:28,546 | INFO | Val Loss (burgers_nu0.1): 0.001825
2026-01-16 01:59:34,439 | INFO | Val Loss (reacdiff_rho1): 0.000254
2026-01-16 01:59:40,254 | INFO | Val Loss (reacdiff_rho5): 0.000918
2026-01-16 01:59:46,196 | INFO | Val Loss (diff_sorp): 0.000024
2026-01-16 01:59:46,197 | INFO | [Epoch 45] Train Loss: 0.001743, Val Loss: 0.001719
2026-01-16 02:05:44,200 | INFO | Val Loss (adv_beta0.1): 0.001138
2026-01-16 02:05:56,069 | INFO | Val Loss (adv_beta0.4): 0.002727
2026-01-16 02:06:07,863 | INFO | Val Loss (adv_beta1.0): 0.006065
2026-01-16 02:06:19,771 | INFO | Val Loss (burgers_nu0.001): 0.003643
2026-01-16 02:06:31,534 | INFO | Val Loss (burgers_nu0.01): 0.002501
2026-01-16 02:06:43,190 | INFO | Val Loss (burgers_nu0.1): 0.002116
2026-01-16 02:06:49,043 | INFO | Val Loss (reacdiff_rho1): 0.000236
2026-01-16 02:06:54,966 | INFO | Val Loss (reacdiff_rho5): 0.002246
2026-01-16 02:07:01,017 | INFO | Val Loss (diff_sorp): 0.000070
2026-01-16 02:07:01,017 | INFO | [Epoch 46] Train Loss: 0.001639, Val Loss: 0.002595
2026-01-16 02:12:58,149 | INFO | Val Loss (adv_beta0.1): 0.003215
2026-01-16 02:13:09,991 | INFO | Val Loss (adv_beta0.4): 0.003302
2026-01-16 02:13:22,131 | INFO | Val Loss (adv_beta1.0): 0.000541
2026-01-16 02:13:34,011 | INFO | Val Loss (burgers_nu0.001): 0.003112
2026-01-16 02:13:45,871 | INFO | Val Loss (burgers_nu0.01): 0.002058
2026-01-16 02:13:57,693 | INFO | Val Loss (burgers_nu0.1): 0.001886
2026-01-16 02:14:03,739 | INFO | Val Loss (reacdiff_rho1): 0.000385
2026-01-16 02:14:09,655 | INFO | Val Loss (reacdiff_rho5): 0.000354
2026-01-16 02:14:15,809 | INFO | Val Loss (diff_sorp): 0.002344
2026-01-16 02:14:15,809 | INFO | [Epoch 47] Train Loss: 0.001864, Val Loss: 0.002087
2026-01-16 02:20:17,401 | INFO | Val Loss (adv_beta0.1): 0.001288
2026-01-16 02:20:29,344 | INFO | Val Loss (adv_beta0.4): 0.002565
2026-01-16 02:20:41,055 | INFO | Val Loss (adv_beta1.0): 0.000504
2026-01-16 02:20:52,755 | INFO | Val Loss (burgers_nu0.001): 0.003151
2026-01-16 02:21:04,590 | INFO | Val Loss (burgers_nu0.01): 0.002165
2026-01-16 02:21:16,298 | INFO | Val Loss (burgers_nu0.1): 0.002169
2026-01-16 02:21:22,196 | INFO | Val Loss (reacdiff_rho1): 0.001234
2026-01-16 02:21:28,086 | INFO | Val Loss (reacdiff_rho5): 0.000748
2026-01-16 02:21:34,185 | INFO | Val Loss (diff_sorp): 0.000072
2026-01-16 02:21:34,185 | INFO | [Epoch 48] Train Loss: 0.001817, Val Loss: 0.001716
2026-01-16 02:27:41,618 | INFO | Val Loss (adv_beta0.1): 0.000614
2026-01-16 02:27:53,735 | INFO | Val Loss (adv_beta0.4): 0.004245
2026-01-16 02:28:05,823 | INFO | Val Loss (adv_beta1.0): 0.003450
2026-01-16 02:28:17,906 | INFO | Val Loss (burgers_nu0.001): 0.007568
2026-01-16 02:28:29,768 | INFO | Val Loss (burgers_nu0.01): 0.006452
2026-01-16 02:28:41,590 | INFO | Val Loss (burgers_nu0.1): 0.006181
2026-01-16 02:28:47,448 | INFO | Val Loss (reacdiff_rho1): 0.000195
2026-01-16 02:28:53,572 | INFO | Val Loss (reacdiff_rho5): 0.000996
2026-01-16 02:28:59,384 | INFO | Val Loss (diff_sorp): 0.000622
2026-01-16 02:28:59,384 | INFO | [Epoch 49] Train Loss: 0.001556, Val Loss: 0.003921
2026-01-16 02:35:07,761 | INFO | Val Loss (adv_beta0.1): 0.000489
2026-01-16 02:35:19,708 | INFO | Val Loss (adv_beta0.4): 0.004843
2026-01-16 02:35:31,626 | INFO | Val Loss (adv_beta1.0): 0.002617
2026-01-16 02:35:43,523 | INFO | Val Loss (burgers_nu0.001): 0.002932
2026-01-16 02:35:55,517 | INFO | Val Loss (burgers_nu0.01): 0.001933
2026-01-16 02:36:07,312 | INFO | Val Loss (burgers_nu0.1): 0.001799
2026-01-16 02:36:13,469 | INFO | Val Loss (reacdiff_rho1): 0.000330
2026-01-16 02:36:19,390 | INFO | Val Loss (reacdiff_rho5): 0.000899
2026-01-16 02:36:25,435 | INFO | Val Loss (diff_sorp): 0.000116
2026-01-16 02:36:25,435 | INFO | [Epoch 50] Train Loss: 0.001824, Val Loss: 0.002038
2026-01-16 02:36:44,971 | INFO | Test Loss (burgers_nu1): 0.005141
2026-01-16 02:37:02,231 | INFO | Test Loss (reacdiff_rho10): 0.002032
2026-01-16 02:37:02,434 | INFO | Primitive training complete. Model saved to: outputs/primitive_20260115_201323/primitive_model.pt
2026-01-16 08:20:36,889 | INFO | Log file: /home/lgz/workspace/MVP/outputs/primitive_20260115_201323/run.log
2026-01-16 08:21:01,110 | INFO | One-step MSE (adv_beta0.1): 0.000640
2026-01-16 08:21:14,429 | INFO | One-step MSE (adv_beta0.4): 0.001490
2026-01-16 08:21:27,745 | INFO | One-step MSE (adv_beta1.0): 0.000866
2026-01-16 08:21:40,760 | INFO | One-step MSE (burgers_nu0.001): 0.001995
2026-01-16 08:21:53,832 | INFO | One-step MSE (burgers_nu0.01): 0.000774
2026-01-16 08:22:07,165 | INFO | One-step MSE (burgers_nu0.1): 0.001164
2026-01-16 08:22:14,201 | INFO | One-step MSE (reacdiff_rho1): 0.000436
2026-01-16 08:22:21,651 | INFO | One-step MSE (reacdiff_rho5): 0.000708
2026-01-16 08:22:28,963 | INFO | One-step MSE (diff_sorp): 0.000046
2026-01-16 08:22:28,964 | INFO | One-step MSE (avg): 0.001003
2026-01-16 08:22:28,991 | INFO | Primitive usage saved to /home/lgz/workspace/MVP/outputs/primitive_20260115_201323/primitive_usage.json
2026-01-16 08:22:36,212 | INFO | Log file: /home/lgz/workspace/MVP/outputs/primitive_20260115_201323/run.log
2026-01-16 08:22:47,063 | INFO | MSE after 5 steps (adv_beta0.1): 0.001629
2026-01-16 08:22:47,063 | INFO | MSE after 10 steps (adv_beta0.1): 0.005033
2026-01-16 08:22:47,063 | INFO | MSE after 20 steps (adv_beta0.1): 0.013207
2026-01-16 08:22:47,869 | INFO | Rollout error plot saved to /home/lgz/workspace/MVP/outputs/primitive_20260115_201323/rollout_error_adv_beta0.1.png
2026-01-16 08:22:48,112 | INFO | MSE after 5 steps (adv_beta0.4): 0.006490
2026-01-16 08:22:48,112 | INFO | MSE after 10 steps (adv_beta0.4): 0.021023
2026-01-16 08:22:48,112 | INFO | MSE after 20 steps (adv_beta0.4): 0.040428
2026-01-16 08:22:48,414 | INFO | Rollout error plot saved to /home/lgz/workspace/MVP/outputs/primitive_20260115_201323/rollout_error_adv_beta0.4.png
2026-01-16 08:22:48,657 | INFO | MSE after 5 steps (adv_beta1.0): 0.020708
2026-01-16 08:22:48,657 | INFO | MSE after 10 steps (adv_beta1.0): 0.041661
2026-01-16 08:22:48,657 | INFO | MSE after 20 steps (adv_beta1.0): 0.010939
2026-01-16 08:22:48,985 | INFO | Rollout error plot saved to /home/lgz/workspace/MVP/outputs/primitive_20260115_201323/rollout_error_adv_beta1.0.png
2026-01-16 08:22:49,256 | INFO | MSE after 5 steps (burgers_nu0.001): 0.008281
2026-01-16 08:22:49,256 | INFO | MSE after 10 steps (burgers_nu0.001): 0.021994
2026-01-16 08:22:49,256 | INFO | MSE after 20 steps (burgers_nu0.001): 0.036102
2026-01-16 08:22:49,556 | INFO | Rollout error plot saved to /home/lgz/workspace/MVP/outputs/primitive_20260115_201323/rollout_error_burgers_nu0.001.png
2026-01-16 08:22:49,798 | INFO | MSE after 5 steps (burgers_nu0.01): 0.007111
2026-01-16 08:22:49,798 | INFO | MSE after 10 steps (burgers_nu0.01): 0.019824
2026-01-16 08:22:49,798 | INFO | MSE after 20 steps (burgers_nu0.01): 0.034790
2026-01-16 08:22:50,090 | INFO | Rollout error plot saved to /home/lgz/workspace/MVP/outputs/primitive_20260115_201323/rollout_error_burgers_nu0.01.png
2026-01-16 08:22:50,332 | INFO | MSE after 5 steps (burgers_nu0.1): 0.005646
2026-01-16 08:22:50,332 | INFO | MSE after 10 steps (burgers_nu0.1): 0.013905
2026-01-16 08:22:50,332 | INFO | MSE after 20 steps (burgers_nu0.1): 0.021211
2026-01-16 08:22:50,632 | INFO | Rollout error plot saved to /home/lgz/workspace/MVP/outputs/primitive_20260115_201323/rollout_error_burgers_nu0.1.png
2026-01-16 08:22:50,874 | INFO | MSE after 5 steps (reacdiff_rho1): 0.083644
2026-01-16 08:22:50,875 | INFO | MSE after 10 steps (reacdiff_rho1): 0.088856
2026-01-16 08:22:50,875 | INFO | MSE after 20 steps (reacdiff_rho1): 0.106780
2026-01-16 08:22:51,164 | INFO | Rollout error plot saved to /home/lgz/workspace/MVP/outputs/primitive_20260115_201323/rollout_error_reacdiff_rho1.png
2026-01-16 08:22:51,406 | INFO | MSE after 5 steps (reacdiff_rho5): 0.159804
2026-01-16 08:22:51,406 | INFO | MSE after 10 steps (reacdiff_rho5): 0.277093
2026-01-16 08:22:51,406 | INFO | MSE after 20 steps (reacdiff_rho5): 0.289292
2026-01-16 08:22:51,682 | INFO | Rollout error plot saved to /home/lgz/workspace/MVP/outputs/primitive_20260115_201323/rollout_error_reacdiff_rho5.png
2026-01-16 08:22:51,925 | INFO | MSE after 5 steps (diff_sorp): 0.002792
2026-01-16 08:22:51,925 | INFO | MSE after 10 steps (diff_sorp): 0.005702
2026-01-16 08:22:51,925 | INFO | MSE after 20 steps (diff_sorp): 0.015012
2026-01-16 08:22:52,196 | INFO | Rollout error plot saved to /home/lgz/workspace/MVP/outputs/primitive_20260115_201323/rollout_error_diff_sorp.png
