2026-01-19 21:43:51,621 | INFO | Log file: outputs/primitive_20260119_214351/run.log
2026-01-19 21:43:55,859 | INFO | Dataset[0] adv_beta0.4 params=[0.4000000059604645, 0.0, 0.0] train_pairs=320000 val_pairs=40000 test_pairs=40000 weight=5.0
2026-01-19 21:43:55,860 | INFO | Dataset[1] burgers_nu0.001 params=[0.0, 0.0010000000474974513, 0.0] train_pairs=320000 val_pairs=40000 test_pairs=40000 weight=1.0
2026-01-19 21:43:55,860 | INFO | Dataset[2] diff_sorp params=[0.0, 0.0, 0.0] train_pairs=160000 val_pairs=20000 test_pairs=20000 weight=25.0
2026-01-19 21:48:20,061 | INFO | Val NRMSE (adv_beta0.4): 0.077861
2026-01-19 21:48:46,364 | INFO | Val NRMSE (burgers_nu0.001): 0.218452
2026-01-19 21:49:08,400 | INFO | Val NRMSE (diff_sorp): 0.010148
2026-01-19 21:49:08,403 | INFO | [Epoch 1] Train NRMSE: 0.047233, Val NRMSE: 0.120555
2026-01-19 21:51:58,858 | INFO | Val NRMSE (adv_beta0.4): 0.042864
2026-01-19 21:52:23,549 | INFO | Val NRMSE (burgers_nu0.001): 0.161343
2026-01-19 21:52:35,659 | INFO | Val NRMSE (diff_sorp): 0.006297
2026-01-19 21:52:35,659 | INFO | [Epoch 2] Train NRMSE: 0.022958, Val NRMSE: 0.082942
2026-01-19 21:55:18,179 | INFO | Val NRMSE (adv_beta0.4): 0.033456
2026-01-19 21:55:42,927 | INFO | Val NRMSE (burgers_nu0.001): 0.150338
2026-01-19 21:55:55,122 | INFO | Val NRMSE (diff_sorp): 0.003054
2026-01-19 21:55:55,122 | INFO | [Epoch 3] Train NRMSE: 0.018590, Val NRMSE: 0.074129
2026-01-19 21:58:33,939 | INFO | Val NRMSE (adv_beta0.4): 0.029324
2026-01-19 21:58:58,355 | INFO | Val NRMSE (burgers_nu0.001): 0.154417
2026-01-19 21:59:10,419 | INFO | Val NRMSE (diff_sorp): 0.005642
2026-01-19 21:59:10,419 | INFO | [Epoch 4] Train NRMSE: 0.015660, Val NRMSE: 0.074625
2026-01-19 22:01:47,968 | INFO | Val NRMSE (adv_beta0.4): 0.031972
2026-01-19 22:02:12,010 | INFO | Val NRMSE (burgers_nu0.001): 0.113035
2026-01-19 22:02:24,136 | INFO | Val NRMSE (diff_sorp): 0.002264
2026-01-19 22:02:24,136 | INFO | [Epoch 5] Train NRMSE: 0.015478, Val NRMSE: 0.058456
2026-01-19 22:04:56,352 | INFO | Val NRMSE (adv_beta0.4): 0.033350
2026-01-19 22:05:17,095 | INFO | Val NRMSE (burgers_nu0.001): 0.111328
2026-01-19 22:05:31,598 | INFO | Val NRMSE (diff_sorp): 0.003261
2026-01-19 22:05:31,598 | INFO | [Epoch 6] Train NRMSE: 0.014870, Val NRMSE: 0.058523
2026-01-19 22:08:05,310 | INFO | Val NRMSE (adv_beta0.4): 0.025062
2026-01-19 22:08:25,947 | INFO | Val NRMSE (burgers_nu0.001): 0.102414
2026-01-19 22:08:41,564 | INFO | Val NRMSE (diff_sorp): 0.003287
2026-01-19 22:08:41,565 | INFO | [Epoch 7] Train NRMSE: 0.012510, Val NRMSE: 0.051648
2026-01-19 22:11:04,425 | INFO | Val NRMSE (adv_beta0.4): 0.022578
2026-01-19 22:11:24,405 | INFO | Val NRMSE (burgers_nu0.001): 0.095087
2026-01-19 22:11:35,990 | INFO | Val NRMSE (diff_sorp): 0.003042
2026-01-19 22:11:35,991 | INFO | [Epoch 8] Train NRMSE: 0.014287, Val NRMSE: 0.047674
2026-01-19 22:13:55,655 | INFO | Val NRMSE (adv_beta0.4): 0.023576
2026-01-19 22:14:15,124 | INFO | Val NRMSE (burgers_nu0.001): 0.111053
2026-01-19 22:14:28,272 | INFO | Val NRMSE (diff_sorp): 0.002260
2026-01-19 22:14:28,272 | INFO | [Epoch 9] Train NRMSE: 0.012303, Val NRMSE: 0.054303
2026-01-19 22:16:45,218 | INFO | Val NRMSE (adv_beta0.4): 0.041809
2026-01-19 22:17:04,440 | INFO | Val NRMSE (burgers_nu0.001): 0.096150
2026-01-19 22:17:17,382 | INFO | Val NRMSE (diff_sorp): 0.002061
2026-01-19 22:17:17,382 | INFO | [Epoch 10] Train NRMSE: 0.012515, Val NRMSE: 0.055596
2026-01-19 22:19:37,712 | INFO | Val NRMSE (adv_beta0.4): 0.022714
2026-01-19 22:19:57,287 | INFO | Val NRMSE (burgers_nu0.001): 0.101740
2026-01-19 22:20:10,499 | INFO | Val NRMSE (diff_sorp): 0.002315
2026-01-19 22:20:10,499 | INFO | [Epoch 11] Train NRMSE: 0.011824, Val NRMSE: 0.050245
2026-01-19 22:22:31,061 | INFO | Val NRMSE (adv_beta0.4): 0.026704
2026-01-19 22:22:50,742 | INFO | Val NRMSE (burgers_nu0.001): 0.100901
2026-01-19 22:23:03,935 | INFO | Val NRMSE (diff_sorp): 0.005419
2026-01-19 22:23:03,936 | INFO | [Epoch 12] Train NRMSE: 0.011793, Val NRMSE: 0.052126
2026-01-19 22:25:22,194 | INFO | Val NRMSE (adv_beta0.4): 0.030775
2026-01-19 22:25:41,716 | INFO | Val NRMSE (burgers_nu0.001): 0.094330
2026-01-19 22:25:54,705 | INFO | Val NRMSE (diff_sorp): 0.002423
2026-01-19 22:25:54,706 | INFO | [Epoch 13] Train NRMSE: 0.011677, Val NRMSE: 0.050527
2026-01-19 22:28:13,755 | INFO | Val NRMSE (adv_beta0.4): 0.028805
2026-01-19 22:28:33,582 | INFO | Val NRMSE (burgers_nu0.001): 0.092657
2026-01-19 22:28:46,404 | INFO | Val NRMSE (diff_sorp): 0.002407
2026-01-19 22:28:46,404 | INFO | [Epoch 14] Train NRMSE: 0.010877, Val NRMSE: 0.049066
2026-01-19 22:31:06,381 | INFO | Val NRMSE (adv_beta0.4): 0.033286
2026-01-19 22:31:26,058 | INFO | Val NRMSE (burgers_nu0.001): 0.080631
2026-01-19 22:31:38,986 | INFO | Val NRMSE (diff_sorp): 0.002591
2026-01-19 22:31:38,986 | INFO | [Epoch 15] Train NRMSE: 0.011069, Val NRMSE: 0.046085
2026-01-19 22:33:59,109 | INFO | Val NRMSE (adv_beta0.4): 0.015070
2026-01-19 22:34:19,330 | INFO | Val NRMSE (burgers_nu0.001): 0.087600
2026-01-19 22:34:32,890 | INFO | Val NRMSE (diff_sorp): 0.002381
2026-01-19 22:34:32,890 | INFO | [Epoch 16] Train NRMSE: 0.010996, Val NRMSE: 0.041544
2026-01-19 22:36:55,146 | INFO | Val NRMSE (adv_beta0.4): 0.015571
2026-01-19 22:37:14,804 | INFO | Val NRMSE (burgers_nu0.001): 0.078201
2026-01-19 22:37:28,442 | INFO | Val NRMSE (diff_sorp): 0.002724
2026-01-19 22:37:28,442 | INFO | [Epoch 17] Train NRMSE: 0.010772, Val NRMSE: 0.038054
2026-01-19 22:39:51,018 | INFO | Val NRMSE (adv_beta0.4): 0.018166
2026-01-19 22:40:11,719 | INFO | Val NRMSE (burgers_nu0.001): 0.125341
2026-01-19 22:40:24,750 | INFO | Val NRMSE (diff_sorp): 0.002732
2026-01-19 22:40:24,750 | INFO | [Epoch 18] Train NRMSE: 0.010522, Val NRMSE: 0.057949
2026-01-19 22:42:45,847 | INFO | Val NRMSE (adv_beta0.4): 0.018507
2026-01-19 22:43:06,685 | INFO | Val NRMSE (burgers_nu0.001): 0.082761
2026-01-19 22:43:20,233 | INFO | Val NRMSE (diff_sorp): 0.002622
2026-01-19 22:43:20,233 | INFO | [Epoch 19] Train NRMSE: 0.010532, Val NRMSE: 0.041032
2026-01-19 22:45:38,291 | INFO | Val NRMSE (adv_beta0.4): 0.016025
2026-01-19 22:45:58,823 | INFO | Val NRMSE (burgers_nu0.001): 0.077891
2026-01-19 22:46:12,298 | INFO | Val NRMSE (diff_sorp): 0.002547
2026-01-19 22:46:12,300 | INFO | [Epoch 20] Train NRMSE: 0.010041, Val NRMSE: 0.038076
2026-01-19 22:48:32,637 | INFO | Val NRMSE (adv_beta0.4): 0.017780
2026-01-19 22:48:52,225 | INFO | Val NRMSE (burgers_nu0.001): 0.080254
2026-01-19 22:49:06,471 | INFO | Val NRMSE (diff_sorp): 0.002534
2026-01-19 22:49:06,471 | INFO | [Epoch 21] Train NRMSE: 0.010606, Val NRMSE: 0.039720
2026-01-19 22:51:27,147 | INFO | Val NRMSE (adv_beta0.4): 0.013776
2026-01-19 22:51:47,873 | INFO | Val NRMSE (burgers_nu0.001): 0.093643
2026-01-19 22:51:59,966 | INFO | Val NRMSE (diff_sorp): 0.002270
2026-01-19 22:51:59,967 | INFO | [Epoch 22] Train NRMSE: 0.009670, Val NRMSE: 0.043421
2026-01-19 22:54:18,607 | INFO | Val NRMSE (adv_beta0.4): 0.013859
2026-01-19 22:54:39,515 | INFO | Val NRMSE (burgers_nu0.001): 0.081710
2026-01-19 22:54:51,620 | INFO | Val NRMSE (diff_sorp): 0.003758
2026-01-19 22:54:51,622 | INFO | [Epoch 23] Train NRMSE: 0.009607, Val NRMSE: 0.038979
2026-01-19 22:57:06,817 | INFO | Val NRMSE (adv_beta0.4): 0.013358
2026-01-19 22:57:27,483 | INFO | Val NRMSE (burgers_nu0.001): 0.073196
2026-01-19 22:57:39,455 | INFO | Val NRMSE (diff_sorp): 0.002382
2026-01-19 22:57:39,455 | INFO | [Epoch 24] Train NRMSE: 0.009288, Val NRMSE: 0.035098
2026-01-19 22:59:54,358 | INFO | Val NRMSE (adv_beta0.4): 0.014155
2026-01-19 23:00:15,049 | INFO | Val NRMSE (burgers_nu0.001): 0.086337
2026-01-19 23:00:26,875 | INFO | Val NRMSE (diff_sorp): 0.001826
2026-01-19 23:00:26,875 | INFO | [Epoch 25] Train NRMSE: 0.009083, Val NRMSE: 0.040562
2026-01-19 23:02:44,488 | INFO | Val NRMSE (adv_beta0.4): 0.015081
2026-01-19 23:03:04,168 | INFO | Val NRMSE (burgers_nu0.001): 0.074474
2026-01-19 23:03:17,174 | INFO | Val NRMSE (diff_sorp): 0.002530
2026-01-19 23:03:17,174 | INFO | [Epoch 26] Train NRMSE: 0.008874, Val NRMSE: 0.036328
2026-01-19 23:05:34,867 | INFO | Val NRMSE (adv_beta0.4): 0.012235
2026-01-19 23:05:54,024 | INFO | Val NRMSE (burgers_nu0.001): 0.089311
2026-01-19 23:06:05,249 | INFO | Val NRMSE (diff_sorp): 0.002718
2026-01-19 23:06:05,249 | INFO | [Epoch 27] Train NRMSE: 0.009359, Val NRMSE: 0.041162
2026-01-19 23:08:26,107 | INFO | Val NRMSE (adv_beta0.4): 0.015675
2026-01-19 23:08:45,665 | INFO | Val NRMSE (burgers_nu0.001): 0.074812
2026-01-19 23:08:59,822 | INFO | Val NRMSE (diff_sorp): 0.004318
2026-01-19 23:08:59,823 | INFO | [Epoch 28] Train NRMSE: 0.009814, Val NRMSE: 0.037058
2026-01-19 23:11:28,606 | INFO | Val NRMSE (adv_beta0.4): 0.013702
2026-01-19 23:11:48,497 | INFO | Val NRMSE (burgers_nu0.001): 0.076224
2026-01-19 23:12:02,971 | INFO | Val NRMSE (diff_sorp): 0.003696
2026-01-19 23:12:02,971 | INFO | [Epoch 29] Train NRMSE: 0.010699, Val NRMSE: 0.036710
2026-01-19 23:14:33,491 | INFO | Val NRMSE (adv_beta0.4): 0.025255
2026-01-19 23:14:53,110 | INFO | Val NRMSE (burgers_nu0.001): 0.072055
2026-01-19 23:15:07,639 | INFO | Val NRMSE (diff_sorp): 0.002957
2026-01-19 23:15:07,639 | INFO | [Epoch 30] Train NRMSE: 0.010180, Val NRMSE: 0.039515
2026-01-19 23:17:39,353 | INFO | Val NRMSE (adv_beta0.4): 0.020128
2026-01-19 23:17:59,608 | INFO | Val NRMSE (burgers_nu0.001): 0.072330
2026-01-19 23:18:14,183 | INFO | Val NRMSE (diff_sorp): 0.003192
2026-01-19 23:18:14,183 | INFO | [Epoch 31] Train NRMSE: 0.010506, Val NRMSE: 0.037622
2026-01-19 23:20:47,575 | INFO | Val NRMSE (adv_beta0.4): 0.014287
2026-01-19 23:21:06,952 | INFO | Val NRMSE (burgers_nu0.001): 0.073051
2026-01-19 23:21:21,332 | INFO | Val NRMSE (diff_sorp): 0.002109
2026-01-19 23:21:21,332 | INFO | [Epoch 32] Train NRMSE: 0.009060, Val NRMSE: 0.035357
2026-01-19 23:23:54,985 | INFO | Val NRMSE (adv_beta0.4): 0.013855
2026-01-19 23:24:15,271 | INFO | Val NRMSE (burgers_nu0.001): 0.070676
2026-01-19 23:24:30,428 | INFO | Val NRMSE (diff_sorp): 0.004581
2026-01-19 23:24:30,429 | INFO | [Epoch 33] Train NRMSE: 0.009132, Val NRMSE: 0.034729
2026-01-19 23:27:05,179 | INFO | Val NRMSE (adv_beta0.4): 0.027301
2026-01-19 23:27:25,512 | INFO | Val NRMSE (burgers_nu0.001): 0.116609
2026-01-19 23:27:40,202 | INFO | Val NRMSE (diff_sorp): 0.002899
2026-01-19 23:27:40,203 | INFO | [Epoch 34] Train NRMSE: 0.008927, Val NRMSE: 0.058143
2026-01-19 23:30:11,251 | INFO | Val NRMSE (adv_beta0.4): 0.014564
2026-01-19 23:30:31,054 | INFO | Val NRMSE (burgers_nu0.001): 0.069168
2026-01-19 23:30:44,213 | INFO | Val NRMSE (diff_sorp): 0.002119
2026-01-19 23:30:44,213 | INFO | [Epoch 35] Train NRMSE: 0.008828, Val NRMSE: 0.033917
2026-01-19 23:33:08,868 | INFO | Val NRMSE (adv_beta0.4): 0.011839
2026-01-19 23:33:28,689 | INFO | Val NRMSE (burgers_nu0.001): 0.081371
2026-01-19 23:33:41,720 | INFO | Val NRMSE (diff_sorp): 0.001796
2026-01-19 23:33:41,720 | INFO | [Epoch 36] Train NRMSE: 0.008251, Val NRMSE: 0.037643
2026-01-19 23:36:07,362 | INFO | Val NRMSE (adv_beta0.4): 0.014041
2026-01-19 23:36:27,683 | INFO | Val NRMSE (burgers_nu0.001): 0.070752
2026-01-19 23:36:40,837 | INFO | Val NRMSE (diff_sorp): 0.001830
2026-01-19 23:36:40,837 | INFO | [Epoch 37] Train NRMSE: 0.008116, Val NRMSE: 0.034283
2026-01-19 23:39:08,235 | INFO | Val NRMSE (adv_beta0.4): 0.011039
2026-01-19 23:39:28,470 | INFO | Val NRMSE (burgers_nu0.001): 0.068309
2026-01-19 23:39:41,540 | INFO | Val NRMSE (diff_sorp): 0.001751
2026-01-19 23:39:41,540 | INFO | [Epoch 38] Train NRMSE: 0.008003, Val NRMSE: 0.032089
2026-01-19 23:42:10,022 | INFO | Val NRMSE (adv_beta0.4): 0.010831
2026-01-19 23:42:31,909 | INFO | Val NRMSE (burgers_nu0.001): 0.073849
2026-01-19 23:42:45,928 | INFO | Val NRMSE (diff_sorp): 0.002088
2026-01-19 23:42:45,928 | INFO | [Epoch 39] Train NRMSE: 0.007748, Val NRMSE: 0.034290
2026-01-19 23:45:16,065 | INFO | Val NRMSE (adv_beta0.4): 0.015876
2026-01-19 23:45:38,775 | INFO | Val NRMSE (burgers_nu0.001): 0.070794
2026-01-19 23:45:53,069 | INFO | Val NRMSE (diff_sorp): 0.002250
2026-01-19 23:45:53,069 | INFO | [Epoch 40] Train NRMSE: 0.008461, Val NRMSE: 0.035118
2026-01-19 23:48:23,170 | INFO | Val NRMSE (adv_beta0.4): 0.012519
2026-01-19 23:48:44,249 | INFO | Val NRMSE (burgers_nu0.001): 0.082536
2026-01-19 23:48:57,474 | INFO | Val NRMSE (diff_sorp): 0.002110
2026-01-19 23:48:57,475 | INFO | [Epoch 41] Train NRMSE: 0.007668, Val NRMSE: 0.038444
2026-01-19 23:51:23,253 | INFO | Val NRMSE (adv_beta0.4): 0.014843
2026-01-19 23:51:43,296 | INFO | Val NRMSE (burgers_nu0.001): 0.080339
2026-01-19 23:51:56,715 | INFO | Val NRMSE (diff_sorp): 0.002016
2026-01-19 23:51:56,715 | INFO | [Epoch 42] Train NRMSE: 0.008393, Val NRMSE: 0.038476
2026-01-19 23:54:27,908 | INFO | Val NRMSE (adv_beta0.4): 0.016093
2026-01-19 23:54:47,873 | INFO | Val NRMSE (burgers_nu0.001): 0.072057
2026-01-19 23:55:02,509 | INFO | Val NRMSE (diff_sorp): 0.002442
2026-01-19 23:55:02,509 | INFO | [Epoch 43] Train NRMSE: 0.008389, Val NRMSE: 0.035748
2026-01-19 23:57:36,501 | INFO | Val NRMSE (adv_beta0.4): 0.018413
2026-01-19 23:57:57,238 | INFO | Val NRMSE (burgers_nu0.001): 0.081691
2026-01-19 23:58:11,669 | INFO | Val NRMSE (diff_sorp): 0.002445
2026-01-19 23:58:11,669 | INFO | [Epoch 44] Train NRMSE: 0.008709, Val NRMSE: 0.040530
2026-01-20 00:00:43,125 | INFO | Val NRMSE (adv_beta0.4): 0.015093
2026-01-20 00:01:03,778 | INFO | Val NRMSE (burgers_nu0.001): 0.071415
2026-01-20 00:01:18,046 | INFO | Val NRMSE (diff_sorp): 0.001724
2026-01-20 00:01:18,046 | INFO | [Epoch 45] Train NRMSE: 0.007941, Val NRMSE: 0.034948
2026-01-20 00:03:44,749 | INFO | Val NRMSE (adv_beta0.4): 0.014730
2026-01-20 00:04:07,191 | INFO | Val NRMSE (burgers_nu0.001): 0.062911
2026-01-20 00:04:21,836 | INFO | Val NRMSE (diff_sorp): 0.001927
2026-01-20 00:04:21,836 | INFO | [Epoch 46] Train NRMSE: 0.008278, Val NRMSE: 0.031442
2026-01-20 00:06:53,302 | INFO | Val NRMSE (adv_beta0.4): 0.016323
2026-01-20 00:07:15,060 | INFO | Val NRMSE (burgers_nu0.001): 0.065823
2026-01-20 00:07:29,441 | INFO | Val NRMSE (diff_sorp): 0.002106
2026-01-20 00:07:29,441 | INFO | [Epoch 47] Train NRMSE: 0.009305, Val NRMSE: 0.033280
2026-01-20 00:10:02,036 | INFO | Val NRMSE (adv_beta0.4): 0.016373
2026-01-20 00:10:24,808 | INFO | Val NRMSE (burgers_nu0.001): 0.064477
2026-01-20 00:10:39,404 | INFO | Val NRMSE (diff_sorp): 0.002078
2026-01-20 00:10:39,405 | INFO | [Epoch 48] Train NRMSE: 0.008625, Val NRMSE: 0.032756
2026-01-20 00:13:12,360 | INFO | Val NRMSE (adv_beta0.4): 0.013569
2026-01-20 00:13:34,842 | INFO | Val NRMSE (burgers_nu0.001): 0.063218
2026-01-20 00:13:49,313 | INFO | Val NRMSE (diff_sorp): 0.002656
2026-01-20 00:13:49,314 | INFO | [Epoch 49] Train NRMSE: 0.007460, Val NRMSE: 0.031246
2026-01-20 00:16:21,439 | INFO | Val NRMSE (adv_beta0.4): 0.016986
2026-01-20 00:16:42,598 | INFO | Val NRMSE (burgers_nu0.001): 0.078393
2026-01-20 00:16:57,472 | INFO | Val NRMSE (diff_sorp): 0.002068
2026-01-20 00:16:57,472 | INFO | [Epoch 50] Train NRMSE: 0.009000, Val NRMSE: 0.038565
2026-01-20 00:19:28,572 | INFO | Val NRMSE (adv_beta0.4): 0.018394
2026-01-20 00:19:49,986 | INFO | Val NRMSE (burgers_nu0.001): 0.079336
2026-01-20 00:20:04,471 | INFO | Val NRMSE (diff_sorp): 0.002264
2026-01-20 00:20:04,471 | INFO | [Epoch 51] Train NRMSE: 0.008147, Val NRMSE: 0.039545
2026-01-20 00:22:36,353 | INFO | Val NRMSE (adv_beta0.4): 0.019011
2026-01-20 00:22:58,102 | INFO | Val NRMSE (burgers_nu0.001): 0.069549
2026-01-20 00:23:12,556 | INFO | Val NRMSE (diff_sorp): 0.002419
2026-01-20 00:23:12,557 | INFO | [Epoch 52] Train NRMSE: 0.008340, Val NRMSE: 0.035908
2026-01-20 00:25:45,130 | INFO | Val NRMSE (adv_beta0.4): 0.012372
2026-01-20 00:26:08,185 | INFO | Val NRMSE (burgers_nu0.001): 0.067014
2026-01-20 00:26:22,987 | INFO | Val NRMSE (diff_sorp): 0.002471
2026-01-20 00:26:22,987 | INFO | [Epoch 53] Train NRMSE: 0.008297, Val NRMSE: 0.032249
2026-01-20 00:28:56,438 | INFO | Val NRMSE (adv_beta0.4): 0.011487
2026-01-20 00:29:17,539 | INFO | Val NRMSE (burgers_nu0.001): 0.062516
2026-01-20 00:29:32,122 | INFO | Val NRMSE (diff_sorp): 0.002080
2026-01-20 00:29:32,122 | INFO | [Epoch 54] Train NRMSE: 0.008519, Val NRMSE: 0.030017
2026-01-20 00:32:08,464 | INFO | Val NRMSE (adv_beta0.4): 0.016260
2026-01-20 00:32:29,697 | INFO | Val NRMSE (burgers_nu0.001): 0.065002
2026-01-20 00:32:43,885 | INFO | Val NRMSE (diff_sorp): 0.001812
2026-01-20 00:32:43,885 | INFO | [Epoch 55] Train NRMSE: 0.008184, Val NRMSE: 0.032867
2026-01-20 00:35:18,843 | INFO | Val NRMSE (adv_beta0.4): 0.014544
2026-01-20 00:35:41,319 | INFO | Val NRMSE (burgers_nu0.001): 0.068369
2026-01-20 00:35:55,551 | INFO | Val NRMSE (diff_sorp): 0.001955
2026-01-20 00:35:55,551 | INFO | [Epoch 56] Train NRMSE: 0.007626, Val NRMSE: 0.033556
2026-01-20 00:38:29,719 | INFO | Val NRMSE (adv_beta0.4): 0.012213
2026-01-20 00:38:52,128 | INFO | Val NRMSE (burgers_nu0.001): 0.068313
2026-01-20 00:39:06,447 | INFO | Val NRMSE (diff_sorp): 0.002263
2026-01-20 00:39:06,448 | INFO | [Epoch 57] Train NRMSE: 0.007828, Val NRMSE: 0.032663
2026-01-20 00:41:40,630 | INFO | Val NRMSE (adv_beta0.4): 0.013797
2026-01-20 00:42:03,092 | INFO | Val NRMSE (burgers_nu0.001): 0.074798
2026-01-20 00:42:17,839 | INFO | Val NRMSE (diff_sorp): 0.001758
2026-01-20 00:42:17,839 | INFO | [Epoch 58] Train NRMSE: 0.008257, Val NRMSE: 0.035790
2026-01-20 00:44:53,802 | INFO | Val NRMSE (adv_beta0.4): 0.014637
2026-01-20 00:45:16,053 | INFO | Val NRMSE (burgers_nu0.001): 0.066838
2026-01-20 00:45:30,413 | INFO | Val NRMSE (diff_sorp): 0.001860
2026-01-20 00:45:30,414 | INFO | [Epoch 59] Train NRMSE: 0.009046, Val NRMSE: 0.032962
2026-01-20 00:48:06,463 | INFO | Val NRMSE (adv_beta0.4): 0.017535
2026-01-20 00:48:28,370 | INFO | Val NRMSE (burgers_nu0.001): 0.070589
2026-01-20 00:48:42,706 | INFO | Val NRMSE (diff_sorp): 0.001903
2026-01-20 00:48:42,707 | INFO | [Epoch 60] Train NRMSE: 0.008738, Val NRMSE: 0.035630
2026-01-20 00:51:18,952 | INFO | Val NRMSE (adv_beta0.4): 0.017643
2026-01-20 00:51:40,907 | INFO | Val NRMSE (burgers_nu0.001): 0.080459
2026-01-20 00:51:55,259 | INFO | Val NRMSE (diff_sorp): 0.004302
2026-01-20 00:51:55,259 | INFO | [Epoch 61] Train NRMSE: 0.007786, Val NRMSE: 0.040101
2026-01-20 00:54:29,794 | INFO | Val NRMSE (adv_beta0.4): 0.013005
2026-01-20 00:54:51,649 | INFO | Val NRMSE (burgers_nu0.001): 0.088529
2026-01-20 00:55:06,169 | INFO | Val NRMSE (diff_sorp): 0.002370
2026-01-20 00:55:06,169 | INFO | [Epoch 62] Train NRMSE: 0.007824, Val NRMSE: 0.041087
2026-01-20 00:57:41,701 | INFO | Val NRMSE (adv_beta0.4): 0.019571
2026-01-20 00:58:03,480 | INFO | Val NRMSE (burgers_nu0.001): 0.060950
2026-01-20 00:58:18,103 | INFO | Val NRMSE (diff_sorp): 0.002309
2026-01-20 00:58:18,103 | INFO | [Epoch 63] Train NRMSE: 0.008579, Val NRMSE: 0.032671
2026-01-20 01:00:53,926 | INFO | Val NRMSE (adv_beta0.4): 0.012613
2026-01-20 01:01:15,954 | INFO | Val NRMSE (burgers_nu0.001): 0.067021
2026-01-20 01:01:30,028 | INFO | Val NRMSE (diff_sorp): 0.001698
2026-01-20 01:01:30,029 | INFO | [Epoch 64] Train NRMSE: 0.007552, Val NRMSE: 0.032193
2026-01-20 01:04:04,560 | INFO | Val NRMSE (adv_beta0.4): 0.011658
2026-01-20 01:04:25,919 | INFO | Val NRMSE (burgers_nu0.001): 0.067337
2026-01-20 01:04:40,399 | INFO | Val NRMSE (diff_sorp): 0.001684
2026-01-20 01:04:40,399 | INFO | [Epoch 65] Train NRMSE: 0.007767, Val NRMSE: 0.031935
2026-01-20 01:07:16,883 | INFO | Val NRMSE (adv_beta0.4): 0.015343
2026-01-20 01:07:37,499 | INFO | Val NRMSE (burgers_nu0.001): 0.060652
2026-01-20 01:07:51,742 | INFO | Val NRMSE (diff_sorp): 0.003452
2026-01-20 01:07:51,742 | INFO | [Epoch 66] Train NRMSE: 0.007584, Val NRMSE: 0.031089
2026-01-20 01:10:27,293 | INFO | Val NRMSE (adv_beta0.4): 0.014138
2026-01-20 01:10:48,400 | INFO | Val NRMSE (burgers_nu0.001): 0.067349
2026-01-20 01:11:02,979 | INFO | Val NRMSE (diff_sorp): 0.001594
2026-01-20 01:11:02,979 | INFO | [Epoch 67] Train NRMSE: 0.007579, Val NRMSE: 0.032914
2026-01-20 01:13:42,472 | INFO | Val NRMSE (adv_beta0.4): 0.015952
2026-01-20 01:14:04,605 | INFO | Val NRMSE (burgers_nu0.001): 0.067151
2026-01-20 01:14:19,093 | INFO | Val NRMSE (diff_sorp): 0.002677
2026-01-20 01:14:19,094 | INFO | [Epoch 68] Train NRMSE: 0.007238, Val NRMSE: 0.033776
2026-01-20 01:16:59,705 | INFO | Val NRMSE (adv_beta0.4): 0.012714
2026-01-20 01:17:20,529 | INFO | Val NRMSE (burgers_nu0.001): 0.076851
2026-01-20 01:17:34,891 | INFO | Val NRMSE (diff_sorp): 0.001850
2026-01-20 01:17:34,891 | INFO | [Epoch 69] Train NRMSE: 0.007619, Val NRMSE: 0.036196
2026-01-20 01:20:13,942 | INFO | Val NRMSE (adv_beta0.4): 0.011056
2026-01-20 01:20:35,529 | INFO | Val NRMSE (burgers_nu0.001): 0.069274
2026-01-20 01:20:49,957 | INFO | Val NRMSE (diff_sorp): 0.001921
2026-01-20 01:20:49,957 | INFO | [Epoch 70] Train NRMSE: 0.007988, Val NRMSE: 0.032516
2026-01-20 01:23:29,387 | INFO | Val NRMSE (adv_beta0.4): 0.012145
2026-01-20 01:23:51,383 | INFO | Val NRMSE (burgers_nu0.001): 0.067300
2026-01-20 01:24:05,714 | INFO | Val NRMSE (diff_sorp): 0.001651
2026-01-20 01:24:05,715 | INFO | [Epoch 71] Train NRMSE: 0.007715, Val NRMSE: 0.032108
2026-01-20 01:26:43,558 | INFO | Val NRMSE (adv_beta0.4): 0.012559
2026-01-20 01:27:05,293 | INFO | Val NRMSE (burgers_nu0.001): 0.061064
2026-01-20 01:27:20,371 | INFO | Val NRMSE (diff_sorp): 0.002109
2026-01-20 01:27:20,373 | INFO | [Epoch 72] Train NRMSE: 0.007513, Val NRMSE: 0.029871
2026-01-20 01:29:57,593 | INFO | Val NRMSE (adv_beta0.4): 0.014066
2026-01-20 01:30:19,003 | INFO | Val NRMSE (burgers_nu0.001): 0.067207
2026-01-20 01:30:33,347 | INFO | Val NRMSE (diff_sorp): 0.002200
2026-01-20 01:30:33,348 | INFO | [Epoch 73] Train NRMSE: 0.007980, Val NRMSE: 0.032949
2026-01-20 01:33:09,836 | INFO | Val NRMSE (adv_beta0.4): 0.014969
2026-01-20 01:33:31,111 | INFO | Val NRMSE (burgers_nu0.001): 0.072349
2026-01-20 01:33:45,311 | INFO | Val NRMSE (diff_sorp): 0.002061
2026-01-20 01:33:45,311 | INFO | [Epoch 74] Train NRMSE: 0.007484, Val NRMSE: 0.035339
2026-01-20 01:36:22,768 | INFO | Val NRMSE (adv_beta0.4): 0.012381
2026-01-20 01:36:43,804 | INFO | Val NRMSE (burgers_nu0.001): 0.061981
2026-01-20 01:36:57,989 | INFO | Val NRMSE (diff_sorp): 0.001843
2026-01-20 01:36:57,990 | INFO | [Epoch 75] Train NRMSE: 0.007759, Val NRMSE: 0.030114
2026-01-20 01:39:35,293 | INFO | Val NRMSE (adv_beta0.4): 0.034972
2026-01-20 01:39:56,159 | INFO | Val NRMSE (burgers_nu0.001): 0.058904
2026-01-20 01:40:10,439 | INFO | Val NRMSE (diff_sorp): 0.002021
2026-01-20 01:40:10,439 | INFO | [Epoch 76] Train NRMSE: 0.007892, Val NRMSE: 0.037955
2026-01-20 01:42:49,407 | INFO | Val NRMSE (adv_beta0.4): 0.011340
2026-01-20 01:43:10,626 | INFO | Val NRMSE (burgers_nu0.001): 0.090904
2026-01-20 01:43:24,974 | INFO | Val NRMSE (diff_sorp): 0.001814
2026-01-20 01:43:24,974 | INFO | [Epoch 77] Train NRMSE: 0.007170, Val NRMSE: 0.041261
2026-01-20 01:46:04,009 | INFO | Val NRMSE (adv_beta0.4): 0.011514
2026-01-20 01:46:25,425 | INFO | Val NRMSE (burgers_nu0.001): 0.061197
2026-01-20 01:46:40,054 | INFO | Val NRMSE (diff_sorp): 0.001928
2026-01-20 01:46:40,055 | INFO | [Epoch 78] Train NRMSE: 0.007590, Val NRMSE: 0.029470
2026-01-20 01:49:19,350 | INFO | Val NRMSE (adv_beta0.4): 0.015103
2026-01-20 01:49:40,420 | INFO | Val NRMSE (burgers_nu0.001): 0.065629
2026-01-20 01:49:54,612 | INFO | Val NRMSE (diff_sorp): 0.001970
2026-01-20 01:49:54,612 | INFO | [Epoch 79] Train NRMSE: 0.007505, Val NRMSE: 0.032687
2026-01-20 01:52:30,673 | INFO | Val NRMSE (adv_beta0.4): 0.015738
2026-01-20 01:52:51,616 | INFO | Val NRMSE (burgers_nu0.001): 0.058449
2026-01-20 01:53:05,841 | INFO | Val NRMSE (diff_sorp): 0.002023
2026-01-20 01:53:05,841 | INFO | [Epoch 80] Train NRMSE: 0.008257, Val NRMSE: 0.030079
2026-01-20 01:55:44,464 | INFO | Val NRMSE (adv_beta0.4): 0.018108
2026-01-20 01:56:06,087 | INFO | Val NRMSE (burgers_nu0.001): 0.076833
2026-01-20 01:56:20,976 | INFO | Val NRMSE (diff_sorp): 0.001625
2026-01-20 01:56:20,976 | INFO | [Epoch 81] Train NRMSE: 0.007275, Val NRMSE: 0.038301
2026-01-20 01:58:57,092 | INFO | Val NRMSE (adv_beta0.4): 0.013210
2026-01-20 01:59:17,985 | INFO | Val NRMSE (burgers_nu0.001): 0.101860
2026-01-20 01:59:32,124 | INFO | Val NRMSE (diff_sorp): 0.001938
2026-01-20 01:59:32,124 | INFO | [Epoch 82] Train NRMSE: 0.007238, Val NRMSE: 0.046416
2026-01-20 02:02:07,628 | INFO | Val NRMSE (adv_beta0.4): 0.011905
2026-01-20 02:02:28,188 | INFO | Val NRMSE (burgers_nu0.001): 0.070329
2026-01-20 02:02:42,442 | INFO | Val NRMSE (diff_sorp): 0.003108
2026-01-20 02:02:42,442 | INFO | [Epoch 83] Train NRMSE: 0.007807, Val NRMSE: 0.033515
2026-01-20 02:05:20,540 | INFO | Val NRMSE (adv_beta0.4): 0.015074
2026-01-20 02:05:41,823 | INFO | Val NRMSE (burgers_nu0.001): 0.075066
2026-01-20 02:05:56,161 | INFO | Val NRMSE (diff_sorp): 0.002447
2026-01-20 02:05:56,162 | INFO | [Epoch 84] Train NRMSE: 0.007348, Val NRMSE: 0.036545
2026-01-20 02:08:34,651 | INFO | Val NRMSE (adv_beta0.4): 0.012739
2026-01-20 02:08:55,098 | INFO | Val NRMSE (burgers_nu0.001): 0.069994
2026-01-20 02:09:09,407 | INFO | Val NRMSE (diff_sorp): 0.001817
2026-01-20 02:09:09,407 | INFO | [Epoch 85] Train NRMSE: 0.007195, Val NRMSE: 0.033457
2026-01-20 02:11:45,470 | INFO | Val NRMSE (adv_beta0.4): 0.016116
2026-01-20 02:12:06,370 | INFO | Val NRMSE (burgers_nu0.001): 0.059073
2026-01-20 02:12:20,704 | INFO | Val NRMSE (diff_sorp): 0.002094
2026-01-20 02:12:20,705 | INFO | [Epoch 86] Train NRMSE: 0.008028, Val NRMSE: 0.030495
2026-01-20 02:14:57,784 | INFO | Val NRMSE (adv_beta0.4): 0.014975
2026-01-20 02:15:19,615 | INFO | Val NRMSE (burgers_nu0.001): 0.061178
2026-01-20 02:15:33,099 | INFO | Val NRMSE (diff_sorp): 0.002137
2026-01-20 02:15:33,099 | INFO | [Epoch 87] Train NRMSE: 0.008061, Val NRMSE: 0.030889
2026-01-20 02:18:11,014 | INFO | Val NRMSE (adv_beta0.4): 0.012431
2026-01-20 02:18:31,716 | INFO | Val NRMSE (burgers_nu0.001): 0.079863
2026-01-20 02:18:46,303 | INFO | Val NRMSE (diff_sorp): 0.002119
2026-01-20 02:18:46,304 | INFO | [Epoch 88] Train NRMSE: 0.006993, Val NRMSE: 0.037342
2026-01-20 02:21:22,929 | INFO | Val NRMSE (adv_beta0.4): 0.016011
2026-01-20 02:21:43,540 | INFO | Val NRMSE (burgers_nu0.001): 0.085399
2026-01-20 02:21:58,441 | INFO | Val NRMSE (diff_sorp): 0.002632
2026-01-20 02:21:58,441 | INFO | [Epoch 89] Train NRMSE: 0.007269, Val NRMSE: 0.041090
2026-01-20 02:24:37,362 | INFO | Val NRMSE (adv_beta0.4): 0.021761
2026-01-20 02:24:58,241 | INFO | Val NRMSE (burgers_nu0.001): 0.073976
2026-01-20 02:25:12,660 | INFO | Val NRMSE (diff_sorp): 0.001711
2026-01-20 02:25:12,660 | INFO | [Epoch 90] Train NRMSE: 0.007599, Val NRMSE: 0.038637
2026-01-20 02:27:50,566 | INFO | Val NRMSE (adv_beta0.4): 0.013370
2026-01-20 02:28:11,643 | INFO | Val NRMSE (burgers_nu0.001): 0.063481
2026-01-20 02:28:26,151 | INFO | Val NRMSE (diff_sorp): 0.001851
2026-01-20 02:28:26,151 | INFO | [Epoch 91] Train NRMSE: 0.007978, Val NRMSE: 0.031111
2026-01-20 02:31:04,528 | INFO | Val NRMSE (adv_beta0.4): 0.023200
2026-01-20 02:31:25,366 | INFO | Val NRMSE (burgers_nu0.001): 0.059017
2026-01-20 02:31:39,678 | INFO | Val NRMSE (diff_sorp): 0.003147
2026-01-20 02:31:39,679 | INFO | [Epoch 92] Train NRMSE: 0.007333, Val NRMSE: 0.033516
2026-01-20 02:34:21,692 | INFO | Val NRMSE (adv_beta0.4): 0.043907
2026-01-20 02:34:43,574 | INFO | Val NRMSE (burgers_nu0.001): 0.056625
2026-01-20 02:34:58,750 | INFO | Val NRMSE (diff_sorp): 0.001929
2026-01-20 02:34:58,750 | INFO | [Epoch 93] Train NRMSE: 0.007563, Val NRMSE: 0.040599
2026-01-20 02:37:37,536 | INFO | Val NRMSE (adv_beta0.4): 0.011751
2026-01-20 02:37:59,634 | INFO | Val NRMSE (burgers_nu0.001): 0.070195
2026-01-20 02:38:14,589 | INFO | Val NRMSE (diff_sorp): 0.001799
2026-01-20 02:38:14,590 | INFO | [Epoch 94] Train NRMSE: 0.007895, Val NRMSE: 0.033138
2026-01-20 02:40:52,543 | INFO | Val NRMSE (adv_beta0.4): 0.014050
2026-01-20 02:41:13,760 | INFO | Val NRMSE (burgers_nu0.001): 0.060191
2026-01-20 02:41:27,999 | INFO | Val NRMSE (diff_sorp): 0.001617
2026-01-20 02:41:27,999 | INFO | [Epoch 95] Train NRMSE: 0.007672, Val NRMSE: 0.030020
2026-01-20 02:44:04,447 | INFO | Val NRMSE (adv_beta0.4): 0.013975
2026-01-20 02:44:25,767 | INFO | Val NRMSE (burgers_nu0.001): 0.078857
2026-01-20 02:44:40,215 | INFO | Val NRMSE (diff_sorp): 0.002024
2026-01-20 02:44:40,216 | INFO | [Epoch 96] Train NRMSE: 0.007279, Val NRMSE: 0.037537
2026-01-20 02:47:16,862 | INFO | Val NRMSE (adv_beta0.4): 0.012540
2026-01-20 02:47:37,798 | INFO | Val NRMSE (burgers_nu0.001): 0.071614
2026-01-20 02:47:52,180 | INFO | Val NRMSE (diff_sorp): 0.001705
2026-01-20 02:47:52,181 | INFO | [Epoch 97] Train NRMSE: 0.007675, Val NRMSE: 0.034003
2026-01-20 02:50:29,271 | INFO | Val NRMSE (adv_beta0.4): 0.010996
2026-01-20 02:50:50,340 | INFO | Val NRMSE (burgers_nu0.001): 0.059132
2026-01-20 02:51:04,739 | INFO | Val NRMSE (diff_sorp): 0.002116
2026-01-20 02:51:04,739 | INFO | [Epoch 98] Train NRMSE: 0.007242, Val NRMSE: 0.028474
2026-01-20 02:53:41,291 | INFO | Val NRMSE (adv_beta0.4): 0.013561
2026-01-20 02:54:02,370 | INFO | Val NRMSE (burgers_nu0.001): 0.067936
2026-01-20 02:54:16,803 | INFO | Val NRMSE (diff_sorp): 0.002354
2026-01-20 02:54:16,803 | INFO | [Epoch 99] Train NRMSE: 0.007782, Val NRMSE: 0.033070
2026-01-20 02:56:52,847 | INFO | Val NRMSE (adv_beta0.4): 0.014193
2026-01-20 02:57:13,835 | INFO | Val NRMSE (burgers_nu0.001): 0.064772
2026-01-20 02:57:28,514 | INFO | Val NRMSE (diff_sorp): 0.001854
2026-01-20 02:57:28,514 | INFO | [Epoch 100] Train NRMSE: 0.006706, Val NRMSE: 0.031957
2026-01-20 02:57:30,243 | INFO | Primitive training complete. Model saved to: outputs/primitive_20260119_214351/primitive_model.pt
2026-01-20 02:57:50,695 | INFO | Log file: /home/lgz/workspace/MVP/outputs/primitive_20260119_214351/run.log
2026-01-20 02:59:40,138 | INFO | [ID] One-step NRMSE avg: 0.027632
2026-01-20 02:59:40,139 | INFO | [ID] One-step NRMSE adv_beta0.4: 0.010781
2026-01-20 02:59:40,139 | INFO | [ID] One-step NRMSE burgers_nu0.001: 0.057242
2026-01-20 02:59:40,139 | INFO | [ID] One-step NRMSE diff_sorp: 0.002115
2026-01-20 02:59:40,139 | INFO | [ID] Rollout NRMSE@20 avg: 0.108540
2026-01-20 02:59:40,140 | INFO | [ID] Rollout NRMSE@20 adv_beta0.4: 0.102891
2026-01-20 02:59:40,140 | INFO | [ID] Rollout NRMSE@20 burgers_nu0.001: 0.206329
2026-01-20 02:59:40,140 | INFO | [ID] Rollout NRMSE@20 diff_sorp: 0.016400
2026-01-20 03:00:59,518 | INFO | [OOD_PARAM] One-step NRMSE avg: 0.367564
2026-01-20 03:00:59,518 | INFO | [OOD_PARAM] One-step NRMSE adv_beta1.0: 0.445080
2026-01-20 03:00:59,518 | INFO | [OOD_PARAM] One-step NRMSE burgers_nu1: 0.290047
2026-01-20 03:00:59,518 | INFO | [OOD_PARAM] Rollout NRMSE@20 avg: 0.761085
2026-01-20 03:00:59,518 | INFO | [OOD_PARAM] Rollout NRMSE@20 adv_beta1.0: 1.220268
2026-01-20 03:00:59,519 | INFO | [OOD_PARAM] Rollout NRMSE@20 burgers_nu1: 0.301903
2026-01-20 03:02:40,294 | INFO | [OOD_EQUATION] One-step NRMSE avg: 1.069820
2026-01-20 03:02:40,294 | INFO | [OOD_EQUATION] One-step NRMSE reacdiff_rho1: 1.852961
2026-01-20 03:02:40,294 | INFO | [OOD_EQUATION] One-step NRMSE reacdiff_rho5: 0.591105
2026-01-20 03:02:40,294 | INFO | [OOD_EQUATION] One-step NRMSE reacdiff_rho10: 0.765395
2026-01-20 03:02:40,295 | INFO | [OOD_EQUATION] Rollout NRMSE@20 avg: 4.858460
2026-01-20 03:02:40,295 | INFO | [OOD_EQUATION] Rollout NRMSE@20 reacdiff_rho1: 1.150930
2026-01-20 03:02:40,295 | INFO | [OOD_EQUATION] Rollout NRMSE@20 reacdiff_rho5: 5.316033
2026-01-20 03:02:40,295 | INFO | [OOD_EQUATION] Rollout NRMSE@20 reacdiff_rho10: 8.108418
2026-01-20 03:02:40,530 | INFO | Evaluation complete. Plots in /home/lgz/workspace/MVP/outputs/primitive_20260119_214351/plots/eval
