2026-01-27 15:06:01,831 | INFO | Log file: outputs/primitive_20260127_150601/run.log
2026-01-27 15:06:05,878 | INFO | Dataset[0] adv_beta0.4 params=[0.4000000059604645, 0.0, 0.0] train_pairs=160000 val_pairs=20000 test_pairs=20000 weight=1.0
2026-01-27 15:06:05,878 | INFO | Dataset[1] burgers_nu0.001 params=[0.0, 0.0010000000474974513, 0.0] train_pairs=160000 val_pairs=20000 test_pairs=20000 weight=1.0
2026-01-27 15:06:05,878 | INFO | Dataset[2] diff_sorp params=[0.0, 0.0, 0.0] train_pairs=80000 val_pairs=10000 test_pairs=10000 weight=1.0
2026-01-27 15:07:56,974 | INFO | Val NRMSE (adv_beta0.4): 0.068002
2026-01-27 15:08:13,023 | INFO | Val NRMSE (burgers_nu0.001): 0.098122
2026-01-27 15:08:21,195 | INFO | Val NRMSE (diff_sorp): 0.016264
2026-01-27 15:08:21,196 | INFO | [Epoch 1] Train NRMSE: 0.107248, Val NRMSE: 0.069685, time: 130.6s
2026-01-27 15:10:00,831 | INFO | Val NRMSE (adv_beta0.4): 0.033728
2026-01-27 15:10:16,120 | INFO | Val NRMSE (burgers_nu0.001): 0.081777
2026-01-27 15:10:24,024 | INFO | Val NRMSE (diff_sorp): 0.021550
2026-01-27 15:10:24,024 | INFO | [Epoch 2] Train NRMSE: 0.057331, Val NRMSE: 0.050502, time: 122.8s
2026-01-27 15:12:04,096 | INFO | Val NRMSE (adv_beta0.4): 0.032655
2026-01-27 15:12:19,565 | INFO | Val NRMSE (burgers_nu0.001): 0.101905
2026-01-27 15:12:27,236 | INFO | Val NRMSE (diff_sorp): 0.020316
2026-01-27 15:12:27,236 | INFO | [Epoch 3] Train NRMSE: 0.044206, Val NRMSE: 0.057875, time: 123.2s
2026-01-27 15:14:08,582 | INFO | Val NRMSE (adv_beta0.4): 0.030097
2026-01-27 15:14:24,152 | INFO | Val NRMSE (burgers_nu0.001): 0.067423
2026-01-27 15:14:32,018 | INFO | Val NRMSE (diff_sorp): 0.006072
2026-01-27 15:14:32,018 | INFO | [Epoch 4] Train NRMSE: 0.048458, Val NRMSE: 0.040212, time: 124.8s
2026-01-27 15:16:11,449 | INFO | Val NRMSE (adv_beta0.4): 0.025771
2026-01-27 15:16:26,886 | INFO | Val NRMSE (burgers_nu0.001): 0.066203
2026-01-27 15:16:34,805 | INFO | Val NRMSE (diff_sorp): 0.005170
2026-01-27 15:16:34,805 | INFO | [Epoch 5] Train NRMSE: 0.038666, Val NRMSE: 0.037813, time: 122.8s
2026-01-27 15:17:57,324 | INFO | Val NRMSE (adv_beta0.4): 0.025652
2026-01-27 15:18:10,077 | INFO | Val NRMSE (burgers_nu0.001): 0.069920
2026-01-27 15:18:17,942 | INFO | Val NRMSE (diff_sorp): 0.007018
2026-01-27 15:18:17,942 | INFO | [Epoch 6] Train NRMSE: 0.044037, Val NRMSE: 0.039622, time: 103.1s
2026-01-27 15:19:38,593 | INFO | Val NRMSE (adv_beta0.4): 0.021016
2026-01-27 15:19:51,119 | INFO | Val NRMSE (burgers_nu0.001): 0.068482
2026-01-27 15:19:58,889 | INFO | Val NRMSE (diff_sorp): 0.006839
2026-01-27 15:19:58,889 | INFO | [Epoch 7] Train NRMSE: 0.035165, Val NRMSE: 0.037157, time: 100.9s
2026-01-27 15:21:19,928 | INFO | Val NRMSE (adv_beta0.4): 0.024133
2026-01-27 15:21:32,474 | INFO | Val NRMSE (burgers_nu0.001): 0.060338
2026-01-27 15:21:40,143 | INFO | Val NRMSE (diff_sorp): 0.004546
2026-01-27 15:21:40,144 | INFO | [Epoch 8] Train NRMSE: 0.032809, Val NRMSE: 0.034688, time: 101.0s
2026-01-27 15:23:01,166 | INFO | Val NRMSE (adv_beta0.4): 0.018427
2026-01-27 15:23:15,468 | INFO | Val NRMSE (burgers_nu0.001): 0.099098
2026-01-27 15:23:23,266 | INFO | Val NRMSE (diff_sorp): 0.009225
2026-01-27 15:23:23,267 | INFO | [Epoch 9] Train NRMSE: 0.038057, Val NRMSE: 0.048843, time: 103.1s
2026-01-27 15:24:47,589 | INFO | Val NRMSE (adv_beta0.4): 0.020990
2026-01-27 15:25:00,414 | INFO | Val NRMSE (burgers_nu0.001): 0.082540
2026-01-27 15:25:08,311 | INFO | Val NRMSE (diff_sorp): 0.004931
2026-01-27 15:25:08,311 | INFO | [Epoch 10] Train NRMSE: 0.033962, Val NRMSE: 0.042386, time: 105.0s
2026-01-27 15:26:31,641 | INFO | Val NRMSE (adv_beta0.4): 0.016642
2026-01-27 15:26:44,780 | INFO | Val NRMSE (burgers_nu0.001): 0.062364
2026-01-27 15:26:52,690 | INFO | Val NRMSE (diff_sorp): 0.004488
2026-01-27 15:26:52,690 | INFO | [Epoch 11] Train NRMSE: 0.032520, Val NRMSE: 0.032491, time: 104.4s
2026-01-27 15:28:16,855 | INFO | Val NRMSE (adv_beta0.4): 0.016667
2026-01-27 15:28:30,242 | INFO | Val NRMSE (burgers_nu0.001): 0.065644
2026-01-27 15:28:38,065 | INFO | Val NRMSE (diff_sorp): 0.005985
2026-01-27 15:28:38,066 | INFO | [Epoch 12] Train NRMSE: 0.029846, Val NRMSE: 0.034113, time: 105.3s
2026-01-27 15:30:04,123 | INFO | Val NRMSE (adv_beta0.4): 0.016422
2026-01-27 15:30:18,181 | INFO | Val NRMSE (burgers_nu0.001): 0.075976
2026-01-27 15:30:25,873 | INFO | Val NRMSE (diff_sorp): 0.003837
2026-01-27 15:30:25,873 | INFO | [Epoch 13] Train NRMSE: 0.031923, Val NRMSE: 0.037716, time: 107.8s
2026-01-27 15:31:49,898 | INFO | Val NRMSE (adv_beta0.4): 0.019683
2026-01-27 15:32:03,771 | INFO | Val NRMSE (burgers_nu0.001): 0.060827
2026-01-27 15:32:11,725 | INFO | Val NRMSE (diff_sorp): 0.002934
2026-01-27 15:32:11,726 | INFO | [Epoch 14] Train NRMSE: 0.029121, Val NRMSE: 0.032781, time: 105.9s
2026-01-27 15:33:35,052 | INFO | Val NRMSE (adv_beta0.4): 0.014981
2026-01-27 15:33:49,378 | INFO | Val NRMSE (burgers_nu0.001): 0.067152
2026-01-27 15:33:57,033 | INFO | Val NRMSE (diff_sorp): 0.004121
2026-01-27 15:33:57,033 | INFO | [Epoch 15] Train NRMSE: 0.029696, Val NRMSE: 0.033668, time: 105.3s
2026-01-27 15:35:22,710 | INFO | Val NRMSE (adv_beta0.4): 0.021329
2026-01-27 15:35:35,747 | INFO | Val NRMSE (burgers_nu0.001): 0.059599
2026-01-27 15:35:43,479 | INFO | Val NRMSE (diff_sorp): 0.003900
2026-01-27 15:35:43,480 | INFO | [Epoch 16] Train NRMSE: 0.029529, Val NRMSE: 0.033142, time: 106.4s
2026-01-27 15:37:10,274 | INFO | Val NRMSE (adv_beta0.4): 0.021335
2026-01-27 15:37:24,102 | INFO | Val NRMSE (burgers_nu0.001): 0.058054
2026-01-27 15:37:32,191 | INFO | Val NRMSE (diff_sorp): 0.016999
2026-01-27 15:37:32,191 | INFO | [Epoch 17] Train NRMSE: 0.027896, Val NRMSE: 0.035150, time: 108.7s
2026-01-27 15:39:03,230 | INFO | Val NRMSE (adv_beta0.4): 0.016527
2026-01-27 15:39:17,490 | INFO | Val NRMSE (burgers_nu0.001): 0.070060
2026-01-27 15:39:25,307 | INFO | Val NRMSE (diff_sorp): 0.003070
2026-01-27 15:39:25,307 | INFO | [Epoch 18] Train NRMSE: 0.032355, Val NRMSE: 0.035238, time: 113.1s
2026-01-27 15:40:53,427 | INFO | Val NRMSE (adv_beta0.4): 0.012621
2026-01-27 15:41:07,758 | INFO | Val NRMSE (burgers_nu0.001): 0.068954
2026-01-27 15:41:15,678 | INFO | Val NRMSE (diff_sorp): 0.003966
2026-01-27 15:41:15,678 | INFO | [Epoch 19] Train NRMSE: 0.031360, Val NRMSE: 0.033414, time: 110.4s
2026-01-27 15:42:44,986 | INFO | Val NRMSE (adv_beta0.4): 0.014465
2026-01-27 15:42:59,129 | INFO | Val NRMSE (burgers_nu0.001): 0.061509
2026-01-27 15:43:06,970 | INFO | Val NRMSE (diff_sorp): 0.002939
2026-01-27 15:43:06,971 | INFO | [Epoch 20] Train NRMSE: 0.028191, Val NRMSE: 0.030968, time: 111.3s
2026-01-27 15:44:33,212 | INFO | Val NRMSE (adv_beta0.4): 0.014516
2026-01-27 15:44:47,229 | INFO | Val NRMSE (burgers_nu0.001): 0.073569
2026-01-27 15:44:55,478 | INFO | Val NRMSE (diff_sorp): 0.003515
2026-01-27 15:44:55,478 | INFO | [Epoch 21] Train NRMSE: 0.026674, Val NRMSE: 0.035926, time: 108.5s
2026-01-27 15:46:19,148 | INFO | Val NRMSE (adv_beta0.4): 0.012671
2026-01-27 15:46:32,532 | INFO | Val NRMSE (burgers_nu0.001): 0.055667
2026-01-27 15:46:39,677 | INFO | Val NRMSE (diff_sorp): 0.008896
2026-01-27 15:46:39,678 | INFO | [Epoch 22] Train NRMSE: 0.028700, Val NRMSE: 0.029108, time: 104.2s
2026-01-27 15:48:02,732 | INFO | Val NRMSE (adv_beta0.4): 0.012696
2026-01-27 15:48:16,767 | INFO | Val NRMSE (burgers_nu0.001): 0.061730
2026-01-27 15:48:23,864 | INFO | Val NRMSE (diff_sorp): 0.003310
2026-01-27 15:48:23,864 | INFO | [Epoch 23] Train NRMSE: 0.026789, Val NRMSE: 0.030423, time: 104.2s
2026-01-27 15:49:50,299 | INFO | Val NRMSE (adv_beta0.4): 0.012175
2026-01-27 15:50:03,950 | INFO | Val NRMSE (burgers_nu0.001): 0.054855
2026-01-27 15:50:11,081 | INFO | Val NRMSE (diff_sorp): 0.003552
2026-01-27 15:50:11,081 | INFO | [Epoch 24] Train NRMSE: 0.030053, Val NRMSE: 0.027515, time: 107.2s
2026-01-27 15:51:36,590 | INFO | Val NRMSE (adv_beta0.4): 0.012134
2026-01-27 15:51:51,667 | INFO | Val NRMSE (burgers_nu0.001): 0.065134
2026-01-27 15:51:58,765 | INFO | Val NRMSE (diff_sorp): 0.004846
2026-01-27 15:51:58,765 | INFO | [Epoch 25] Train NRMSE: 0.026446, Val NRMSE: 0.031868, time: 107.7s
2026-01-27 15:53:23,892 | INFO | Val NRMSE (adv_beta0.4): 0.024992
2026-01-27 15:53:38,233 | INFO | Val NRMSE (burgers_nu0.001): 0.062046
2026-01-27 15:53:45,182 | INFO | Val NRMSE (diff_sorp): 0.007456
2026-01-27 15:53:45,182 | INFO | [Epoch 26] Train NRMSE: 0.025112, Val NRMSE: 0.036297, time: 106.4s
2026-01-27 15:55:07,293 | INFO | Val NRMSE (adv_beta0.4): 0.011543
2026-01-27 15:55:20,390 | INFO | Val NRMSE (burgers_nu0.001): 0.054802
2026-01-27 15:55:27,987 | INFO | Val NRMSE (diff_sorp): 0.003608
2026-01-27 15:55:27,987 | INFO | [Epoch 27] Train NRMSE: 0.025956, Val NRMSE: 0.027252, time: 102.8s
2026-01-27 15:56:49,395 | INFO | Val NRMSE (adv_beta0.4): 0.018130
2026-01-27 15:57:01,996 | INFO | Val NRMSE (burgers_nu0.001): 0.057081
2026-01-27 15:57:09,713 | INFO | Val NRMSE (diff_sorp): 0.002548
2026-01-27 15:57:09,713 | INFO | [Epoch 28] Train NRMSE: 0.025193, Val NRMSE: 0.030585, time: 101.7s
2026-01-27 15:58:30,411 | INFO | Val NRMSE (adv_beta0.4): 0.012873
2026-01-27 15:58:43,786 | INFO | Val NRMSE (burgers_nu0.001): 0.057052
2026-01-27 15:58:50,791 | INFO | Val NRMSE (diff_sorp): 0.002990
2026-01-27 15:58:50,791 | INFO | [Epoch 29] Train NRMSE: 0.028990, Val NRMSE: 0.028560, time: 101.1s
2026-01-27 16:00:09,918 | INFO | Val NRMSE (adv_beta0.4): 0.011848
2026-01-27 16:00:23,321 | INFO | Val NRMSE (burgers_nu0.001): 0.061530
2026-01-27 16:00:30,299 | INFO | Val NRMSE (diff_sorp): 0.006549
2026-01-27 16:00:30,300 | INFO | [Epoch 30] Train NRMSE: 0.024076, Val NRMSE: 0.030653, time: 99.5s
2026-01-27 16:01:49,109 | INFO | Val NRMSE (adv_beta0.4): 0.011747
2026-01-27 16:02:01,899 | INFO | Val NRMSE (burgers_nu0.001): 0.053899
2026-01-27 16:02:08,841 | INFO | Val NRMSE (diff_sorp): 0.003671
2026-01-27 16:02:08,842 | INFO | [Epoch 31] Train NRMSE: 0.024691, Val NRMSE: 0.026985, time: 98.5s
2026-01-27 16:03:27,726 | INFO | Val NRMSE (adv_beta0.4): 0.010612
2026-01-27 16:03:40,444 | INFO | Val NRMSE (burgers_nu0.001): 0.049962
2026-01-27 16:03:47,554 | INFO | Val NRMSE (diff_sorp): 0.002479
2026-01-27 16:03:47,554 | INFO | [Epoch 32] Train NRMSE: 0.023882, Val NRMSE: 0.024718, time: 98.7s
2026-01-27 16:05:05,485 | INFO | Val NRMSE (adv_beta0.4): 0.010984
2026-01-27 16:05:18,058 | INFO | Val NRMSE (burgers_nu0.001): 0.051507
2026-01-27 16:05:24,811 | INFO | Val NRMSE (diff_sorp): 0.002974
2026-01-27 16:05:24,811 | INFO | [Epoch 33] Train NRMSE: 0.022449, Val NRMSE: 0.025584, time: 97.2s
2026-01-27 16:06:42,854 | INFO | Val NRMSE (adv_beta0.4): 0.014041
2026-01-27 16:06:55,580 | INFO | Val NRMSE (burgers_nu0.001): 0.052341
2026-01-27 16:07:02,713 | INFO | Val NRMSE (diff_sorp): 0.003494
2026-01-27 16:07:02,714 | INFO | [Epoch 34] Train NRMSE: 0.022403, Val NRMSE: 0.027244, time: 97.9s
2026-01-27 16:08:21,357 | INFO | Val NRMSE (adv_beta0.4): 0.012934
2026-01-27 16:08:34,288 | INFO | Val NRMSE (burgers_nu0.001): 0.056535
2026-01-27 16:08:41,707 | INFO | Val NRMSE (diff_sorp): 0.003111
2026-01-27 16:08:41,708 | INFO | [Epoch 35] Train NRMSE: 0.022954, Val NRMSE: 0.028402, time: 99.0s
2026-01-27 16:10:00,939 | INFO | Val NRMSE (adv_beta0.4): 0.010118
2026-01-27 16:10:13,698 | INFO | Val NRMSE (burgers_nu0.001): 0.057032
2026-01-27 16:10:21,474 | INFO | Val NRMSE (diff_sorp): 0.004421
2026-01-27 16:10:21,475 | INFO | [Epoch 36] Train NRMSE: 0.022345, Val NRMSE: 0.027737, time: 99.8s
2026-01-27 16:11:39,830 | INFO | Val NRMSE (adv_beta0.4): 0.010826
2026-01-27 16:11:52,178 | INFO | Val NRMSE (burgers_nu0.001): 0.051782
2026-01-27 16:11:59,709 | INFO | Val NRMSE (diff_sorp): 0.002694
2026-01-27 16:11:59,710 | INFO | [Epoch 37] Train NRMSE: 0.022892, Val NRMSE: 0.025575, time: 98.2s
2026-01-27 16:13:20,250 | INFO | Val NRMSE (adv_beta0.4): 0.012830
2026-01-27 16:13:32,780 | INFO | Val NRMSE (burgers_nu0.001): 0.054383
2026-01-27 16:13:39,715 | INFO | Val NRMSE (diff_sorp): 0.004035
2026-01-27 16:13:39,715 | INFO | [Epoch 38] Train NRMSE: 0.027345, Val NRMSE: 0.027685, time: 100.0s
2026-01-27 16:14:56,020 | INFO | Val NRMSE (adv_beta0.4): 0.014413
2026-01-27 16:15:08,465 | INFO | Val NRMSE (burgers_nu0.001): 0.057138
2026-01-27 16:15:15,450 | INFO | Val NRMSE (diff_sorp): 0.008057
2026-01-27 16:15:15,450 | INFO | [Epoch 39] Train NRMSE: 0.023944, Val NRMSE: 0.030224, time: 95.7s
2026-01-27 16:16:33,629 | INFO | Val NRMSE (adv_beta0.4): 0.012572
2026-01-27 16:16:46,440 | INFO | Val NRMSE (burgers_nu0.001): 0.052595
2026-01-27 16:16:53,614 | INFO | Val NRMSE (diff_sorp): 0.003715
2026-01-27 16:16:53,615 | INFO | [Epoch 40] Train NRMSE: 0.023734, Val NRMSE: 0.026802, time: 98.2s
2026-01-27 16:18:13,104 | INFO | Val NRMSE (adv_beta0.4): 0.024511
2026-01-27 16:18:25,721 | INFO | Val NRMSE (burgers_nu0.001): 0.052279
2026-01-27 16:18:33,541 | INFO | Val NRMSE (diff_sorp): 0.027444
2026-01-27 16:18:33,541 | INFO | [Epoch 41] Train NRMSE: 0.045433, Val NRMSE: 0.036202, time: 99.9s
2026-01-27 16:19:54,650 | INFO | Val NRMSE (adv_beta0.4): 0.018602
2026-01-27 16:20:07,450 | INFO | Val NRMSE (burgers_nu0.001): 0.054223
2026-01-27 16:20:15,019 | INFO | Val NRMSE (diff_sorp): 0.015487
2026-01-27 16:20:15,019 | INFO | [Epoch 42] Train NRMSE: 0.032662, Val NRMSE: 0.032222, time: 101.5s
2026-01-27 16:21:35,087 | INFO | Val NRMSE (adv_beta0.4): 0.017338
2026-01-27 16:21:47,713 | INFO | Val NRMSE (burgers_nu0.001): 0.054172
2026-01-27 16:21:55,410 | INFO | Val NRMSE (diff_sorp): 0.012176
2026-01-27 16:21:55,410 | INFO | [Epoch 43] Train NRMSE: 0.029016, Val NRMSE: 0.031033, time: 100.4s
2026-01-27 16:23:15,487 | INFO | Val NRMSE (adv_beta0.4): 0.022854
2026-01-27 16:23:28,068 | INFO | Val NRMSE (burgers_nu0.001): 0.054602
2026-01-27 16:23:35,662 | INFO | Val NRMSE (diff_sorp): 0.020360
2026-01-27 16:23:35,663 | INFO | [Epoch 44] Train NRMSE: 0.027770, Val NRMSE: 0.035050, time: 100.3s
2026-01-27 16:24:54,389 | INFO | Val NRMSE (adv_beta0.4): 0.025557
2026-01-27 16:25:06,610 | INFO | Val NRMSE (burgers_nu0.001): 0.055865
2026-01-27 16:25:14,002 | INFO | Val NRMSE (diff_sorp): 0.013054
2026-01-27 16:25:14,002 | INFO | [Epoch 45] Train NRMSE: 0.025899, Val NRMSE: 0.035172, time: 98.3s
2026-01-27 16:26:35,146 | INFO | Val NRMSE (adv_beta0.4): 0.019092
2026-01-27 16:26:47,852 | INFO | Val NRMSE (burgers_nu0.001): 0.049273
2026-01-27 16:26:56,368 | INFO | Val NRMSE (diff_sorp): 0.009874
2026-01-27 16:26:56,368 | INFO | [Epoch 46] Train NRMSE: 0.025949, Val NRMSE: 0.029314, time: 102.4s
2026-01-27 16:28:16,043 | INFO | Val NRMSE (adv_beta0.4): 0.029529
2026-01-27 16:28:28,483 | INFO | Val NRMSE (burgers_nu0.001): 0.051689
2026-01-27 16:28:36,438 | INFO | Val NRMSE (diff_sorp): 0.007622
2026-01-27 16:28:36,438 | INFO | [Epoch 47] Train NRMSE: 0.027110, Val NRMSE: 0.034003, time: 100.1s
2026-01-27 16:29:59,772 | INFO | Val NRMSE (adv_beta0.4): 0.030688
2026-01-27 16:30:13,331 | INFO | Val NRMSE (burgers_nu0.001): 0.050982
2026-01-27 16:30:21,055 | INFO | Val NRMSE (diff_sorp): 0.004531
2026-01-27 16:30:21,055 | INFO | [Epoch 48] Train NRMSE: 0.027170, Val NRMSE: 0.033565, time: 104.6s
2026-01-27 16:31:45,461 | INFO | Val NRMSE (adv_beta0.4): 0.027482
2026-01-27 16:31:58,930 | INFO | Val NRMSE (burgers_nu0.001): 0.050825
2026-01-27 16:32:06,447 | INFO | Val NRMSE (diff_sorp): 0.004476
2026-01-27 16:32:06,447 | INFO | [Epoch 49] Train NRMSE: 0.028800, Val NRMSE: 0.032209, time: 105.4s
2026-01-27 16:33:30,679 | INFO | Val NRMSE (adv_beta0.4): 0.019198
2026-01-27 16:33:44,437 | INFO | Val NRMSE (burgers_nu0.001): 0.047131
2026-01-27 16:33:52,034 | INFO | Val NRMSE (diff_sorp): 0.005966
2026-01-27 16:33:52,034 | INFO | [Epoch 50] Train NRMSE: 0.026071, Val NRMSE: 0.027718, time: 105.6s
2026-01-27 16:33:53,251 | INFO | Primitive training complete. Model saved to: outputs/primitive_20260127_150601/primitive_model.pt
2026-01-27 16:33:59,308 | INFO | Log file: /home/lgz/workspace/MVP/outputs/primitive_20260127_150601/run.log
2026-01-27 16:34:52,224 | INFO | [ID] One-step NRMSE avg: 0.024696
2026-01-27 16:34:52,224 | INFO | [ID] One-step NRMSE adv_beta0.4: 0.011057
2026-01-27 16:34:52,224 | INFO | [ID] One-step NRMSE burgers_nu0.001: 0.049449
2026-01-27 16:34:52,224 | INFO | [ID] One-step NRMSE diff_sorp: 0.002506
2026-01-27 16:34:52,224 | INFO | [ID] Rollout NRMSE@20 avg: 0.081824
2026-01-27 16:34:52,224 | INFO | [ID] Rollout NRMSE@20 adv_beta0.4: 0.062999
2026-01-27 16:34:52,224 | INFO | [ID] Rollout NRMSE@20 burgers_nu0.001: 0.168464
2026-01-27 16:34:52,225 | INFO | [ID] Rollout NRMSE@20 diff_sorp: 0.014009
2026-01-27 16:35:27,008 | INFO | [OOD_PARAM] One-step NRMSE avg: 0.317839
2026-01-27 16:35:27,009 | INFO | [OOD_PARAM] One-step NRMSE adv_beta1.0: 0.406106
2026-01-27 16:35:27,009 | INFO | [OOD_PARAM] One-step NRMSE burgers_nu1: 0.229572
2026-01-27 16:35:27,009 | INFO | [OOD_PARAM] Rollout NRMSE@20 avg: 0.313575
2026-01-27 16:35:27,009 | INFO | [OOD_PARAM] Rollout NRMSE@20 adv_beta1.0: 0.440921
2026-01-27 16:35:27,009 | INFO | [OOD_PARAM] Rollout NRMSE@20 burgers_nu1: 0.186229
2026-01-27 16:36:01,512 | INFO | [OOD_EQUATION] One-step NRMSE avg: 1.005622
2026-01-27 16:36:01,512 | INFO | [OOD_EQUATION] One-step NRMSE reacdiff_rho1: 1.909669
2026-01-27 16:36:01,513 | INFO | [OOD_EQUATION] One-step NRMSE reacdiff_rho5: 0.466353
2026-01-27 16:36:01,513 | INFO | [OOD_EQUATION] One-step NRMSE reacdiff_rho10: 0.640842
2026-01-27 16:36:01,513 | INFO | [OOD_EQUATION] Rollout NRMSE@20 avg: 5.640714
2026-01-27 16:36:01,513 | INFO | [OOD_EQUATION] Rollout NRMSE@20 reacdiff_rho1: 9.873865
2026-01-27 16:36:01,514 | INFO | [OOD_EQUATION] Rollout NRMSE@20 reacdiff_rho5: 2.690305
2026-01-27 16:36:01,514 | INFO | [OOD_EQUATION] Rollout NRMSE@20 reacdiff_rho10: 4.357972
2026-01-27 16:36:01,764 | INFO | Evaluation complete. Plots in /home/lgz/workspace/MVP/outputs/primitive_20260127_150601/plots/eval
